[2026-02-25 12:31:57] === CellChat Analysis (Proper Aggregation Method) === 
[2026-02-25 12:31:57] Run: run1 
[2026-02-25 12:31:57] Loading Seurat object from: /data/user3/sobj/stroke_hc_v8_2/5_2_is_g3_v2.qs 
[2026-02-25 12:32:15] Output directory: /data/user3/sobj/stroke_hc_v8_2/cci_v2/cellchat/L2_g3_anno2 
[2026-02-25 12:32:15] split.by: patient_name (32 samples) 
[2026-02-25 12:32:15] aggregate.by: g3 
[2026-02-25 12:32:15] Conditions: 2, 1 
[2026-02-25 12:32:15] This is the PROPER method (like pseudobulk DEG analysis) 
[2026-02-25 12:32:15] Analyzing 32 samples independently... 
[2026-02-25 12:32:15] 
[1/32] Processing: 13097877 
[2026-02-25 12:32:16]   Cells: 1310 
[2026-02-25 12:32:16]   Creating CellChat object... 
[2026-02-25 12:32:16]     DB: Secreted Signaling 
[2026-02-25 12:32:16]     Parallel: multicore with 4 workers (Cells: 1310) 
[2026-02-25 12:32:19]   Computing probabilities... 
[2026-02-25 12:34:13]   Computing pathways... 
[2026-02-25 12:34:14] 
[2/32] Processing: 20260851 
[2026-02-25 12:34:15]   Cells: 1350 
[2026-02-25 12:34:15]   Creating CellChat object... 
[2026-02-25 12:34:15]     DB: Secreted Signaling 
[2026-02-25 12:34:15]     Parallel: multicore with 4 workers (Cells: 1350) 
[2026-02-25 12:34:18]   Computing probabilities... 
[2026-02-25 12:35:22]   Computing pathways... 
[2026-02-25 12:35:23] 
[3/32] Processing: 38860238 
[2026-02-25 12:35:24]   Cells: 1227 
[2026-02-25 12:35:24]   Creating CellChat object... 
[2026-02-25 12:35:24]     DB: Secreted Signaling 
[2026-02-25 12:35:24]     Parallel: multicore with 4 workers (Cells: 1227) 
[2026-02-25 12:35:26]   Computing probabilities... 
[2026-02-25 12:36:29]   Computing pathways... 
[2026-02-25 12:36:29] 
[4/32] Processing: 37574673 
[2026-02-25 12:36:31]   Cells: 3700 
[2026-02-25 12:36:31]   Creating CellChat object... 
[2026-02-25 12:36:31]     DB: Secreted Signaling 
[2026-02-25 12:36:31]     Parallel: multicore with 4 workers (Cells: 3700) 
[2026-02-25 12:36:34]   Computing probabilities... 
[2026-02-25 12:37:42]   Computing pathways... 
[2026-02-25 12:37:43] 
[5/32] Processing: 32702202 
[2026-02-25 12:37:45]   Cells: 6990 
[2026-02-25 12:37:45]   Creating CellChat object... 
[2026-02-25 12:37:46]     DB: Secreted Signaling 
[2026-02-25 12:37:46]     Parallel: multicore with 4 workers (Cells: 6990) 
[2026-02-25 12:37:49]   Computing probabilities... 
[2026-02-25 12:39:05]   Computing pathways... 
[2026-02-25 12:39:07] 
[6/32] Processing: 37534226 
[2026-02-25 12:39:08]   Cells: 3590 
[2026-02-25 12:39:08]   Creating CellChat object... 
[2026-02-25 12:39:08]     DB: Secreted Signaling 
[2026-02-25 12:39:08]     Parallel: multicore with 4 workers (Cells: 3590) 
[2026-02-25 12:39:12]   Computing probabilities... 
[2026-02-25 12:40:21]   Computing pathways... 
[2026-02-25 12:40:22] 
[7/32] Processing: 37776657 
[2026-02-25 12:40:23]   Cells: 1056 
[2026-02-25 12:40:23]   Creating CellChat object... 
[2026-02-25 12:40:23]     DB: Secreted Signaling 
[2026-02-25 12:40:23]     Parallel: multicore with 4 workers (Cells: 1056) 
[2026-02-25 12:40:26]   Computing probabilities... 
[2026-02-25 12:41:31]   Computing pathways... 
[2026-02-25 12:41:31] 
[8/32] Processing: 37701615 
[2026-02-25 12:41:32]   Cells: 1033 
[2026-02-25 12:41:32]   Creating CellChat object... 
[2026-02-25 12:41:32]     DB: Secreted Signaling 
[2026-02-25 12:41:32]     Parallel: multicore with 4 workers (Cells: 1033) 
[2026-02-25 12:41:35]   Computing probabilities... 
[2026-02-25 12:42:41]   Computing pathways... 
[2026-02-25 12:42:41] 
[9/32] Processing: 35192859 
[2026-02-25 12:42:42]   Cells: 1227 
[2026-02-25 12:42:42]   Creating CellChat object... 
[2026-02-25 12:42:42]     DB: Secreted Signaling 
[2026-02-25 12:42:42]     Parallel: multicore with 4 workers (Cells: 1227) 
[2026-02-25 12:42:45]   Computing probabilities... 
[2026-02-25 12:43:49]   Computing pathways... 
[2026-02-25 12:43:50] 
[10/32] Processing: 37815141 
[2026-02-25 12:43:51]   Cells: 891 
[2026-02-25 12:43:51]   Creating CellChat object... 
[2026-02-25 12:43:51]     DB: Secreted Signaling 
[2026-02-25 12:43:51]     Parallel: OFF (Too few cells: 891) 
[2026-02-25 12:43:51]   Computing probabilities... 
[2026-02-25 12:44:23]   Computing pathways... 
[2026-02-25 12:44:23] 
[11/32] Processing: 30922512 
[2026-02-25 12:44:24]   Cells: 1072 
[2026-02-25 12:44:24]   Creating CellChat object... 
[2026-02-25 12:44:24]     DB: Secreted Signaling 
[2026-02-25 12:44:24]     Parallel: multicore with 4 workers (Cells: 1072) 
[2026-02-25 12:44:27]   Computing probabilities... 
[2026-02-25 12:45:30]   Computing pathways... 
[2026-02-25 12:45:30] 
[12/32] Processing: 38763490 
[2026-02-25 12:45:31]   Cells: 1843 
[2026-02-25 12:45:31]   Creating CellChat object... 
[2026-02-25 12:45:31]     DB: Secreted Signaling 
[2026-02-25 12:45:31]     Parallel: multicore with 4 workers (Cells: 1843) 
[2026-02-25 12:45:34]   Computing probabilities... 
[2026-02-25 12:48:19]   Computing pathways... 
[2026-02-25 12:48:19] 
[13/32] Processing: 25510753 
[2026-02-25 12:48:20]   Cells: 1398 
[2026-02-25 12:48:20]   Creating CellChat object... 
[2026-02-25 12:48:20]     DB: Secreted Signaling 
[2026-02-25 12:48:20]     Parallel: multicore with 4 workers (Cells: 1398) 
[2026-02-25 12:48:23]   Computing probabilities... 
[2026-02-25 12:49:55]   Computing pathways... 
[2026-02-25 12:49:55] 
[14/32] Processing: 38865442 
[2026-02-25 12:49:56]   Cells: 967 
[2026-02-25 12:49:56]   Creating CellChat object... 
[2026-02-25 12:49:56]     DB: Secreted Signaling 
[2026-02-25 12:49:56]     Parallel: OFF (Too few cells: 967) 
[2026-02-25 12:49:56]   Computing probabilities... 
[2026-02-25 12:50:33]   Computing pathways... 
[2026-02-25 12:50:33] 
[15/32] Processing: 35969251 
[2026-02-25 12:50:34]   Cells: 1201 
[2026-02-25 12:50:34]   Creating CellChat object... 
[2026-02-25 12:50:34]     DB: Secreted Signaling 
[2026-02-25 12:50:34]     Parallel: multicore with 4 workers (Cells: 1201) 
[2026-02-25 12:50:37]   Computing probabilities... 
[2026-02-25 12:51:44]   Computing pathways... 
[2026-02-25 12:51:44] 
[16/32] Processing: 38282636 
[2026-02-25 12:51:45]   Cells: 836 
[2026-02-25 12:51:45]   Creating CellChat object... 
[2026-02-25 12:51:45]     DB: Secreted Signaling 
[2026-02-25 12:51:45]     Parallel: OFF (Too few cells: 836) 
[2026-02-25 12:51:45]   Computing probabilities... 
[2026-02-25 12:52:23]   Computing pathways... 
[2026-02-25 12:52:23] 
[17/32] Processing: 33020073 
[2026-02-25 12:52:24]   Cells: 1342 
[2026-02-25 12:52:24]   Creating CellChat object... 
[2026-02-25 12:52:24]     DB: Secreted Signaling 
[2026-02-25 12:52:24]     Parallel: multicore with 4 workers (Cells: 1342) 
[2026-02-25 12:52:27]   Computing probabilities... 
[2026-02-25 12:53:32]   Computing pathways... 
[2026-02-25 12:53:32] 
[18/32] Processing: 38327414 
[2026-02-25 12:53:33]   Cells: 1290 
[2026-02-25 12:53:33]   Creating CellChat object... 
[2026-02-25 12:53:33]     DB: Secreted Signaling 
[2026-02-25 12:53:33]     Parallel: multicore with 4 workers (Cells: 1290) 
[2026-02-25 12:53:36]   Computing probabilities... 
[2026-02-25 12:54:43]   Computing pathways... 
[2026-02-25 12:54:43] 
[19/32] Processing: 38153567 
[2026-02-25 12:54:44]   Cells: 1392 
[2026-02-25 12:54:44]   Creating CellChat object... 
[2026-02-25 12:54:44]     DB: Secreted Signaling 
[2026-02-25 12:54:44]     Parallel: multicore with 4 workers (Cells: 1392) 
[2026-02-25 12:54:47]   Computing probabilities... 
[2026-02-25 12:55:54]   Computing pathways... 
[2026-02-25 12:55:54] 
[20/32] Processing: 38098095 
[2026-02-25 12:55:55]   Cells: 1610 
[2026-02-25 12:55:55]   Creating CellChat object... 
[2026-02-25 12:55:55]     DB: Secreted Signaling 
[2026-02-25 12:55:55]     Parallel: multicore with 4 workers (Cells: 1610) 
[2026-02-25 12:55:58]   Computing probabilities... 
[2026-02-25 12:57:02]   Computing pathways... 
[2026-02-25 12:57:03] 
[21/32] Processing: 10956946 
[2026-02-25 12:57:04]   Cells: 1263 
[2026-02-25 12:57:04]   Creating CellChat object... 
[2026-02-25 12:57:04]     DB: Secreted Signaling 
[2026-02-25 12:57:04]     Parallel: multicore with 4 workers (Cells: 1263) 
[2026-02-25 12:57:06]   Computing probabilities... 
[2026-02-25 12:58:36]   Computing pathways... 
[2026-02-25 12:58:36] 
[22/32] Processing: 38865194 
[2026-02-25 12:58:37]   Cells: 1173 
[2026-02-25 12:58:37]   Creating CellChat object... 
[2026-02-25 12:58:37]     DB: Secreted Signaling 
[2026-02-25 12:58:37]     Parallel: multicore with 4 workers (Cells: 1173) 
[2026-02-25 12:58:40]   Computing probabilities... 
[2026-02-25 13:00:38]   Computing pathways... 
[2026-02-25 13:00:38] 
[23/32] Processing: 38368105 
[2026-02-25 13:00:39]   Cells: 1521 
[2026-02-25 13:00:39]   Creating CellChat object... 
[2026-02-25 13:00:39]     DB: Secreted Signaling 
[2026-02-25 13:00:39]     Parallel: multicore with 4 workers (Cells: 1521) 
[2026-02-25 13:00:42]   Computing probabilities... 
[2026-02-25 13:01:49]   Computing pathways... 
[2026-02-25 13:01:49] 
[24/32] Processing: 13762164 
[2026-02-25 13:01:50]   Cells: 1494 
[2026-02-25 13:01:50]   Creating CellChat object... 
[2026-02-25 13:01:50]     DB: Secreted Signaling 
[2026-02-25 13:01:50]     Parallel: multicore with 4 workers (Cells: 1494) 
[2026-02-25 13:01:53]   Computing probabilities... 
[2026-02-25 13:03:00]   Computing pathways... 
[2026-02-25 13:03:00] 
[25/32] Processing: 13854645 
[2026-02-25 13:03:01]   Cells: 1571 
[2026-02-25 13:03:01]   Creating CellChat object... 
[2026-02-25 13:03:01]     DB: Secreted Signaling 
[2026-02-25 13:03:01]     Parallel: multicore with 4 workers (Cells: 1571) 
[2026-02-25 13:03:04]   Computing probabilities... 
[2026-02-25 13:05:00]   Computing pathways... 
[2026-02-25 13:05:01] 
[26/32] Processing: 38962949 
[2026-02-25 13:05:02]   Cells: 1410 
[2026-02-25 13:05:02]   Creating CellChat object... 
[2026-02-25 13:05:02]     DB: Secreted Signaling 
[2026-02-25 13:05:02]     Parallel: multicore with 4 workers (Cells: 1410) 
[2026-02-25 13:05:05]   Computing probabilities... 
[2026-02-25 13:06:09]   Computing pathways... 
[2026-02-25 13:06:10] 
[27/32] Processing: 38956526 
[2026-02-25 13:06:11]   Cells: 1578 
[2026-02-25 13:06:11]   Creating CellChat object... 
[2026-02-25 13:06:11]     DB: Secreted Signaling 
[2026-02-25 13:06:11]     Parallel: multicore with 4 workers (Cells: 1578) 
[2026-02-25 13:06:14]   Computing probabilities... 
[2026-02-25 13:07:23]   Computing pathways... 
[2026-02-25 13:07:23] 
[28/32] Processing: 38011461 
[2026-02-25 13:07:24]   Cells: 1501 
[2026-02-25 13:07:24]   Creating CellChat object... 
[2026-02-25 13:07:24]     DB: Secreted Signaling 
[2026-02-25 13:07:24]     Parallel: multicore with 4 workers (Cells: 1501) 
[2026-02-25 13:07:27]   Computing probabilities... 
[2026-02-25 13:09:02]   Computing pathways... 
[2026-02-25 13:09:02] 
[29/32] Processing: 38944213 
[2026-02-25 13:09:03]   Cells: 1190 
[2026-02-25 13:09:03]   Creating CellChat object... 
[2026-02-25 13:09:03]     DB: Secreted Signaling 
[2026-02-25 13:09:03]     Parallel: multicore with 4 workers (Cells: 1190) 
[2026-02-25 13:09:06]   Computing probabilities... 
[2026-02-25 13:10:13]   Computing pathways... 
[2026-02-25 13:10:14] 
[30/32] Processing: 38942387 
[2026-02-25 13:10:15]   Cells: 1711 
[2026-02-25 13:10:15]   Creating CellChat object... 
[2026-02-25 13:10:15]     DB: Secreted Signaling 
[2026-02-25 13:10:15]     Parallel: multicore with 4 workers (Cells: 1711) 
[2026-02-25 13:10:18]   Computing probabilities... 
[2026-02-25 13:14:06]   Computing pathways... 
[2026-02-25 13:14:06] 
[31/32] Processing: 38787667 
[2026-02-25 13:14:07]   Cells: 1154 
[2026-02-25 13:14:07]   Creating CellChat object... 
[2026-02-25 13:14:07]     DB: Secreted Signaling 
[2026-02-25 13:14:07]     Parallel: multicore with 4 workers (Cells: 1154) 
[2026-02-25 13:14:10]   Computing probabilities... 
[2026-02-25 13:15:16]   Computing pathways... 
[2026-02-25 13:15:17] 
[32/32] Processing: 37136879 
[2026-02-25 13:15:18]   Cells: 3111 
[2026-02-25 13:15:18]   Creating CellChat object... 
[2026-02-25 13:15:18]     DB: Secreted Signaling 
[2026-02-25 13:15:18]     Parallel: multicore with 4 workers (Cells: 3111) 
[2026-02-25 13:15:21]   Computing probabilities... 
[2026-02-25 13:16:55]   Computing pathways... 
[2026-02-25 13:16:55] 
Completed 32/32 samples 
[2026-02-25 13:16:55] 
=== Aggregating by condition (mergeCellChat) === 
[2026-02-25 13:16:55]   2: Merging 21 samples 
[2026-02-25 13:17:01]     Saved: /data/user3/sobj/stroke_hc_v8_2/cci_v2/cellchat/L2_g3_anno2/merged/X2/cellchat_merged.qs 
[2026-02-25 13:17:01]   1: Merging 11 samples 
[2026-02-25 13:17:02]     Saved: /data/user3/sobj/stroke_hc_v8_2/cci_v2/cellchat/L2_g3_anno2/merged/X1/cellchat_merged.qs 
[2026-02-25 13:17:02] 
=== Aggregation Complete === 
