[2025-12-01 18:05:56] Starting run: run1
[2025-12-01 18:05:56] [INFO] Starting validation for config: config/config.csv
[2025-12-01 18:06:31] Starting run: run1
[2025-12-01 18:06:31] [INFO] Starting validation for config: config/config.csv
[2025-12-01 18:07:27] Starting run: run1
[2025-12-01 18:07:27] [INFO] Starting validation for config: config/config.csv
[2025-12-01 18:08:12] Starting run: run1
[2025-12-01 18:08:12] [INFO] Starting validation for config: config/config.csv
[2025-12-01 18:08:41] Starting run: run1
[2025-12-01 18:08:41] [INFO] Starting validation for config: config/config.csv
[2025-12-01 18:09:04] Starting run: run1
[2025-12-01 18:09:04] [INFO] Starting validation for config: config/config.csv
[2025-12-01 18:10:02] Starting run: run1
[2025-12-01 18:10:02] [INFO] Starting validation for config: config/config.csv
[2025-12-01 18:10:55] Starting run: run1
[2025-12-01 18:10:55] [INFO] Starting validation for config: config/config.csv
[2025-12-01 18:11:24] Starting run: run1
[2025-12-01 18:11:24] [INFO] Starting validation for config: config/config.csv
[2025-12-01 18:12:14] Starting run: run1
[2025-12-01 18:12:14] [INFO] Starting validation for config: config/config.csv
[2025-12-01 18:12:54] Starting run: run1
[2025-12-01 18:12:54] [INFO] Starting validation for config: config/config.csv
[2025-12-01 18:12:55] [INFO] Checking file existence...
[2025-12-01 18:12:55] [INFO] Checking GEM name consistency...
[2025-12-01 18:12:55] [INFO] Checking demultiplex method compatibility...
[2025-12-01 18:12:55] [WARNING] === VALIDATION WARNINGS ===
[2025-12-01 18:12:55] [WARNING] 사전 검토 단계에서, BAM 파일이 없습니다 (경고, 선택사항): sample_name='GEM1', dir_input_bam='/home/user3/data_user3/gems/stroke1/outs/possorted_genome_bam.bam'
[2025-12-01 18:12:55] [WARNING] 사전 검토 단계에서, BAM 파일이 없습니다 (경고, 선택사항): sample_name='GEM2', dir_input_bam='/home/user3/data_user3/gems/stroke2/outs/possorted_genome_bam.bam'
[2025-12-01 18:12:55] [INFO] Validation completed successfully!
[2025-12-01 18:15:14] Starting run: run1
[2025-12-01 18:15:14] [INFO] Step 1: Starting read and demultiplexing
[2025-12-01 18:15:14] [INFO] Processing sample 1/3: GEM1 (GEM: GEM1, Method: SNP)
[2025-12-01 18:15:14] [INFO]   Step 1.1: Loading demuxalot output for GEM1
[2025-12-01 18:15:18] [INFO]   Step 1.2: Loading count matrices for GEM1
[2025-12-01 18:15:32] [INFO]   Completed GEM1: 12622 cells
[2025-12-01 18:15:32] [INFO] Processing sample 2/3: GEM2 (GEM: GEM2, Method: SNP)
[2025-12-01 18:15:32] [INFO]   Step 1.1: Loading demuxalot output for GEM2
[2025-12-01 18:15:35] [INFO]   Step 1.2: Loading count matrices for GEM2
[2025-12-01 18:15:42] [INFO]   Completed GEM2: 10101 cells
[2025-12-01 18:15:42] [INFO] Processing sample 3/3: 1_IS_72 (GEM: GEM9, Method: HTO)
[2025-12-01 18:15:42] [INFO]   Step 1.1: Loading HTO data for 1_IS_72
[2025-12-01 18:15:44] [INFO]   Step 1.2: Performing HTODemux demultiplexing for 1_IS_72
[2025-12-01 18:15:44] [ERROR] !!! ERROR in step 1 processing 1_IS_72: HTO assay 'Multiplexing Capture' not found in Seurat object !!!
[2025-12-01 18:15:44] [ERROR] !!! Skipping sample 1_IS_72 !!!
[2025-12-01 18:15:44] [INFO] Saving results to: /data/user3/sobj/pipe/run1/step1/step1_demulti_list.qs
[2025-12-01 18:15:45] [INFO] Saved intermediate object to: /data/user3/sobj/pipe/run1/step1/step1_demulti_list.qs
[2025-12-01 18:15:45] [INFO] Step 1 completed: 2 samples processed
[2025-12-01 18:17:22] Starting run: run1
[2025-12-01 18:17:22] [INFO] Step 1: Starting read and demultiplexing
[2025-12-01 18:17:22] [INFO] Processing sample 1/3: GEM1 (GEM: GEM1, Method: SNP)
[2025-12-01 18:17:22] [INFO]   Step 1.1: Loading demuxalot output for GEM1
[2025-12-01 18:17:25] [INFO]   Step 1.2: Loading count matrices for GEM1
[2025-12-01 18:17:39] [INFO]   Completed GEM1: 12622 cells
[2025-12-01 18:17:39] [INFO] Processing sample 2/3: GEM2 (GEM: GEM2, Method: SNP)
[2025-12-01 18:17:39] [INFO]   Step 1.1: Loading demuxalot output for GEM2
[2025-12-01 18:17:41] [INFO]   Step 1.2: Loading count matrices for GEM2
[2025-12-01 18:17:48] [INFO]   Completed GEM2: 10101 cells
[2025-12-01 18:17:48] [INFO] Processing sample 3/3: 1_IS_72 (GEM: GEM9, Method: HTO)
[2025-12-01 18:17:48] [INFO]   Step 1.1: Loading HTO data for 1_IS_72
[2025-12-01 18:17:51] [INFO]   Added HTO assay 'Multiplexing Capture' with 10 features
[2025-12-01 18:17:51] [WARNING]   Step 1.2: No HTO assay found for 1_IS_72, skipping demultiplexing
[2025-12-01 18:17:51] [INFO]   Completed 1_IS_72: 4285 cells
[2025-12-01 18:17:51] [INFO] Saving results to: /data/user3/sobj/pipe/run1/step1/step1_demulti_list.qs
[2025-12-01 18:17:52] [INFO] Saved intermediate object to: /data/user3/sobj/pipe/run1/step1/step1_demulti_list.qs
[2025-12-01 18:17:52] [INFO] Step 1 completed: 3 samples processed
[2025-12-01 18:18:37] Starting run: run1
[2025-12-01 18:18:37] [INFO] Step 1: Starting read and demultiplexing
[2025-12-01 18:18:37] [INFO] Processing sample 1/3: GEM1 (GEM: GEM1, Method: SNP)
[2025-12-01 18:18:37] [INFO]   Step 1.1: Loading demuxalot output for GEM1
[2025-12-01 18:18:40] [INFO]   Step 1.2: Loading count matrices for GEM1
[2025-12-01 18:18:53] [INFO]   Completed GEM1: 12622 cells
[2025-12-01 18:18:53] [INFO] Processing sample 2/3: GEM2 (GEM: GEM2, Method: SNP)
[2025-12-01 18:18:53] [INFO]   Step 1.1: Loading demuxalot output for GEM2
[2025-12-01 18:18:56] [INFO]   Step 1.2: Loading count matrices for GEM2
[2025-12-01 18:19:03] [INFO]   Completed GEM2: 10101 cells
[2025-12-01 18:19:03] [INFO] Processing sample 3/3: 1_IS_72 (GEM: GEM9, Method: HTO)
[2025-12-01 18:19:03] [INFO]   Step 1.1: Loading HTO data for 1_IS_72
[2025-12-01 18:19:05] [INFO]   Added HTO assay 'Multiplexing Capture' with 10 features
[2025-12-01 18:19:05] [WARNING]   Step 1.2: No HTO assay 'Multiplexing Capture' found for 1_IS_72, skipping demultiplexing
[2025-12-01 18:19:05] [INFO]   Completed 1_IS_72: 4285 cells
[2025-12-01 18:19:05] [INFO] Saving results to: /data/user3/sobj/pipe/run1/step1/step1_demulti_list.qs
[2025-12-01 18:19:06] [INFO] Saved intermediate object to: /data/user3/sobj/pipe/run1/step1/step1_demulti_list.qs
[2025-12-01 18:19:06] [INFO] Step 1 completed: 3 samples processed
[2025-12-01 18:20:37] Starting run: run1
[2025-12-01 18:20:37] [INFO] Step 1: Starting read and demultiplexing
[2025-12-01 18:20:37] [INFO] Processing sample 1/3: GEM1 (GEM: GEM1, Method: SNP)
[2025-12-01 18:20:37] [INFO]   Step 1.1: Loading demuxalot output for GEM1
[2025-12-01 18:20:40] [INFO]   Step 1.2: Loading count matrices for GEM1
[2025-12-01 18:20:53] [INFO]   Completed GEM1: 12622 cells
[2025-12-01 18:20:53] [INFO] Processing sample 2/3: GEM2 (GEM: GEM2, Method: SNP)
[2025-12-01 18:20:53] [INFO]   Step 1.1: Loading demuxalot output for GEM2
[2025-12-01 18:20:56] [INFO]   Step 1.2: Loading count matrices for GEM2
[2025-12-01 18:21:03] [INFO]   Completed GEM2: 10101 cells
[2025-12-01 18:21:03] [INFO] Processing sample 3/3: 1_IS_72 (GEM: GEM9, Method: HTO)
[2025-12-01 18:21:03] [INFO]   Step 1.1: Loading HTO data for 1_IS_72
[2025-12-01 18:21:05] [INFO]   Added HTO assay 'Multiplexing Capture' with 10 features
[2025-12-01 18:21:05] [WARNING]   Step 1.2: No HTO assay 'Multiplexing Capture' found for 1_IS_72, skipping demultiplexing
[2025-12-01 18:21:05] [INFO]   Completed 1_IS_72: 4285 cells
[2025-12-01 18:21:05] [INFO] Saving results to: /data/user3/sobj/pipe/run1/step1/step1_demulti_list.qs
[2025-12-01 18:21:06] [INFO] Saved intermediate object to: /data/user3/sobj/pipe/run1/step1/step1_demulti_list.qs
[2025-12-01 18:21:06] [INFO] Step 1 completed: 3 samples processed
[2025-12-01 18:21:53] Starting run: run1
[2025-12-01 18:21:53] [INFO] Step 1: Starting read and demultiplexing
[2025-12-01 18:21:53] [INFO] Processing sample 1/3: GEM1 (GEM: GEM1, Method: SNP)
[2025-12-01 18:21:53] [INFO]   Step 1.1: Loading demuxalot output for GEM1
[2025-12-01 18:21:56] [INFO]   Step 1.2: Loading count matrices for GEM1
[2025-12-01 18:22:10] [INFO]   Completed GEM1: 12622 cells
[2025-12-01 18:22:10] [INFO] Processing sample 2/3: GEM2 (GEM: GEM2, Method: SNP)
[2025-12-01 18:22:10] [INFO]   Step 1.1: Loading demuxalot output for GEM2
[2025-12-01 18:22:12] [INFO]   Step 1.2: Loading count matrices for GEM2
[2025-12-01 18:22:19] [INFO]   Completed GEM2: 10101 cells
[2025-12-01 18:22:19] [INFO] Processing sample 3/3: 1_IS_72 (GEM: GEM9, Method: HTO)
[2025-12-01 18:22:19] [INFO]   Step 1.1: Loading HTO data for 1_IS_72
[2025-12-01 18:22:21] [INFO]   Added HTO assay 'Multiplexing Capture' (stored as 'Multiplexing.Capture') with 10 features
[2025-12-01 18:22:21] [INFO]   Step 1.2: Performing HTODemux demultiplexing for 1_IS_72
[2025-12-01 18:22:22] [ERROR] !!! ERROR in step 1 processing 1_IS_72: Cells with zero counts exist as a cluster. !!!
[2025-12-01 18:22:22] [ERROR] !!! Skipping sample 1_IS_72 !!!
[2025-12-01 18:22:22] [INFO] Saving results to: /data/user3/sobj/pipe/run1/step1/step1_demulti_list.qs
[2025-12-01 18:22:22] [INFO] Saved intermediate object to: /data/user3/sobj/pipe/run1/step1/step1_demulti_list.qs
[2025-12-01 18:22:22] [INFO] Step 1 completed: 2 samples processed
[2025-12-01 18:23:16] Starting run: run1
[2025-12-01 18:23:16] [INFO] Step 1: Starting read and demultiplexing
[2025-12-01 18:23:17] [INFO] Processing sample 1/3: GEM1 (GEM: GEM1, Method: SNP)
[2025-12-01 18:23:17] [INFO]   Step 1.1: Loading demuxalot output for GEM1
[2025-12-01 18:23:20] [INFO]   Step 1.2: Loading count matrices for GEM1
[2025-12-01 18:23:33] [INFO]   Completed GEM1: 12622 cells
[2025-12-01 18:23:33] [INFO] Processing sample 2/3: GEM2 (GEM: GEM2, Method: SNP)
[2025-12-01 18:23:33] [INFO]   Step 1.1: Loading demuxalot output for GEM2
[2025-12-01 18:23:35] [INFO]   Step 1.2: Loading count matrices for GEM2
[2025-12-01 18:23:43] [INFO]   Completed GEM2: 10101 cells
[2025-12-01 18:23:43] [INFO] Processing sample 3/3: 1_IS_72 (GEM: GEM9, Method: HTO)
[2025-12-01 18:23:43] [INFO]   Step 1.1: Loading HTO data for 1_IS_72
[2025-12-01 18:23:45] [INFO]   Added HTO assay 'Multiplexing Capture' (stored as 'Multiplexing.Capture') with 10 features
[2025-12-01 18:23:45] [INFO]   Step 1.2: Performing HTODemux demultiplexing for 1_IS_72
[2025-12-01 18:23:45] [ERROR] !!! ERROR in step 1 processing 1_IS_72: Cells with zero counts exist as a cluster. !!!
[2025-12-01 18:23:45] [ERROR] !!! Skipping sample 1_IS_72 !!!
[2025-12-01 18:23:45] [INFO] Saving results to: /data/user3/sobj/pipe/run1/step1/step1_demulti_list.qs
[2025-12-01 18:23:46] [INFO] Saved intermediate object to: /data/user3/sobj/pipe/run1/step1/step1_demulti_list.qs
[2025-12-01 18:23:46] [INFO] Step 1 completed: 2 samples processed
[2025-12-01 18:24:27] Starting run: run1
[2025-12-01 18:24:27] [INFO] Step 1: Starting read and demultiplexing
[2025-12-01 18:24:27] [INFO] Processing sample 1/3: GEM1 (GEM: GEM1, Method: SNP)
[2025-12-01 18:24:27] [INFO]   Step 1.1: Loading demuxalot output for GEM1
[2025-12-01 18:24:30] [INFO]   Step 1.2: Loading count matrices for GEM1
[2025-12-01 18:24:44] [INFO]   Completed GEM1: 12622 cells
[2025-12-01 18:24:44] [INFO] Processing sample 2/3: GEM2 (GEM: GEM2, Method: SNP)
[2025-12-01 18:24:44] [INFO]   Step 1.1: Loading demuxalot output for GEM2
[2025-12-01 18:24:46] [INFO]   Step 1.2: Loading count matrices for GEM2
[2025-12-01 18:24:53] [INFO]   Completed GEM2: 10101 cells
[2025-12-01 18:24:53] [INFO] Processing sample 3/3: 1_IS_72 (GEM: GEM9, Method: HTO)
[2025-12-01 18:24:53] [INFO]   Step 1.1: Loading HTO data for 1_IS_72
[2025-12-01 18:24:55] [INFO]   Added HTO assay 'Multiplexing Capture' (stored as 'Multiplexing.Capture') with 10 features
[2025-12-01 18:24:55] [INFO]   Step 1.2: Performing HTODemux demultiplexing for 1_IS_72
[2025-12-01 18:24:56] [INFO]   Completed 1_IS_72: 4285 cells
[2025-12-01 18:24:56] [INFO] Saving results to: /data/user3/sobj/pipe/run1/step1/step1_demulti_list.qs
[2025-12-01 18:24:57] [INFO] Saved intermediate object to: /data/user3/sobj/pipe/run1/step1/step1_demulti_list.qs
[2025-12-01 18:24:57] [INFO] Step 1 completed: 3 samples processed
[2025-12-01 18:28:33] Starting run: run1
[2025-12-01 18:28:33] [INFO] Step 2: Starting normalization (LogNormalize) and clustering
[2025-12-01 18:28:33] [INFO] Loading input from: /data/user3/sobj/pipe/run1/step1/step1_demulti_list.qs
[2025-12-01 18:28:37] [INFO] Loaded intermediate object from: /data/user3/sobj/pipe/run1/step1/step1_demulti_list.qs
[2025-12-01 18:28:38] [INFO] Processing GEM1
[2025-12-01 18:28:38] [INFO]   Calculating QC metrics for GEM1
[2025-12-01 18:28:43] [INFO]   QC filtering: 12622 -> 10860 cells
[2025-12-01 18:28:43] [INFO]   Performing LogNormalize for GEM1
[2025-12-01 18:28:48] [INFO]   Running PCA for GEM1
[2025-12-01 18:28:52] [INFO]   Clustering for GEM1
[2025-12-01 18:29:11] [INFO]   Completed GEM1: 10860 cells
[2025-12-01 18:29:11] [INFO] Processing GEM2
[2025-12-01 18:29:11] [INFO]   Calculating QC metrics for GEM2
[2025-12-01 18:29:12] [INFO]   QC filtering: 10101 -> 10051 cells
[2025-12-01 18:29:12] [INFO]   Performing LogNormalize for GEM2
[2025-12-01 18:29:16] [INFO]   Running PCA for GEM2
[2025-12-01 18:29:20] [INFO]   Clustering for GEM2
[2025-12-01 18:29:38] [INFO]   Completed GEM2: 10051 cells
[2025-12-01 18:29:38] [INFO] Processing 1_IS_72
[2025-12-01 18:29:38] [INFO]   Calculating QC metrics for 1_IS_72
[2025-12-01 18:29:38] [INFO]   QC filtering: 4285 -> 4282 cells
[2025-12-01 18:29:38] [INFO]   Performing LogNormalize for 1_IS_72
[2025-12-01 18:29:41] [INFO]   Running PCA for 1_IS_72
[2025-12-01 18:29:42] [INFO]   Clustering for 1_IS_72
[2025-12-01 18:29:58] [INFO]   Completed 1_IS_72: 4282 cells
[2025-12-01 18:29:58] [INFO] Saving results to: /data/user3/sobj/pipe/run1/step2/step2_nmz_list.qs
[2025-12-01 18:30:02] [INFO] Saved intermediate object to: /data/user3/sobj/pipe/run1/step2/step2_nmz_list.qs
[2025-12-01 18:30:02] [INFO] Step 2 completed: 3 samples processed
[2025-12-01 18:30:29] Starting run: run1
[2025-12-01 18:30:29] [INFO] Step 3: Starting SoupX ambient RNA removal
[2025-12-01 18:30:29] [INFO] Loading input from: /data/user3/sobj/pipe/run1/step2/step2_nmz_list.qs
[2025-12-01 18:30:40] [INFO] Loaded intermediate object from: /data/user3/sobj/pipe/run1/step2/step2_nmz_list.qs
[2025-12-01 18:30:40] [INFO] Processing GEM1
[2025-12-01 18:30:40] [INFO]   Loading raw counts for GEM1
[2025-12-01 18:30:51] [INFO]   Running SoupX for GEM1
[2025-12-01 18:31:18] [WARNING]   WARNING: Failed to generate Marker Distribution plot for GEM1: Contamination fraction greater than 1 detected.  This is impossible and likely represents a failure in the estimation procedure used.
[2025-12-01 18:31:18] [INFO]   Adjusting counts for GEM1
[2025-12-01 18:31:41] [INFO]   Completed GEM1: 10860 cells
[2025-12-01 18:31:41] [INFO] Processing GEM2
[2025-12-01 18:31:41] [INFO]   Loading raw counts for GEM2
[2025-12-01 18:31:48] [INFO]   Running SoupX for GEM2
[2025-12-01 18:32:10] [INFO]   Adjusting counts for GEM2
[2025-12-01 18:32:33] [INFO]   Completed GEM2: 10051 cells
[2025-12-01 18:32:33] [INFO] Processing 1_IS_72
[2025-12-01 18:32:33] [INFO]   Loading raw counts for 1_IS_72
[2025-12-01 18:32:51] [INFO]   Running SoupX for 1_IS_72
[2025-12-01 18:33:02] [INFO]   Adjusting counts for 1_IS_72
[2025-12-01 18:33:09] [INFO]   Completed 1_IS_72: 4282 cells
[2025-12-01 18:33:09] [INFO] Saving results to: /data/user3/sobj/pipe/run1/step3/step3_soupx_list.qs
[2025-12-01 18:33:11] [INFO] Saved intermediate object to: /data/user3/sobj/pipe/run1/step3/step3_soupx_list.qs
[2025-12-01 18:33:11] [INFO] Step 3 completed: 3 samples processed
[2025-12-01 18:33:39] Starting run: run1
[2025-12-01 18:33:39] [INFO] Step 4: Starting doublet detection (scDblFinder)
[2025-12-01 18:33:39] [INFO] Loading input from: /data/user3/sobj/pipe/run1/step3/step3_soupx_list.qs
[2025-12-01 18:33:44] [INFO] Loaded intermediate object from: /data/user3/sobj/pipe/run1/step3/step3_soupx_list.qs
[2025-12-01 18:33:44] [INFO] Processing GEM1
[2025-12-01 18:33:44] [INFO]   Running SCTransform for GEM1 (required for scDblFinder)
[2025-12-01 18:34:49] [INFO]   Running scDblFinder for GEM1
[2025-12-01 18:35:30] [INFO]   Keeping all cells (including doublets) for GEM1
[2025-12-01 18:35:30] [INFO]   Completed GEM1: 10860 cells
[2025-12-01 18:35:30] [INFO] Processing GEM2
[2025-12-01 18:35:30] [INFO]   Running SCTransform for GEM2 (required for scDblFinder)
[2025-12-01 18:36:18] [INFO]   Running scDblFinder for GEM2
[2025-12-01 18:36:50] [INFO]   Keeping all cells (including doublets) for GEM2
[2025-12-01 18:36:50] [INFO]   Completed GEM2: 10051 cells
[2025-12-01 18:36:50] [INFO] Processing 1_IS_72
[2025-12-01 18:36:50] [INFO]   Running SCTransform for 1_IS_72 (required for scDblFinder)
[2025-12-01 18:37:16] [INFO]   Running scDblFinder for 1_IS_72
[2025-12-01 18:37:32] [INFO]   Keeping all cells (including doublets) for 1_IS_72
[2025-12-01 18:37:32] [INFO]   Completed 1_IS_72: 4282 cells
[2025-12-01 18:37:32] [INFO] Saving results to: /data/user3/sobj/pipe/run1/step4/step4_doublet_list.qs
[2025-12-01 18:37:36] [INFO] Saved intermediate object to: /data/user3/sobj/pipe/run1/step4/step4_doublet_list.qs
[2025-12-01 18:37:36] [INFO] Step 4 completed: 3 samples processed
[2025-12-01 18:38:06] Starting run: run1
[2025-12-01 18:38:06] [INFO] Step 5: Starting integration (RPCA)
[2025-12-01 18:38:06] [INFO] Setting up parallel processing...
[2025-12-01 18:38:08] [INFO] Loading input from: /data/user3/sobj/pipe/run1/step4/step4_doublet_list.qs
[2025-12-01 18:38:18] [INFO] Loaded intermediate object from: /data/user3/sobj/pipe/run1/step4/step4_doublet_list.qs
[2025-12-01 18:38:18] [INFO] Merging all samples...
[2025-12-01 18:38:53] [INFO] Performing RPCA integration using FindIntegrationAnchors/IntegrateData method...
[2025-12-01 18:38:55] [INFO] Splitting by batch column: GEM
[2025-12-01 18:39:31] Starting run: run1
[2025-12-01 18:39:31] [INFO] Step 5: Starting integration (RPCA)
[2025-12-01 18:39:31] [INFO] Setting up parallel processing...
[2025-12-01 18:39:33] [INFO] Loading input from: /data/user3/sobj/pipe/run1/step4/step4_doublet_list.qs
[2025-12-01 18:39:43] [INFO] Loaded intermediate object from: /data/user3/sobj/pipe/run1/step4/step4_doublet_list.qs
[2025-12-01 18:39:43] [INFO] Merging all samples...
[2025-12-01 18:40:17] [INFO] Performing RPCA integration using FindIntegrationAnchors/IntegrateData method...
[2025-12-01 18:40:20] [INFO] Splitting by batch column: GEM
[2025-12-01 18:40:21] [INFO] Processing 3 batches...
[2025-12-01 18:53:37] [INFO] Selecting integration features...
[2025-12-01 18:53:37] [INFO] Preparing SCT integration...
[2025-12-01 18:56:05] [INFO] Finding integration anchors...
[2025-12-01 19:11:37] Starting run: run1
[2025-12-01 19:11:37] [INFO] Step 1: Starting read and demultiplexing
[2025-12-01 19:11:38] [INFO] Processing sample 1/3: GEM1 (GEM: GEM1, Method: SNP)
[2025-12-01 19:11:38] [INFO]   Step 1.1: Loading demuxalot output for GEM1
[2025-12-01 19:11:38] [INFO]   Found 6 singlet sample(s) in demux file: CD_24_14264_PBD_SRA_1, CD_24_14265_PBD_SRA_1, CD_24_14266_PBD_SRA_1, CD_24_14267_PBD_SRA_1, CD_24_14268_PBD_SRA_1, CD_24_14269_PBD_SRA_1
[2025-12-01 19:11:41] [INFO]   Step 1.2: Loading count matrices for GEM1
[2025-12-01 19:11:54] [INFO]   Completed GEM1: 12622 cells
[2025-12-01 19:11:54] [INFO] Processing sample 2/3: GEM2 (GEM: GEM2, Method: SNP)
[2025-12-01 19:11:54] [INFO]   Step 1.1: Loading demuxalot output for GEM2
[2025-12-01 19:11:54] [INFO]   Found 6 singlet sample(s) in demux file: CD_24_14270_PBD_SRA_1, CD_24_14271_PBD_SRA_1, CD_24_14272_PBD_SRA_1, CD_24_14273_PBD_SRA_1, CD_24_14274_PBD_SRA_1, CD_24_14275_PBD_SRA_1
[2025-12-01 19:11:57] [INFO]   Step 1.2: Loading count matrices for GEM2
[2025-12-01 19:12:04] [INFO]   Completed GEM2: 10101 cells
[2025-12-01 19:12:04] [INFO] Processing sample 3/3: 1_IS_72 (GEM: GEM9, Method: HTO)
[2025-12-01 19:12:04] [INFO]   Step 1.1: Loading HTO data for 1_IS_72
[2025-12-01 19:12:08] [INFO]   Added HTO assay 'Multiplexing Capture' (stored as 'Multiplexing.Capture') with 10 features
[2025-12-01 19:12:08] [INFO]   Step 1.2: Performing HTODemux demultiplexing for 1_IS_72
[2025-12-01 19:12:08] [INFO]   Completed 1_IS_72: 4285 cells
[2025-12-01 19:12:08] [INFO] Saving results to: /data/user3/sobj/pipe/run1/step1/step1_demulti_list.qs
[2025-12-01 19:12:09] [INFO] Saved intermediate object to: /data/user3/sobj/pipe/run1/step1/step1_demulti_list.qs
[2025-12-01 19:12:09] [INFO] Step 1 completed: 3 samples processed
[2025-12-01 18:58:44] Starting run: run1
[2025-12-01 18:58:44] [INFO] Step 5: Starting integration (RPCA)
[2025-12-01 18:58:45] [INFO] Setting up parallel processing...
[2025-12-01 18:58:47] [INFO] Loading input from: /data/user3/sobj/pipe/run1/step4/step4_doublet_list.qs
[2025-12-01 18:58:57] [INFO] Loaded intermediate object from: /data/user3/sobj/pipe/run1/step4/step4_doublet_list.qs
[2025-12-01 18:58:57] [INFO] Merging all samples...
[2025-12-01 18:59:31] [INFO] Performing RPCA integration using FindIntegrationAnchors/IntegrateData method...
[2025-12-01 18:59:34] [INFO] Splitting by batch column: GEM
[2025-12-01 18:59:35] [INFO] Processing 3 batches...
[2025-12-01 19:13:01] [INFO] Selecting integration features...
[2025-12-01 19:13:02] [INFO] Preparing SCT integration...
[2025-12-01 19:15:26] [INFO] Finding integration anchors...

========================================
NEW RUN STARTED (same run_id: run1)
========================================
[2025-12-02 17:20:03] Starting run: run1
[2025-12-02 17:20:03] [INFO] Step 6: Starting integration (scVI)
[2025-12-02 17:20:03] [INFO] Setting up parallel processing...
[2025-12-02 17:20:06] [INFO] Loading input from: /data/user3/sobj/pipe/run1/step5/step5_doublet_list.qs

========================================
NEW RUN STARTED (same run_id: run1)
========================================
[2025-12-02 17:39:26] Starting run: run1
[2025-12-02 17:39:26] [INFO] Step 6: Starting integration (scVI)
[2025-12-02 17:39:26] [INFO] Setting up parallel processing...
[2025-12-02 17:39:28] [INFO] Loading input from: /data/user3/sobj/pipe/run1/step5/step5_doublet_list.qs

========================================
NEW RUN STARTED (same run_id: run1)
========================================
[2025-12-02 17:41:02] Starting run: run1
[2025-12-02 17:41:02] [INFO] Step 6: Starting integration (scVI)
[2025-12-02 17:41:02] [INFO] Setting up parallel processing...
[2025-12-02 17:41:04] [INFO] Loading input from: /data/user3/sobj/pipe/run1/step5/step5_doublet_list.qs
[2025-12-02 17:41:33] [INFO] Loaded intermediate object from: /data/user3/sobj/pipe/run1/step5/step5_doublet_list.qs
[2025-12-02 17:41:33] [INFO] Merging all samples...
[2025-12-02 17:41:33] [INFO] Merging 56 samples: 97_1, 95_1, 92_1, 89_1, 107_1, 106_1, 91_1, 90_1, 88_1, 82_1, 70_1, 105_1, 84_1, 81_1, 65_1, 64_1, 55_1, 54_1, 83_1, 76_1, 53_1, 44_1, 41_1, 34_1, 46_1, 33_1, 43_1, 38_2, 32_1, 71_1, 75_1, 104_1, 42_1, 80_2, 29_1, 60_1, 36_1, 31_1, 59_1, 68_1, 35_1, 117_1, 100_1, 51_1, 115_1, 113_1, 45_1, 48_1, 112_1, 111_1, 74_3, 16_1, 103_1, 110_1, 85_1, 93_1
[2025-12-02 17:41:33] [INFO]   Sample 1: 97_1 has 1070 cells
[2025-12-02 17:41:33] [INFO]   Sample 2: 95_1 has 1081 cells
[2025-12-02 17:41:33] [INFO]   Sample 3: 92_1 has 1085 cells
[2025-12-02 17:41:33] [INFO]   Sample 4: 89_1 has 1072 cells
[2025-12-02 17:41:33] [INFO]   Sample 5: 107_1 has 1077 cells
[2025-12-02 17:41:33] [INFO]   Sample 6: 106_1 has 1092 cells
[2025-12-02 17:41:33] [INFO]   Sample 7: 91_1 has 1005 cells
[2025-12-02 17:41:33] [INFO]   Sample 8: 90_1 has 1005 cells
[2025-12-02 17:41:33] [INFO]   Sample 9: 88_1 has 1004 cells
[2025-12-02 17:41:33] [INFO]   Sample 10: 82_1 has 1003 cells
[2025-12-02 17:41:33] [INFO]   Sample 11: 70_1 has 1002 cells
[2025-12-02 17:41:33] [INFO]   Sample 12: 105_1 has 1000 cells
[2025-12-02 17:41:33] [INFO]   Sample 13: 84_1 has 1129 cells
[2025-12-02 17:41:33] [INFO]   Sample 14: 81_1 has 1131 cells
[2025-12-02 17:41:33] [INFO]   Sample 15: 65_1 has 1130 cells
[2025-12-02 17:41:33] [INFO]   Sample 16: 64_1 has 1127 cells
[2025-12-02 17:41:33] [INFO]   Sample 17: 55_1 has 1127 cells
[2025-12-02 17:41:33] [INFO]   Sample 18: 54_1 has 1130 cells
[2025-12-02 17:41:33] [INFO]   Sample 19: 83_1 has 928 cells
[2025-12-02 17:41:33] [INFO]   Sample 20: 76_1 has 924 cells
[2025-12-02 17:41:33] [INFO]   Sample 21: 53_1 has 925 cells
[2025-12-02 17:41:33] [INFO]   Sample 22: 44_1 has 925 cells
[2025-12-02 17:41:33] [INFO]   Sample 23: 41_1 has 922 cells
[2025-12-02 17:41:33] [INFO]   Sample 24: 34_1 has 925 cells
[2025-12-02 17:41:33] [INFO]   Sample 25: 46_1 has 1200 cells
[2025-12-02 17:41:33] [INFO]   Sample 26: 33_1 has 1206 cells
[2025-12-02 17:41:33] [INFO]   Sample 27: 43_1 has 1198 cells
[2025-12-02 17:41:33] [INFO]   Sample 28: 38_2 has 1203 cells
[2025-12-02 17:41:33] [INFO]   Sample 29: 32_1 has 1195 cells
[2025-12-02 17:41:33] [INFO]   Sample 30: 71_1 has 1205 cells
[2025-12-02 17:41:33] [INFO]   Sample 31: 75_1 has 1202 cells
[2025-12-02 17:41:33] [INFO]   Sample 32: 104_1 has 1196 cells
[2025-12-02 17:41:33] [INFO]   Sample 33: 42_1 has 1284 cells
[2025-12-02 17:41:33] [INFO]   Sample 34: 80_2 has 1287 cells
[2025-12-02 17:41:33] [INFO]   Sample 35: 29_1 has 1288 cells
[2025-12-02 17:41:33] [INFO]   Sample 36: 60_1 has 1285 cells
[2025-12-02 17:41:33] [INFO]   Sample 37: 36_1 has 1285 cells
[2025-12-02 17:41:33] [INFO]   Sample 38: 31_1 has 1282 cells
[2025-12-02 17:41:33] [INFO]   Sample 39: 59_1 has 1286 cells
[2025-12-02 17:41:33] [INFO]   Sample 40: 68_1 has 1287 cells
[2025-12-02 17:41:33] [INFO]   Sample 41: 35_1 has 1431 cells
[2025-12-02 17:41:33] [INFO]   Sample 42: 117_1 has 1431 cells
[2025-12-02 17:41:33] [INFO]   Sample 43: 100_1 has 1431 cells
[2025-12-02 17:41:33] [INFO]   Sample 44: 51_1 has 1432 cells
[2025-12-02 17:41:33] [INFO]   Sample 45: 115_1 has 1425 cells
[2025-12-02 17:41:33] [INFO]   Sample 46: 113_1 has 1433 cells
[2025-12-02 17:41:33] [INFO]   Sample 47: 45_1 has 1425 cells
[2025-12-02 17:41:33] [INFO]   Sample 48: 48_1 has 1430 cells
[2025-12-02 17:41:33] [INFO]   Sample 49: 112_1 has 1261 cells
[2025-12-02 17:41:33] [INFO]   Sample 50: 111_1 has 1263 cells
[2025-12-02 17:41:33] [INFO]   Sample 51: 74_3 has 1261 cells
[2025-12-02 17:41:33] [INFO]   Sample 52: 16_1 has 1265 cells
[2025-12-02 17:41:33] [INFO]   Sample 5
========================================
NEW RUN STARTED (same run_id: run1)
========================================
[2025-12-02 18:53:18] Starting run: run1
[2025-12-02 18:53:18] [INFO] Step 6: Starting integration (scVI)
[2025-12-02 18:53:18] [INFO] Setting up parallel processing...
[2025-12-02 18:53:18] [INFO] Using 6 workers for parallel processing

========================================
NEW RUN STARTED (same run_id: run1)
========================================
[2025-12-03 11:00:00] Starting run: run1
[2025-12-03 11:00:00] [INFO] Starting validation for config: config/config_complete2.csv
[2025-12-03 11:00:00] [INFO] Checking file existence...
[2025-12-03 11:00:00] [INFO] Checking GEM name consistency...
[2025-12-03 11:00:00] [INFO] Checking demultiplex method compatibility...
[2025-12-03 11:00:00] [WARNING] === VALIDATION WARNINGS ===
[2025-12-03 11:00:00] [WARNING] 사전 검토 단계에서, BAM 파일이 없습니다 (경고, 선택사항): sample_name='97_1', dir_input_bam='/home/user3/data_user3/gems/stroke1/outs/possorted_genome_bam.bam'
[2025-12-03 11:00:00] [WARNING] 사전 검토 단계에서, BAM 파일이 없습니다 (경고, 선택사항): sample_name='95_1', dir_input_bam='/home/user3/data_user3/gems/stroke2/outs/possorted_genome_bam.bam'
[2025-12-03 11:00:00] [INFO] Validation completed successfully!

========================================
NEW RUN STARTED (same run_id: run1)
========================================
[2025-12-03 11:47:20] Starting run: run1
[2025-12-03 11:47:20] [INFO] Step 3: Starting SoupX ambient RNA removal
[2025-12-03 11:47:20] [INFO] Loading input from: /data/user3/sobj/pipe/run1/step2/step2_nmz_list.qs
[2025-12-03 11:47:30] [INFO] Loaded intermediate object from: /data/user3/sobj/pipe/run1/step2/step2_nmz_list.qs
[2025-12-03 11:47:30] [WARNING] Skipping 97_1 (not in input)
[2025-12-03 11:47:30] [WARNING] Skipping 95_1 (not in input)
[2025-12-03 11:47:30] [WARNING] Skipping 92_1 (not in input)
[2025-12-03 11:47:30] [WARNING] Skipping 89_1 (not in input)
[2025-12-03 11:47:30] [WARNING] Skipping 107_1 (not in input)
[2025-12-03 11:47:30] [WARNING] Skipping 106_1 (not in input)
[2025-12-03 11:47:30] [WARNING] Skipping 91_1 (not in input)
[2025-12-03 11:47:30] [WARNING] Skipping 90_1 (not in input)
[2025-12-03 11:47:30] [WARNING] Skipping 88_1 (not in input)
[2025-12-03 11:47:30] [WARNING] Skipping 82_1 (not in input)
[2025-12-03 11:47:30] [WARNING] Skipping 70_1 (not in input)
[2025-12-03 11:47:30] [WARNING] Skipping 105_1 (not in input)
[2025-12-03 11:47:30] [WARNING] Skipping 84_1 (not in input)
[2025-12-03 11:47:30] [WARNING] Skipping 81_1 (not in input)
[2025-12-03 11:47:30] [WARNING] Skipping 65_1 (not in input)
[2025-12-03 11:47:30] [WARNING] Skipping 64_1 (not in input)
[2025-12-03 11:47:30] [WARNING] Skipping 55_1 (not in input)
[2025-12-03 11:47:30] [WARNING] Skipping 54_1 (not in input)
[2025-12-03 11:47:30] [WARNING] Skipping 83_1 (not in input)
[2025-12-03 11:47:30] [WARNING] Skipping 76_1 (not in input)
[2025-12-03 11:47:30] [WARNING] Skipping 53_1 (not in input)
[2025-12-03 11:47:30] [WARNING] Skipping 44_1 (not in input)
[2025-12-03 11:47:30] [WARNING] Skipping 41_1 (not in input)
[2025-12-03 11:47:30] [WARNING] Skipping 34_1 (not in input)
[2025-12-03 11:47:30] [WARNING] Skipping 46_1 (not in input)
[2025-12-03 11:47:30] [WARNING] Skipping 33_1 (not in input)
[2025-12-03 11:47:30] [WARNING] Skipping 43_1 (not in input)
[2025-12-03 11:47:30] [WARNING] Skipping 38_2 (not in input)
[2025-12-03 11:47:30] [WARNING] Skipping 32_1 (not in input)
[2025-12-03 11:47:30] [WARNING] Skipping 71_1 (not in input)
[2025-12-03 11:47:30] [WARNING] Skipping 75_1 (not in input)
[2025-12-03 11:47:30] [WARNING] Skipping 104_1 (not in input)
[2025-12-03 11:47:30] [WARNING] Skipping 42_1 (not in input)
[2025-12-03 11:47:30] [WARNING] Skipping 80_2 (not in input)
[2025-12-03 11:47:30] [WARNING] Skipping 29_1 (not in input)
[2025-12-03 11:47:30] [WARNING] Skipping 60_1 (not in input)
[2025-12-03 11:47:30] [WARNING] Skipping 36_1 (not in input)
[2025-12-03 11:47:30] [WARNING] Skipping 31_1 (not in input)
[2025-12-03 11:47:30] [WARNING] Skipping 59_1 (not in input)
[2025-12-03 11:47:30] [WARNING] Skipping 68_1 (not in input)
[2025-12-03 11:47:30] [WARNING] Skipping 35_1 (not in input)
[2025-12-03 11:47:30] [WARNING] Skipping 117_1 (not in input)
[2025-12-03 11:47:30] [WARNING] Skipping 100_1 (not in input)
[2025-12-03 11:47:30] [WARNING] Skipping 51_1 (not in input)
[2025-12-03 11:47:30] [WARNING] Skipping 115_1 (not in input)
[2025-12-03 11:47:30] [WARNING] Skipping 113_1 (not in input)
[2025-12-03 11:47:30] [WARNING] Skipping 45_1 (not in input)
[2025-12-03 11:47:30] [WARNING] Skipping 48_1 (not in input)
[2025-12-03 11:47:30] [WARNING] Skipping 112_1 (not in input)
[2025-12-03 11:47:30] [WARNING] Skipping 111_1 (not in input)
[2025-12-03 11:47:30] [WARNING] Skipping 74_3 (not in input)
[2025-12-03 11:47:30] [WARNING] Skipping 16_1 (not in input)
[2025-12-03 11:47:30] [WARNING] Skipping 103_1 (not in input)
[2025-12-03 11:47:30] [WARNING] Skipping 110_1 (not in input)
[2025-12-03 11:47:30] [WARNING] Skipping 85_1 (not in input)
[2025-12-03 11:47:30] [WARNING] Skipping 93_1 (not in input)
[2025-12-03 11:47:30] [INFO] Saving results to: /data/user3/sobj/pipe/run1/step3/step3_soupx_list.qs
[2025-12-03 11:47:30] [WARNING] File already exists, saving as: /data/user3/sobj/pipe/run1/step3/step3_soupx_list_1.qs
[2025-12-03 11:47:34] [INFO] Saved intermediate object to: /data/user3/sobj/pipe/run1/step3/step3_soupx_list_1.qs
[2025-12-03 11:47:34] [INFO] Step 3 completed: 3 samples processed

========================================
NEW RUN STARTED (same run_id: run1)
========================================
[2025-12-03 11:47:53] Starting run: run1
[2025-12-03 11:47:53] [INFO] Step 4: Starting SCTransform normalization
[2025-12-03 11:47:54] [INFO] Loading input from: /data/user3/sobj/pipe/run1/step3/step3_soupx_list.qs
[2025-12-03 11:47:59] [INFO] Loaded intermediate object from: /data/user3/sobj/pipe/run1/step3/step3_soupx_list.qs
[2025-12-03 11:47:59] [INFO] Processing GEM1
[2025-12-03 11:47:59] [INFO]   Performing SCTransform for GEM1 (this may take a while)
[2025-12-03 11:48:49] [INFO]   Running PCA for GEM1
[2025-12-03 11:49:02] [INFO]   Completed GEM1: 10860 cells
[2025-12-03 11:49:02] [INFO] Processing GEM2
[2025-12-03 11:49:02] [INFO]   Performing SCTransform for GEM2 (this may take a while)
[2025-12-03 11:49:39] [INFO]   Running PCA for GEM2
[2025-12-03 11:49:48] [INFO]   Completed GEM2: 10051 cells
[2025-12-03 11:49:48] [INFO] Processing 1_IS_72
[2025-12-03 11:49:48] [INFO]   Performing SCTransform for 1_IS_72 (this may take a while)

========================================
NEW RUN STARTED (same run_id: run1)
========================================
[2025-12-04 13:15:48] Starting run: run1
[2025-12-04 13:15:48] [INFO] Step 6: Starting integration (scVI)
[2025-12-04 13:15:48] [INFO] Setting up parallel processing...
[2025-12-04 13:15:48] [INFO] Using 4 workers for parallel processing
[2025-12-04 13:15:50] [INFO] Using custom input directory: /data/user3/sobj/pipe/run_ag_ds
[2025-12-04 13:15:50] [INFO] Loading input from: /data/user3/sobj/pipe/run_ag_ds/step5/step5_doublet_list.qs
[2025-12-04 13:16:06] [INFO] Loaded intermediate object from: /data/user3/sobj/pipe/run_ag_ds/step5/step5_doublet_list.qs
[2025-12-04 13:16:06] [INFO] Merging all samples...
[2025-12-04 13:16:06] [INFO] Merging 56 samples: 97_1, 95_1, 92_1, 89_1, 107_1, 106_1, 91_1, 90_1, 88_1, 82_1, 70_1, 105_1, 84_1, 81_1, 65_1, 64_1, 55_1, 54_1, 83_1, 76_1, 53_1, 44_1, 41_1, 34_1, 46_1, 33_1, 43_1, 38_2, 32_1, 71_1, 75_1, 104_1, 42_1, 80_2, 29_1, 60_1, 36_1, 31_1, 59_1, 68_1, 35_1, 117_1, 100_1, 51_1, 115_1, 113_1, 45_1, 48_1, 112_1, 111_1, 74_3, 16_1, 103_1, 110_1, 85_1, 93_1
[2025-12-04 13:16:06] [INFO]   Sample 1: 97_1 has 500 cells
[2025-12-04 13:16:06] [INFO]   Sample 2: 95_1 has 500 cells
[2025-12-04 13:16:06] [INFO]   Sample 3: 92_1 has 500 cells
[2025-12-04 13:16:06] [INFO]   Sample 4: 89_1 has 500 cells
[2025-12-04 13:16:06] [INFO]   Sample 5: 107_1 has 500 cells
[2025-12-04 13:16:06] [INFO]   Sample 6: 106_1 has 500 cells
[2025-12-04 13:16:06] [INFO]   Sample 7: 91_1 has 500 cells
[2025-12-04 13:16:06] [INFO]   Sample 8: 90_1 has 500 cells
[2025-12-04 13:16:06] [INFO]   Sample 9: 88_1 has 500 cells
[2025-12-04 13:16:06] [INFO]   Sample 10: 82_1 has 500 cells
[2025-12-04 13:16:06] [INFO]   Sample 11: 70_1 has 500 cells
[2025-12-04 13:16:06] [INFO]   Sample 12: 105_1 has 500 cells
[2025-12-04 13:16:06] [INFO]   Sample 13: 84_1 has 500 cells
[2025-12-04 13:16:06] [INFO]   Sample 14: 81_1 has 500 cells
[2025-12-04 13:16:06] [INFO]   Sample 15: 65_1 has 500 cells
[2025-12-04 13:16:06] [INFO]   Sample 16: 64_1 has 500 cells
[2025-12-04 13:16:06] [INFO]   Sample 17: 55_1 has 500 cells
[2025-12-04 13:16:06] [INFO]   Sample 18: 54_1 has 500 cells
[2025-12-04 13:16:06] [INFO]   Sample 19: 83_1 has 500 cells
[2025-12-04 13:16:06] [INFO]   Sample 20: 76_1 has 500 cells
[2025-12-04 13:16:06] [INFO]   Sample 21: 53_1 has 500 cells
[2025-12-04 13:16:06] [INFO]   Sample 22: 44_1 has 500 cells
[2025-12-04 13:16:06] [INFO]   Sample 23: 41_1 has 500 cells
[2025-12-04 13:16:06] [INFO]   Sample 24: 34_1 has 500 cells
[2025-12-04 13:16:06] [INFO]   Sample 25: 46_1 has 500 cells
[2025-12-04 13:16:06] [INFO]   Sample 26: 33_1 has 500 cells
[2025-12-04 13:16:06] [INFO]   Sample 27: 43_1 has 500 cells
[2025-12-04 13:16:06] [INFO]   Sample 28: 38_2 has 500 cells
[2025-12-04 13:16:06] [INFO]   Sample 29: 32_1 has 500 cells
[2025-12-04 13:16:06] [INFO]   Sample 30: 71_1 has 500 cells
[2025-12-04 13:16:06] [INFO]   Sample 31: 75_1 has 500 cells
[2025-12-04 13:16:06] [INFO]   Sample 32: 104_1 has 500 cells
[2025-12-04 13:16:06] [INFO]   Sample 33: 42_1 has 500 cells
[2025-12-04 13:16:06] [INFO]   Sample 34: 80_2 has 500 cells
[2025-12-04 13:16:06] [INFO]   Sample 35: 29_1 has 500 cells
[2025-12-04 13:16:06] [INFO]   Sample 36: 60_1 has 500 cells
[2025-12-04 13:16:06] [INFO]   Sample 37: 36_1 has 500 cells
[2025-12-04 13:16:06] [INFO]   Sample 38: 31_1 has 500 cells
[2025-12-04 13:16:06] [INFO]   Sample 39: 59_1 has 500 cells
[2025-12-04 13:16:06] [INFO]   Sample 40: 68_1 has 500 cells
[2025-12-04 13:16:06] [INFO]   Sample 41: 35_1 has 500 cells
[2025-12-04 13:16:06] [INFO]   Sample 42: 117_1 has 500 cells
[2025-12-04 13:16:06] [INFO]   Sample 43: 100_1 has 500 cells
[2025-12-04 13:16:06] [INFO]   Sample 44: 51_1 has 500 cells
[2025-12-04 13:16:06] [INFO]   Sample 45: 115_1 has 500 cells
[2025-12-04 13:16:06] [INFO]   Sample 46: 113_1 has 500 cells
[2025-12-04 13:16:06] [INFO]   Sample 47: 45_1 has 500 cells
[2025-12-04 13:16:06] [INFO]   Sample 48: 48_1 has 500 cells
[2025-12-04 13:16:06] [INFO]   Sample 49: 112_1 has 500 cells
[2025-12-04 13:16:06] [INFO]   Sample 50: 111_1 has 500 cells
[2025-12-04 13:16:06] [INFO]   Sample 51: 74_3 has 500 cells
[2025-12-04 13:16:06] [INFO]   Sample 52: 16_1 has 500 cells
[2025-12-04 13:16:06] [INFO]   Sample 53: 103_1 has 500 cells
[2025-12-04 13:16:06] [INFO]   Sample 54: 110_1 has 500 cells
[2025-12-04 13:16:06] [INFO]   Sample 55: 85_1 has 500 cells
[2025-12-04 13:16:06] [INFO]   Sample 56: 93_1 has 500 cells
[2025-12-04 13:17:19] [INFO] Merged object has 28000 cells
[2025-12-04 13:17:19] [INFO] Enhancing metadata...
[2025-12-04 13:17:19] [INFO] Joining with clinical metadata from: /home/user3/Clinical information/meta_data_prep_251113.csv
[2025-12-04 13:17:20] [INFO] Conflict or difference in column 'GEM'. Keeping original as 'GEM' and new as 'GEM_csv'.
[2025-12-04 13:17:20] [INFO] Clinical metadata joined successfully.
[2025-12-04 13:17:20] [INFO] Adding metadata from config...
[2025-12-04 13:17:20] [INFO] Adding columns from config: set_name, batch_name, project_name, sample_col, gem_col, set_col, batch_col, project_col, SET, SET_DETAIL
[2025-12-04 13:17:20] [INFO] SET distribution: SET1=12000, SET2=16000
[2025-12-04 13:17:20] [INFO] Performing scVI integration (Default: IntegrateLayers)...
[2025-12-04 13:17:22] [INFO] Running pre-processing (Normalize, Scale, PCA)...
[2025-12-04 13:36:50] [INFO] Running scVIIntegration with batch='SET'...
[2025-12-04 15:13:00] [INFO] integrated.scvi loadings: 0 features, 0 dimensions
[2025-12-04 15:13:00] [INFO] scVIIntegration completed. Saving intermediate result to: /data/user3/sobj/pipe/run1/step6/step6_integration_scvi.qs
[2025-12-04 15:13:16] [INFO] Running downstream analysis...
