[2025-12-02 18:54:07] Starting run: run2
[2025-12-02 18:54:07] [INFO] Step 6: Starting integration (scVI)
[2025-12-02 18:54:07] [INFO] Setting up parallel processing...
[2025-12-02 18:54:07] [INFO] Using 6 workers for parallel processing
[2025-12-02 18:54:09] [INFO] Loading input from: /data/user3/sobj/pipe/run2/step5/step5_doublet_list.qs

========================================
NEW RUN STARTED (same run_id: run2)
========================================

========================================
NEW RUN STARTED (same run_id: run2)
========================================
[2025-12-02 19:01:59] Starting run: run2
[2025-12-02 19:01:59] [INFO] Step 6: Starting integration (RPCA)
[2025-12-02 19:01:59] [INFO] Setting up parallel processing...
[2025-12-02 19:01:59] [INFO] Using 6 workers for parallel processing
[2025-12-02 19:02:01] [INFO] Loading input from: /data/user3/sobj/pipe/run2/step5/step5_doublet_list.qs
[2025-12-02 19:02:31] [INFO] Loaded intermediate object from: /data/user3/sobj/pipe/run2/step5/step5_doublet_list.qs
[2025-12-02 19:02:31] [INFO] Merging all samples...
[2025-12-02 19:02:31] [INFO] Merging 56 samples: 97_1, 95_1, 92_1, 89_1, 107_1, 106_1, 91_1, 90_1, 88_1, 82_1, 70_1, 105_1, 84_1, 81_1, 65_1, 64_1, 55_1, 54_1, 83_1, 76_1, 53_1, 44_1, 41_1, 34_1, 46_1, 33_1, 43_1, 38_2, 32_1, 71_1, 75_1, 104_1, 42_1, 80_2, 29_1, 60_1, 36_1, 31_1, 59_1, 68_1, 35_1, 117_1, 100_1, 51_1, 115_1, 113_1, 45_1, 48_1, 112_1, 111_1, 74_3, 16_1, 103_1, 110_1, 85_1, 93_1
[2025-12-02 19:02:31] [INFO]   Sample 1: 97_1 has 1070 cells
[2025-12-02 19:02:31] [INFO]   Sample 2: 95_1 has 1081 cells
[2025-12-02 19:02:31] [INFO]   Sample 3: 92_1 has 1085 cells
[2025-12-02 19:02:31] [INFO]   Sample 4: 89_1 has 1072 cells
[2025-12-02 19:02:31] [INFO]   Sample 5: 107_1 has 1077 cells
[2025-12-02 19:02:31] [INFO]   Sample 6: 106_1 has 1092 cells
[2025-12-02 19:02:31] [INFO]   Sample 7: 91_1 has 1005 cells
[2025-12-02 19:02:31] [INFO]   Sample 8: 90_1 has 1005 cells
[2025-12-02 19:02:31] [INFO]   Sample 9: 88_1 has 1004 cells
[2025-12-02 19:02:31] [INFO]   Sample 10: 82_1 has 1003 cells
[2025-12-02 19:02:31] [INFO]   Sample 11: 70_1 has 1002 cells
[2025-12-02 19:02:31] [INFO]   Sample 12: 105_1 has 1000 cells
[2025-12-02 19:02:31] [INFO]   Sample 13: 84_1 has 1129 cells
[2025-12-02 19:02:31] [INFO]   Sample 14: 81_1 has 1131 cells
[2025-12-02 19:02:31] [INFO]   Sample 15: 65_1 has 1130 cells
[2025-12-02 19:02:31] [INFO]   Sample 16: 64_1 has 1127 cells
[2025-12-02 19:02:31] [INFO]   Sample 17: 55_1 has 1127 cells
[2025-12-02 19:02:31] [INFO]   Sample 18: 54_1 has 1130 cells
[2025-12-02 19:02:31] [INFO]   Sample 19: 83_1 has 928 cells
[2025-12-02 19:02:31] [INFO]   Sample 20: 76_1 has 924 cells
[2025-12-02 19:02:31] [INFO]   Sample 21: 53_1 has 925 cells
[2025-12-02 19:02:31] [INFO]   Sample 22: 44_1 has 925 cells
[2025-12-02 19:02:31] [INFO]   Sample 23: 41_1 has 922 cells
[2025-12-02 19:02:31] [INFO]   Sample 24: 34_1 has 925 cells
[2025-12-02 19:02:31] [INFO]   Sample 25: 46_1 has 1200 cells
[2025-12-02 19:02:31] [INFO]   Sample 26: 33_1 has 1206 cells
[2025-12-02 19:02:31] [INFO]   Sample 27: 43_1 has 1198 cells
[2025-12-02 19:02:31] [INFO]   Sample 28: 38_2 has 1203 cells
[2025-12-02 19:02:31] [INFO]   Sample 29: 32_1 has 1195 cells
[2025-12-02 19:02:31] [INFO]   Sample 30: 71_1 has 1205 cells
[2025-12-02 19:02:31] [INFO]   Sample 31: 75_1 has 1202 cells
[2025-12-02 19:02:31] [INFO]   Sample 32: 104_1 has 1196 cells
[2025-12-02 19:02:31] [INFO]   Sample 33: 42_1 has 1284 cells
[2025-12-02 19:02:31] [INFO]   Sample 34: 80_2 has 1287 cells
[2025-12-02 19:02:31] [INFO]   Sample 35: 29_1 has 1288 cells
[2025-12-02 19:02:31] [INFO]   Sample 36: 60_1 has 1285 cells
[2025-12-02 19:02:31] [INFO]   Sample 37: 36_1 has 1285 cells
[2025-12-02 19:02:31] [INFO]   Sample 38: 31_1 has 1282 cells
[2025-12-02 19:02:31] [INFO]   Sample 39: 59_1 has 1286 cells
[2025-12-02 19:02:31] [INFO]   Sample 40: 68_1 has 1287 cells
[2025-12-02 19:02:31] [INFO]   Sample 41: 35_1 has 1431 cells
[2025-12-02 19:02:31] [INFO]   Sample 42: 117_1 has 1431 cells
[2025-12-02 19:02:31] [INFO]   Sample 43: 100_1 has 1431 cells
[2025-12-02 19:02:31] [INFO]   Sample 44: 51_1 has 1432 cells
[2025-12-02 19:02:31] [INFO]   Sample 45: 115_1 has 1425 cells
[2025-12-02 19:02:31] [INFO]   Sample 46: 113_1 has 1433 cells
[2025-12-02 19:02:31] [INFO]   Sample 47: 45_1 has 1425 cells
[2025-12-02 19:02:31] [INFO]   Sample 48: 48_1 has 1430 cells
[2025-12-02 19:02:31] [INFO]   Sample 49: 112_1 has 1261 cells
[2025-12-02 19:02:31] [INFO]   Sample 50: 111_1 has 1263 cells
[2025-12-02 19:02:31] [INFO]   Sample 51: 74_3 has 1261 cells
[2025-12-02 19:02:31] [INFO]   S[2025-12-02 19:02:00] Starting run: run2
[2025-12-02 19:02:00] [INFO] Step 6: Starting integration (scVI)
[2025-12-02 19:02:00] [INFO] Setting up parallel processing...
[2025-12-02 19:02:00] [INFO] Using 6 workers for parallel processing
[2025-12-02 19:02:03] [INFO] Loading input from: /data/user3/sobj/pipe/run2/step5/step5_doublet_list.qs
[2025-12-02 19:02:33] [INFO] Loaded intermediate object from: /data/user3/sobj/pipe/run2/step5/step5_doublet_list.qs
[2025-12-02 19:02:33] [INFO] Merging all samples...
[2025-12-02 19:02:33] [INFO] Merging 56 samples: 97_1, 95_1, 92_1, 89_1, 107_1, 106_1, 91_1, 90_1, 88_1, 82_1, 70_1, 105_1, 84_1, 81_1, 65_1, 64_1, 55_1, 54_1, 83_1, 76_1, 53_1, 44_1, 41_1, 34_1, 46_1, 33_1, 43_1, 38_2, 32_1, 71_1, 75_1, 104_1, 42_1, 80_2, 29_1, 60_1, 36_1, 31_1, 59_1, 68_1, 35_1, 117_1, 100_1, 51_1, 115_1, 113_1, 45_1, 48_1, 112_1, 111_1, 74_3, 16_1, 103_1, 110_1, 85_1, 93_1
[2025-12-02 19:02:33] [INFO]   Sample 1: 97_1 has 1070 cells
[2025-12-02 19:02:33] [INFO]   Sample 2: 95_1 has 1081 cells
[2025-12-02 19:02:33] [INFO]   Sample 3: 92_1 has 1085 cells
[2025-12-02 19:02:33] [INFO]   Sample 4: 89_1 has 1072 cells
[2025-12-02 19:02:33] [INFO]   Sample 5: 107_1 has 1077 cells
[2025-12-02 19:02:33] [INFO]   Sample 6: 106_1 has 1092 cells
[2025-12-02 19:02:33] [INFO]   Sample 7: 91_1 has 1005 cells
[2025-12-02 19:02:33] [INFO]   Sample 8: 90_1 has 1005 cells
[2025-12-02 19:02:33] [INFO]   Sample 9: 88_1 has 1004 cells
[2025-12-02 19:02:33] [INFO]   Sample 10: 82_1 has 1003 cells
[2025-12-02 19:02:33] [INFO]   Sample 11: 70_1 has 1002 cells
[2025-12-02 19:02:33] [INFO]   Sample 12: 105_1 has 1000 cells
[2025-12-02 19:02:33] [INFO]   Sample 13: 84_1 has 1129 cells
[2025-12-02 19:02:33] [INFO]   Sample 14: 81_1 has 1131 cells
[2025-12-02 19:02:33] [INFO]   Sample 15: 65_1 has 1130 cells
[2025-12-02 19:02:33] [INFO]   Sample 16: 64_1 has 1127 cells
[2025-12-02 19:02:33] [INFO]   Sample 17: 55_1 has 1127 cells
[2025-12-02 19:02:33] [INFO]   Sample 18: 54_1 has 1130 cells
[2025-12-02 19:02:33] [INFO]   Sample 19: 83_1 has 928 cells
[2025-12-02 19:02:33] [INFO]   Sample 20: 76_1 has 924 cells
[2025-12-02 19:02:33] [INFO]   Sample 21: 53_1 has 925 cells
[2025-12-02 19:02:33] [INFO]   Sample 22: 44_1 has 925 cells
[2025-12-02 19:02:33] [INFO]   Sample 23: 41_1 has 922 cells
[2025-12-02 19:02:33] [INFO]   Sample 24: 34_1 has 925 cells
[2025-12-02 19:02:33] [INFO]   Sample 25: 46_1 has 1200 cells
[2025-12-02 19:02:33] [INFO]   Sample 26: 33_1 has 1206 cells
[2025-12-02 19:02:33] [INFO]   Sample 27: 43_1 has 1198 cells
[2025-12-02 19:02:33] [INFO]   Sample 28: 38_2 has 1203 cells
[2025-12-02 19:02:33] [INFO]   Sample 29: 32_1 has 1195 cells
[2025-12-02 19:02:33] [INFO]   Sample 30: 71_1 has 1205 cells
[2025-12-02 19:02:33] [INFO]   Sample 31: 75_1 has 1202 cells
[2025-12-02 19:02:33] [INFO]   Sample 32: 104_1 has 1196 cells
[2025-12-02 19:02:33] [INFO]   Sample 33: 42_1 has 1284 cells
[2025-12-02 19:02:33] [INFO]   Sample 34: 80_2 has 1287 cells
[2025-12-02 19:02:33] [INFO]   Sample 35: 29_1 has 1288 cells
[2025-12-02 19:02:33] [INFO]   Sample 36: 60_1 has 1285 cells
[2025-12-02 19:02:33] [INFO]   Sample 37: 36_1 has 1285 cells
[2025-12-02 19:02:33] [INFO]   Sample 38: 31_1 has 1282 cells
[2025-12-02 19:02:33] [INFO]   Sample 39: 59_1 has 1286 cells
[2025-12-02 19:02:33] [INFO]   Sample 40: 68_1 has 1287 cells
[2025-12-02 19:02:33] [INFO]   Sample 41: 35_1 has 1431 cells
[2025-12-02 19:02:33] [INFO]   Sample 42: 117_1 has 1431 cells
[2025-12-02 19:02:33] [INFO]   Sample 43: 100_1 has 1431 cells
[2025-12-02 19:02:33] [INFO]   Sample 44: 51_1 has 1432 cells
[2025-12-02 19:02:33] [INFO]   Sample 45: 115_1 has 1425 cells
[2025-12-02 19:02:33] [INFO]   Sample 46: 113_1 has 1433 cells
[2025-12-02 19:02:33] [INFO]   Sample 47: 45_1 has 1425 cells
[2025-12-02 19:02:33] [INFO]   Sample 48: 48_1 has 1430 cells
[2025-12-02 19:02:33] [INFO]   Sample 49: 112_1 has 1261 cells
[2025-12-02 19:02:33] [INFO]   Sample 50: 111_1 has 1263 cells
[2025-12-02 19:02:33] [INFO]   Sample 51: 74_3 has 1261 cells
[2025-12-02 19:02:33] [INFO]   S
========================================
NEW RUN STARTED (same run_id: run2)
========================================

========================================
NEW RUN STARTED (same run_id: run2)
========================================

========================================
NEW RUN STARTED (same run_id: run2)
========================================

========================================
NEW RUN STARTED (same run_id: run2)
========================================
[2025-12-02 19:32:54] Starting run: run2
[2025-12-02 19:32:54] [INFO] Step 6: Starting integration (scVI)
[2025-12-02 19:32:54] [INFO] Setting up parallel processing...
[2025-12-02 19:32:54] [INFO] Using 3 workers for parallel processing
[2025-12-02 19:32:57] [INFO] Loading input from: /data/user3/sobj/pipe/run2/step5/step5_doublet_list.qs
[2025-12-02 19:33:27] [INFO] Loaded intermediate object from: /data/user3/sobj/pipe/run2/step5/step5_doublet_list.qs
[2025-12-02 19:33:27] [INFO] Merging all samples...
[2025-12-02 19:33:27] [INFO] Merging 56 samples: 97_1, 95_1, 92_1, 89_1, 107_1, 106_1, 91_1, 90_1, 88_1, 82_1, 70_1, 105_1, 84_1, 81_1, 65_1, 64_1, 55_1, 54_1, 83_1, 76_1, 53_1, 44_1, 41_1, 34_1, 46_1, 33_1, 43_1, 38_2, 32_1, 71_1, 75_1, 104_1, 42_1, 80_2, 29_1, 60_1, 36_1, 31_1, 59_1, 68_1, 35_1, 117_1, 100_1, 51_1, 115_1, 113_1, 45_1, 48_1, 112_1, 111_1, 74_3, 16_1, 103_1, 110_1, 85_1, 93_1
[2025-12-02 19:33:27] [INFO]   Sample 1: 97_1 has 1070 cells
[2025-12-02 19:33:27] [INFO]   Sample 2: 95_1 has 1081 cells
[2025-12-02 19:33:27] [INFO]   Sample 3: 92_1 has 1085 cells
[2025-12-02 19:33:27] [INFO]   Sample 4: 89_1 has 1072 cells
[2025-12-02 19:33:27] [INFO]   Sample 5: 107_1 has 1077 cells
[2025-12-02 19:33:27] [INFO]   Sample 6: 106_1 has 1092 cells
[2025-12-02 19:33:27] [INFO]   Sample 7: 91_1 has 1005 cells
[2025-12-02 19:33:27] [INFO]   Sample 8: 90_1 has 1005 cells
[2025-12-02 19:33:27] [INFO]   Sample 9: 88_1 has 1004 cells
[2025-12-02 19:33:27] [INFO]   Sample 10: 82_1 has 1003 cells
[2025-12-02 19:33:27] [INFO]   Sample 11: 70_1 has 1002 cells
[2025-12-02 19:33:27] [INFO]   Sample 12: 105_1 has 1000 cells
[2025-12-02 19:33:27] [INFO]   Sample 13: 84_1 has 1129 cells
[2025-12-02 19:33:27] [INFO]   Sample 14: 81_1 has 1131 cells
[2025-12-02 19:33:27] [INFO]   Sample 15: 65_1 has 1130 cells
[2025-12-02 19:33:27] [INFO]   Sample 16: 64_1 has 1127 cells
[2025-12-02 19:33:27] [INFO]   Sample 17: 55_1 has 1127 cells
[2025-12-02 19:33:27] [INFO]   Sample 18: 54_1 has 1130 cells
[2025-12-02 19:33:27] [INFO]   Sample 19: 83_1 has 928 cells
[2025-12-02 19:33:27] [INFO]   Sample 20: 76_1 has 924 cells
[2025-12-02 19:33:27] [INFO]   Sample 21: 53_1 has 925 cells
[2025-12-02 19:33:27] [INFO]   Sample 22: 44_1 has 925 cells
[2025-12-02 19:33:27] [INFO]   Sample 23: 41_1 has 922 cells
[2025-12-02 19:33:27] [INFO]   Sample 24: 34_1 has 925 cells
[2025-12-02 19:33:27] [INFO]   Sample 25: 46_1 has 1200 cells
[2025-12-02 19:33:27] [INFO]   Sample 26: 33_1 has 1206 cells
[2025-12-02 19:33:27] [INFO]   Sample 27: 43_1 has 1198 cells
[2025-12-02 19:33:27] [INFO]   Sample 28: 38_2 has 1203 cells
[2025-12-02 19:33:27] [INFO]   Sample 29: 32_1 has 1195 cells
[2025-12-02 19:33:27] [INFO]   Sample 30: 71_1 has 1205 cells
[2025-12-02 19:33:27] [INFO]   Sample 31: 75_1 has 1202 cells
[2025-12-02 19:33:27] [INFO]   Sample 32: 104_1 has 1196 cells
[2025-12-02 19:33:27] [INFO]   Sample 33: 42_1 has 1284 cells
[2025-12-02 19:33:27] [INFO]   Sample 34: 80_2 has 1287 cells
[2025-12-02 19:33:27] [INFO]   Sample 35: 29_1 has 1288 cells
[2025-12-02 19:33:27] [INFO]   Sample 36: 60_1 has 1285 cells
[2025-12-02 19:33:27] [INFO]   Sample 37: 36_1 has 1285 cells
[2025-12-02 19:33:27] [INFO]   Sample 38: 31_1 has 1282 cells
[2025-12-02 19:33:27] [INFO]   Sample 39: 59_1 has 1286 cells
[2025-12-02 19:33:27] [INFO]   Sample 40: 68_1 has 1287 cells
[2025-12-02 19:33:27] [INFO]   Sample 41: 35_1 has 1431 cells
[2025-12-02 19:33:27] [INFO]   Sample 42: 117_1 has 1431 cells
[2025-12-02 19:33:27] [INFO]   Sample 43: 100_1 has 1431 cells
[2025-12-02 19:33:27] [INFO]   Sample 44: 51_1 has 1432 cells
[2025-12-02 19:33:27] [INFO]   Sample 45: 115_1 has 1425 cells
[2025-12-02 19:33:27] [INFO]   Sample 46: 113_1 has 1433 cells
[2025-12-02 19:33:27] [INFO]   Sample 47: 45_1 has 1425 cells
[2025-12-02 19:33:27] [INFO]   Sample 48: 48_1 has 1430 cells
[2025-12-02 19:33:27] [INFO]   Sample 49: 112_1 has 1261 cells
[2025-12-02 19:33:27] [INFO]   Sample 50: 111_1 has 1263 cells
[2025-12-02 19:33:27] [INFO]   Sample 51: 74_3 has 1261 cells
[2025-12-02 19:33:27] [INFO]   S[2025-12-02 19:32:56] Starting run: run2
[2025-12-02 19:32:56] [INFO] Step 6: Starting integration (RPCA)
[2025-12-02 19:32:56] [INFO] Setting up parallel processing...
[2025-12-02 19:32:56] [INFO] Using 3 workers for parallel processing
[2025-12-02 19:32:59] [INFO] Loading input from: /data/user3/sobj/pipe/run2/step5/step5_doublet_list.qs
[2025-12-02 19:33:29] [INFO] Loaded intermediate object from: /data/user3/sobj/pipe/run2/step5/step5_doublet_list.qs
[2025-12-02 19:33:29] [INFO] Merging all samples...
[2025-12-02 19:33:29] [INFO] Merging 56 samples: 97_1, 95_1, 92_1, 89_1, 107_1, 106_1, 91_1, 90_1, 88_1, 82_1, 70_1, 105_1, 84_1, 81_1, 65_1, 64_1, 55_1, 54_1, 83_1, 76_1, 53_1, 44_1, 41_1, 34_1, 46_1, 33_1, 43_1, 38_2, 32_1, 71_1, 75_1, 104_1, 42_1, 80_2, 29_1, 60_1, 36_1, 31_1, 59_1, 68_1, 35_1, 117_1, 100_1, 51_1, 115_1, 113_1, 45_1, 48_1, 112_1, 111_1, 74_3, 16_1, 103_1, 110_1, 85_1, 93_1
[2025-12-02 19:33:29] [INFO]   Sample 1: 97_1 has 1070 cells
[2025-12-02 19:33:29] [INFO]   Sample 2: 95_1 has 1081 cells
[2025-12-02 19:33:29] [INFO]   Sample 3: 92_1 has 1085 cells
[2025-12-02 19:33:29] [INFO]   Sample 4: 89_1 has 1072 cells
[2025-12-02 19:33:29] [INFO]   Sample 5: 107_1 has 1077 cells
[2025-12-02 19:33:29] [INFO]   Sample 6: 106_1 has 1092 cells
[2025-12-02 19:33:29] [INFO]   Sample 7: 91_1 has 1005 cells
[2025-12-02 19:33:29] [INFO]   Sample 8: 90_1 has 1005 cells
[2025-12-02 19:33:29] [INFO]   Sample 9: 88_1 has 1004 cells
[2025-12-02 19:33:29] [INFO]   Sample 10: 82_1 has 1003 cells
[2025-12-02 19:33:29] [INFO]   Sample 11: 70_1 has 1002 cells
[2025-12-02 19:33:29] [INFO]   Sample 12: 105_1 has 1000 cells
[2025-12-02 19:33:29] [INFO]   Sample 13: 84_1 has 1129 cells
[2025-12-02 19:33:29] [INFO]   Sample 14: 81_1 has 1131 cells
[2025-12-02 19:33:29] [INFO]   Sample 15: 65_1 has 1130 cells
[2025-12-02 19:33:29] [INFO]   Sample 16: 64_1 has 1127 cells
[2025-12-02 19:33:29] [INFO]   Sample 17: 55_1 has 1127 cells
[2025-12-02 19:33:29] [INFO]   Sample 18: 54_1 has 1130 cells
[2025-12-02 19:33:29] [INFO]   Sample 19: 83_1 has 928 cells
[2025-12-02 19:33:29] [INFO]   Sample 20: 76_1 has 924 cells
[2025-12-02 19:33:29] [INFO]   Sample 21: 53_1 has 925 cells
[2025-12-02 19:33:29] [INFO]   Sample 22: 44_1 has 925 cells
[2025-12-02 19:33:29] [INFO]   Sample 23: 41_1 has 922 cells
[2025-12-02 19:33:29] [INFO]   Sample 24: 34_1 has 925 cells
[2025-12-02 19:33:29] [INFO]   Sample 25: 46_1 has 1200 cells
[2025-12-02 19:33:29] [INFO]   Sample 26: 33_1 has 1206 cells
[2025-12-02 19:33:29] [INFO]   Sample 27: 43_1 has 1198 cells
[2025-12-02 19:33:29] [INFO]   Sample 28: 38_2 has 1203 cells
[2025-12-02 19:33:29] [INFO]   Sample 29: 32_1 has 1195 cells
[2025-12-02 19:33:29] [INFO]   Sample 30: 71_1 has 1205 cells
[2025-12-02 19:33:29] [INFO]   Sample 31: 75_1 has 1202 cells
[2025-12-02 19:33:29] [INFO]   Sample 32: 104_1 has 1196 cells
[2025-12-02 19:33:29] [INFO]   Sample 33: 42_1 has 1284 cells
[2025-12-02 19:33:29] [INFO]   Sample 34: 80_2 has 1287 cells
[2025-12-02 19:33:29] [INFO]   Sample 35: 29_1 has 1288 cells
[2025-12-02 19:33:29] [INFO]   Sample 36: 60_1 has 1285 cells
[2025-12-02 19:33:29] [INFO]   Sample 37: 36_1 has 1285 cells
[2025-12-02 19:33:29] [INFO]   Sample 38: 31_1 has 1282 cells
[2025-12-02 19:33:29] [INFO]   Sample 39: 59_1 has 1286 cells
[2025-12-02 19:33:29] [INFO]   Sample 40: 68_1 has 1287 cells
[2025-12-02 19:33:29] [INFO]   Sample 41: 35_1 has 1431 cells
[2025-12-02 19:33:29] [INFO]   Sample 42: 117_1 has 1431 cells
[2025-12-02 19:33:29] [INFO]   Sample 43: 100_1 has 1431 cells
[2025-12-02 19:33:29] [INFO]   Sample 44: 51_1 has 1432 cells
[2025-12-02 19:33:29] [INFO]   Sample 45: 115_1 has 1425 cells
[2025-12-02 19:33:29] [INFO]   Sample 46: 113_1 has 1433 cells
[2025-12-02 19:33:29] [INFO]   Sample 47: 45_1 has 1425 cells
[2025-12-02 19:33:29] [INFO]   Sample 48: 48_1 has 1430 cells
[2025-12-02 19:33:29] [INFO]   Sample 49: 112_1 has 1261 cells
[2025-12-02 19:33:29] [INFO]   Sample 50: 111_1 has 1263 cells
[2025-12-02 19:33:29] [INFO]   Sample 51: 74_3 has 1261 cells
[2025-12-02 19:33:29] [INFO]   Sample 52: 16_1 has 1265 cells
[2025-12-02 19:33:27] [INFO]   Sample 53: 103_1 has 1258 cells
[2025-12-02 19:33:27] [INFO]   Sample 54: 110_1 has 1269 cells
[2025-12-02 19:33:27] [INFO]   Sample 55: 85_1 has 1268 cells
[2025-12-02 19:33:27] [INFO]   Sample 56: 93_1 has 1263 cells
[2025-12-02 19:36:54] [INFO] Merged object has 66254 cells
[2025-12-02 19:36:54] [INFO] Performing scVI integration...
[2025-12-02 19:36:58] [INFO] Python: /home/user3/miniconda3/envs/scvi-env/bin/python
[2025-12-02 19:37:57] [INFO] Running PCA (required for scVI)...
[2025-12-02 19:39:58] [INFO] PCA completed: 52134 cells, 50 dimensions
[2025-12-02 19:39:58] [INFO] Running scVIIntegration...

========================================
NEW RUN STARTED (same run_id: run2)
========================================
[2025-12-02 19:54:07] Starting run: run2
[2025-12-02 19:54:07] [INFO] Step 6: Starting integration (scVI)
[2025-12-02 19:54:07] [INFO] Setting up parallel processing...
[2025-12-02 19:54:07] [INFO] Using 6 workers for parallel processing
[2025-12-02 19:54:09] [INFO] Loading input from: /data/user3/sobj/pipe/run2/step5/step5_doublet_list.qs
[2025-12-02 19:54:41] [INFO] Loaded intermediate object from: /data/user3/sobj/pipe/run2/step5/step5_doublet_list.qs
[2025-12-02 19:54:41] [INFO] Merging all samples...
[2025-12-02 19:54:41] [INFO] Merging 56 samples: 97_1, 95_1, 92_1, 89_1, 107_1, 106_1, 91_1, 90_1, 88_1, 82_1, 70_1, 105_1, 84_1, 81_1, 65_1, 64_1, 55_1, 54_1, 83_1, 76_1, 53_1, 44_1, 41_1, 34_1, 46_1, 33_1, 43_1, 38_2, 32_1, 71_1, 75_1, 104_1, 42_1, 80_2, 29_1, 60_1, 36_1, 31_1, 59_1, 68_1, 35_1, 117_1, 100_1, 51_1, 115_1, 113_1, 45_1, 48_1, 112_1, 111_1, 74_3, 16_1, 103_1, 110_1, 85_1, 93_1
[2025-12-02 19:54:41] [INFO]   Sample 1: 97_1 has 1070 cells
[2025-12-02 19:54:41] [INFO]   Sample 2: 95_1 has 1081 cells
[2025-12-02 19:54:41] [INFO]   Sample 3: 92_1 has 1085 cells
[2025-12-02 19:54:41] [INFO]   Sample 4: 89_1 has 1072 cells
[2025-12-02 19:54:41] [INFO]   Sample 5: 107_1 has 1077 cells
[2025-12-02 19:54:41] [INFO]   Sample 6: 106_1 has 1092 cells
[2025-12-02 19:54:41] [INFO]   Sample 7: 91_1 has 1005 cells
[2025-12-02 19:54:41] [INFO]   Sample 8: 90_1 has 1005 cells
[2025-12-02 19:54:41] [INFO]   Sample 9: 88_1 has 1004 cells
[2025-12-02 19:54:41] [INFO]   Sample 10: 82_1 has 1003 cells
[2025-12-02 19:54:41] [INFO]   Sample 11: 70_1 has 1002 cells
[2025-12-02 19:54:41] [INFO]   Sample 12: 105_1 has 1000 cells
[2025-12-02 19:54:41] [INFO]   Sample 13: 84_1 has 1129 cells
[2025-12-02 19:54:41] [INFO]   Sample 14: 81_1 has 1131 cells
[2025-12-02 19:54:41] [INFO]   Sample 15: 65_1 has 1130 cells
[2025-12-02 19:54:41] [INFO]   Sample 16: 64_1 has 1127 cells
[2025-12-02 19:54:41] [INFO]   Sample 17: 55_1 has 1127 cells
[2025-12-02 19:54:41] [INFO]   Sample 18: 54_1 has 1130 cells
[2025-12-02 19:54:41] [INFO]   Sample 19: 83_1 has 928 cells
[2025-12-02 19:54:41] [INFO]   Sample 20: 76_1 has 924 cells
[2025-12-02 19:54:41] [INFO]   Sample 21: 53_1 has 925 cells
[2025-12-02 19:54:41] [INFO]   Sample 22: 44_1 has 925 cells
[2025-12-02 19:54:41] [INFO]   Sample 23: 41_1 has 922 cells
[2025-12-02 19:54:41] [INFO]   Sample 24: 34_1 has 925 cells
[2025-12-02 19:54:41] [INFO]   Sample 25: 46_1 has 1200 cells
[2025-12-02 19:54:41] [INFO]   Sample 26: 33_1 has 1206 cells
[2025-12-02 19:54:41] [INFO]   Sample 27: 43_1 has 1198 cells
[2025-12-02 19:54:41] [INFO]   Sample 28: 38_2 has 1203 cells
[2025-12-02 19:54:41] [INFO]   Sample 29: 32_1 has 1195 cells
[2025-12-02 19:54:41] [INFO]   Sample 30: 71_1 has 1205 cells
[2025-12-02 19:54:41] [INFO]   Sample 31: 75_1 has 1202 cells
[2025-12-02 19:54:41] [INFO]   Sample 32: 104_1 has 1196 cells
[2025-12-02 19:54:41] [INFO]   Sample 33: 42_1 has 1284 cells
[2025-12-02 19:54:41] [INFO]   Sample 34: 80_2 has 1287 cells
[2025-12-02 19:54:41] [INFO]   Sample 35: 29_1 has 1288 cells
[2025-12-02 19:54:41] [INFO]   Sample 36: 60_1 has 1285 cells
[2025-12-02 19:54:41] [INFO]   Sample 37: 36_1 has 1285 cells
[2025-12-02 19:54:41] [INFO]   Sample 38: 31_1 has 1282 cells
[2025-12-02 19:54:41] [INFO]   Sample 39: 59_1 has 1286 cells
[2025-12-02 19:54:41] [INFO]   Sample 40: 68_1 has 1287 cells
[2025-12-02 19:54:41] [INFO]   Sample 41: 35_1 has 1431 cells
[2025-12-02 19:54:41] [INFO]   Sample 42: 117_1 has 1431 cells
[2025-12-02 19:54:41] [INFO]   Sample 43: 100_1 has 1431 cells
[2025-12-02 19:54:41] [INFO]   Sample 44: 51_1 has 1432 cells
[2025-12-02 19:54:41] [INFO]   Sample 45: 115_1 has 1425 cells
[2025-12-02 19:54:41] [INFO]   Sample 46: 113_1 has 1433 cells
[2025-12-02 19:54:41] [INFO]   Sample 47: 45_1 has 1425 cells
[2025-12-02 19:54:41] [INFO]   Sample 48: 48_1 has 1430 cells
[2025-12-02 19:54:41] [INFO]   Sample 49: 112_1 has 1261 cells
[2025-12-02 19:54:41] [INFO]   Sample 50: 111_1 has 1263 cells
[2025-12-02 19:54:41] [INFO]   Sample 51: 74_3 has 1261 cells
[2025-12-02 19:54:41] [INFO]   Sample 52: 16_1 has 1265 cells
[2025-12-02 19:54:41] [INFO]   Sample 53: 103_1 has 1258 cells
[2025-12-02 19:54:41] [INFO]   Sample 54: 110_1 has 1269 cells
[2025-12-02 19:54:41] [INFO]   Sample 55: 85_1 has 1268 cells
[2025-12-02 19:54:41] [INFO]   Sample 56: 93_1 has 1263 cells
[2025-12-02 19:58:02] [INFO] Merged object has 66254 cells
[2025-12-02 19:58:02] [INFO] Performing scVI integration...
[2025-12-02 19:58:07] [INFO] Python: /home/user3/miniconda3/envs/scvi-env/bin/python
[2025-12-02 19:59:05] [INFO] Running PCA (required for scVI)...
[2025-12-02 20:01:01] [INFO] PCA completed: 52134 cells, 50 dimensions
[2025-12-02 20:01:01] [INFO] Running scVIIntegration...
[2025-12-02 21:37:08] [INFO] Cell count before integration: 66254
[2025-12-02 21:37:08] [INFO] Running scVIIntegration...
[2025-12-02 23:13:42] [INFO] Cell count after integration: 66254
[2025-12-02 23:13:42] [INFO] integrated.scvi reduction: 66254 cells, 30 dimensions
[2025-12-02 23:13:42] [INFO] integrated.scvi loadings: 0 features, 0 dimensions
[2025-12-02 23:13:42] [INFO] scVIIntegration completed. Saving intermediate result to: /data/user3/sobj/pipe/run2/step6/step6_integration_scvi.qs
[2025-12-02 23:14:10] [INFO] Running downstream analysis...
[2025-12-02 23:14:10] [INFO] Finding neighbors using dims: 1
[2025-12-02 23:14:45] [INFO] Finding clusters...
[2025-12-02 23:15:01] [INFO] Running UMAP...
[2025-12-02 23:15:01] [ERROR] !!! ERROR in downstream analysis: Please provide as many or more dims than n.components: 1 dims provided, 2 UMAP components requested !!!
[2025-12-02 23:15:01] [WARNING] Returning object with integration only (without downstream analysis)
[2025-12-02 23:15:01] [INFO] Downstream analysis completed
[2025-12-02 23:15:01] [INFO] Saving final integrated object to: /data/user3/sobj/pipe/run2/step6/step6_integration_scvi.qs
[2025-12-02 23:15:01] [WARNING] File already exists, saving as: /data/user3/sobj/pipe/run2/step6/step6_integration_scvi_1.qs
[2025-12-02 23:15:30] [INFO] Saved intermediate object to: /data/user3/sobj/pipe/run2/step6/step6_integration_scvi_1.qs
[2025-12-02 23:15:30] [INFO] Step 6 completed: Integration finished with 66254 cells
[2025-12-02 23:15:30] [INFO] Final reduction 'integrated.scvi': 66254 cells, 30 dimensions

========================================
NEW RUN STARTED (same run_id: run2)
========================================
[2025-12-02 23:16:02] Starting run: run2
[2025-12-02 23:16:02] [INFO] Step 6: Starting integration (RPCA)
[2025-12-02 23:16:02] [INFO] Setting up parallel processing...
[2025-12-02 23:16:02] [INFO] Using 6 workers for parallel processing
[2025-12-02 23:16:05] [INFO] Loading input from: /data/user3/sobj/pipe/run2/step5/step5_doublet_list.qs
[2025-12-02 23:16:36] [INFO] Loaded intermediate object from: /data/user3/sobj/pipe/run2/step5/step5_doublet_list.qs
[2025-12-02 23:16:36] [INFO] Merging all samples...
[2025-12-02 23:16:36] [INFO] Merging 56 samples: 97_1, 95_1, 92_1, 89_1, 107_1, 106_1, 91_1, 90_1, 88_1, 82_1, 70_1, 105_1, 84_1, 81_1, 65_1, 64_1, 55_1, 54_1, 83_1, 76_1, 53_1, 44_1, 41_1, 34_1, 46_1, 33_1, 43_1, 38_2, 32_1, 71_1, 75_1, 104_1, 42_1, 80_2, 29_1, 60_1, 36_1, 31_1, 59_1, 68_1, 35_1, 117_1, 100_1, 51_1, 115_1, 113_1, 45_1, 48_1, 112_1, 111_1, 74_3, 16_1, 103_1, 110_1, 85_1, 93_1
[2025-12-02 23:16:36] [INFO]   Sample 1: 97_1 has 1070 cells
[2025-12-02 23:16:36] [INFO]   Sample 2: 95_1 has 1081 cells
[2025-12-02 23:16:36] [INFO]   Sample 3: 92_1 has 1085 cells
[2025-12-02 23:16:36] [INFO]   Sample 4: 89_1 has 1072 cells
[2025-12-02 23:16:36] [INFO]   Sample 5: 107_1 has 1077 cells
[2025-12-02 23:16:36] [INFO]   Sample 6: 106_1 has 1092 cells
[2025-12-02 23:16:36] [INFO]   Sample 7: 91_1 has 1005 cells
[2025-12-02 23:16:36] [INFO]   Sample 8: 90_1 has 1005 cells
[2025-12-02 23:16:36] [INFO]   Sample 9: 88_1 has 1004 cells
[2025-12-02 23:16:36] [INFO]   Sample 10: 82_1 has 1003 cells
[2025-12-02 23:16:36] [INFO]   Sample 11: 70_1 has 1002 cells
[2025-12-02 23:16:36] [INFO]   Sample 12: 105_1 has 1000 cells
[2025-12-02 23:16:36] [INFO]   Sample 13: 84_1 has 1129 cells
[2025-12-02 23:16:36] [INFO]   Sample 14: 81_1 has 1131 cells
[2025-12-02 23:16:36] [INFO]   Sample 15: 65_1 has 1130 cells
[2025-12-02 23:16:36] [INFO]   Sample 16: 64_1 has 1127 cells
[2025-12-02 23:16:36] [INFO]   Sample 17: 55_1 has 1127 cells
[2025-12-02 23:16:36] [INFO]   Sample 18: 54_1 has 1130 cells
[2025-12-02 23:16:36] [INFO]   Sample 19: 83_1 has 928 cells
[2025-12-02 23:16:36] [INFO]   Sample 20: 76_1 has 924 cells
[2025-12-02 23:16:36] [INFO]   Sample 21: 53_1 has 925 cells
[2025-12-02 23:16:36] [INFO]   Sample 22: 44_1 has 925 cells
[2025-12-02 23:16:36] [INFO]   Sample 23: 41_1 has 922 cells
[2025-12-02 23:16:36] [INFO]   Sample 24: 34_1 has 925 cells
[2025-12-02 23:16:36] [INFO]   Sample 25: 46_1 has 1200 cells
[2025-12-02 23:16:36] [INFO]   Sample 26: 33_1 has 1206 cells
[2025-12-02 23:16:36] [INFO]   Sample 27: 43_1 has 1198 cells
[2025-12-02 23:16:36] [INFO]   Sample 28: 38_2 has 1203 cells
[2025-12-02 23:16:36] [INFO]   Sample 29: 32_1 has 1195 cells
[2025-12-02 23:16:36] [INFO]   Sample 30: 71_1 has 1205 cells
[2025-12-02 23:16:36] [INFO]   Sample 31: 75_1 has 1202 cells
[2025-12-02 23:16:36] [INFO]   Sample 32: 104_1 has 1196 cells
[2025-12-02 23:16:36] [INFO]   Sample 33: 42_1 has 1284 cells
[2025-12-02 23:16:36] [INFO]   Sample 34: 80_2 has 1287 cells
[2025-12-02 23:16:36] [INFO]   Sample 35: 29_1 has 1288 cells
[2025-12-02 23:16:36] [INFO]   Sample 36: 60_1 has 1285 cells
[2025-12-02 23:16:36] [INFO]   Sample 37: 36_1 has 1285 cells
[2025-12-02 23:16:36] [INFO]   Sample 38: 31_1 has 1282 cells
[2025-12-02 23:16:36] [INFO]   Sample 39: 59_1 has 1286 cells
[2025-12-02 23:16:36] [INFO]   Sample 40: 68_1 has 1287 cells
[2025-12-02 23:16:36] [INFO]   Sample 41: 35_1 has 1431 cells
[2025-12-02 23:16:36] [INFO]   Sample 42: 117_1 has 1431 cells
[2025-12-02 23:16:36] [INFO]   Sample 43: 100_1 has 1431 cells
[2025-12-02 23:16:36] [INFO]   Sample 44: 51_1 has 1432 cells
[2025-12-02 23:16:36] [INFO]   Sample 45: 115_1 has 1425 cells
[2025-12-02 23:16:36] [INFO]   Sample 46: 113_1 has 1433 cells
[2025-12-02 23:16:36] [INFO]   Sample 47: 45_1 has 1425 cells
[2025-12-02 23:16:36] [INFO]   Sample 48: 48_1 has 1430 cells
[2025-12-02 23:16:36] [INFO]   Sample 49: 112_1 has 1261 cells
[2025-12-02 23:16:36] [INFO]   Sample 50: 111_1 has 1263 cells
[2025-12-02 23:16:36] [INFO]   Sample 51: 74_3 has 1261 cells
[2025-12-02 23:16:36] [INFO]   Sample 52: 16_1 has 1265 cells
[2025-12-02 23:16:36] [INFO]   Sample 53: 103_1 has 1258 cells
[2025-12-02 23:16:36] [INFO]   Sample 54: 110_1 has 1269 cells
[2025-12-02 23:16:36] [INFO]   Sample 55: 85_1 has 1268 cells
[2025-12-02 23:16:36] [INFO]   Sample 56: 93_1 has 1263 cells
[2025-12-02 23:19:57] [INFO] Merged object has 66254 cells
[2025-12-02 23:19:57] [INFO] Performing RPCA integration using FindIntegrationAnchors/IntegrateData method...
[2025-12-02 23:20:54] [INFO] Splitting by batch column: GEM
[2025-12-02 23:21:10] [INFO] Processing 8 batches...
[2025-12-03 01:12:50] [INFO] Selecting integration features...
[2025-12-03 01:12:50] [INFO] Preparing SCT integration...
[2025-12-03 01:35:49] [INFO] Finding integration anchors...
