[2026-02-14 09:16:55] === CellChat Analysis (Proper Aggregation Method) === 
[2026-02-14 09:16:55] Run: hc_age_v1 
[2026-02-14 09:16:55] Loading Seurat object from: /data/user3/sobj/hc_only_v1/2_hc_annotated.qs 
[2026-02-14 09:17:29] Output directory: /data/user3/sobj/hc_only_v1/cellchat/age_v1 
[2026-02-14 09:17:29] split.by: name (96 samples) 
[2026-02-14 09:17:29] aggregate.by: age_group 
[2026-02-14 09:17:29] Conditions: Young, Old 
[2026-02-14 09:17:29] This is the PROPER method (like pseudobulk DEG analysis) 
[2026-02-14 09:17:29] Analyzing 68 samples independently... 
[2026-02-14 09:17:29] 
[1/68] Processing: HC001 
[2026-02-14 09:17:37]   Cells: 3903 
[2026-02-14 09:17:37]   Creating CellChat object... 
[2026-02-14 09:17:37]     DB: Secreted Signaling 
[2026-02-14 09:17:37]     Parallel: multicore with 4 workers (Cells: 3903) 
[2026-02-14 09:17:42]   Computing probabilities... 
[2026-02-14 09:28:40]   Computing pathways... 
[2026-02-14 09:28:43] 
[2/68] Processing: HC003 
[2026-02-14 09:28:48]   Cells: 3619 
[2026-02-14 09:28:48]   Creating CellChat object... 
[2026-02-14 09:28:48]     DB: Secreted Signaling 
[2026-02-14 09:28:48]     Parallel: multicore with 4 workers (Cells: 3619) 
[2026-02-14 09:28:54]   Computing probabilities... 
[2026-02-14 09:43:28]   Computing pathways... 
[2026-02-14 09:43:30] 
[3/68] Processing: HC005 
[2026-02-14 09:43:37]   Cells: 2801 
[2026-02-14 09:43:37]   Creating CellChat object... 
[2026-02-14 09:43:37]     DB: Secreted Signaling 
[2026-02-14 09:43:37]     Parallel: multicore with 4 workers (Cells: 2801) 
[2026-02-14 09:43:42]   Computing probabilities... 
[2026-02-14 09:57:22]   Computing pathways... 
[2026-02-14 09:57:24] 
[4/68] Processing: HC006 
[2026-02-14 09:57:34]   Cells: 3655 
[2026-02-14 09:57:34]   Creating CellChat object... 
[2026-02-14 09:57:34]     DB: Secreted Signaling 
[2026-02-14 09:57:34]     Parallel: multicore with 4 workers (Cells: 3655) 
[2026-02-14 09:57:40]   Computing probabilities... 
[2026-02-14 10:15:50]   Computing pathways... 
[2026-02-14 10:15:53] 
[5/68] Processing: HC007 
[2026-02-14 10:15:58]   Cells: 2252 
[2026-02-14 10:15:58]   Creating CellChat object... 
[2026-02-14 10:15:58]     DB: Secreted Signaling 
[2026-02-14 10:15:58]     Parallel: multicore with 4 workers (Cells: 2252) 
[2026-02-14 10:16:04]   Computing probabilities... 
[2026-02-14 10:31:43]   Computing pathways... 
[2026-02-14 10:31:45] 
[6/68] Processing: HC008 
[2026-02-14 10:31:50]   Cells: 2110 
[2026-02-14 10:31:50]   Creating CellChat object... 
[2026-02-14 10:31:50]     DB: Secreted Signaling 
[2026-02-14 10:31:50]     Parallel: multicore with 4 workers (Cells: 2110) 
[2026-02-14 10:31:56]   Computing probabilities... 
[2026-02-14 10:45:09]   Computing pathways... 
[2026-02-14 10:45:11] 
[7/68] Processing: HC009 
[2026-02-14 10:45:17]   Cells: 2580 
[2026-02-14 10:45:17]   Creating CellChat object... 
[2026-02-14 10:45:17]     DB: Secreted Signaling 
[2026-02-14 10:45:17]     Parallel: multicore with 4 workers (Cells: 2580) 
[2026-02-14 10:45:23]   Computing probabilities... 
[2026-02-14 11:07:41]   Computing pathways... 
[2026-02-14 11:07:43] 
[8/68] Processing: HC010 
[2026-02-14 11:07:49]   Cells: 2626 
[2026-02-14 11:07:49]   Creating CellChat object... 
[2026-02-14 11:07:49]     DB: Secreted Signaling 
[2026-02-14 11:07:49]     Parallel: multicore with 4 workers (Cells: 2626) 
[2026-02-14 11:07:54]   Computing probabilities... 
[2026-02-14 11:29:56]   Computing pathways... 
[2026-02-14 11:30:00] 
[9/68] Processing: HC011 
[2026-02-14 11:30:05]   Cells: 2401 
[2026-02-14 11:30:05]   Creating CellChat object... 
[2026-02-14 11:30:05]     DB: Secreted Signaling 
[2026-02-14 11:30:05]     Parallel: multicore with 4 workers (Cells: 2401) 
[2026-02-14 11:30:11]   Computing probabilities... 
[2026-02-14 11:45:23]   Computing pathways... 
[2026-02-14 11:45:24] 
[10/68] Processing: HC013 
[2026-02-14 11:45:29]   Cells: 1981 
[2026-02-14 11:45:29]   Creating CellChat object... 
[2026-02-14 11:45:29]     DB: Secreted Signaling 
[2026-02-14 11:45:29]     Parallel: multicore with 4 workers (Cells: 1981) 
[2026-02-14 11:45:35]   Computing probabilities... 
[2026-02-14 12:12:43]   Computing pathways... 
[2026-02-14 12:12:44] 
[11/68] Processing: HC014 
[2026-02-14 12:12:50]   Cells: 1895 
[2026-02-14 12:12:50]   Creating CellChat object... 
[2026-02-14 12:12:50]     DB: Secreted Signaling 
[2026-02-14 12:12:50]     Parallel: multicore with 4 workers (Cells: 1895) 
[2026-02-14 12:12:55]   Computing probabilities... 
[2026-02-14 12:32:36]   Computing pathways... 
[2026-02-14 12:32:37] 
[12/68] Processing: HC015 
[2026-02-14 12:32:43]   Cells: 1551 
[2026-02-14 12:32:43]   Creating CellChat object... 
[2026-02-14 12:32:43]     DB: Secreted Signaling 
[2026-02-14 12:32:43]     Parallel: multicore with 4 workers (Cells: 1551) 
[2026-02-14 12:32:48]   Computing probabilities... 
[2026-02-14 12:42:40]   Computing pathways... 
[2026-02-14 12:42:42] 
[13/68] Processing: HC017 
[2026-02-14 12:42:48]   Cells: 6749 
[2026-02-14 12:42:48]   Creating CellChat object... 
[2026-02-14 12:42:48]     DB: Secreted Signaling 
[2026-02-14 12:42:48]     Parallel: multicore with 8 workers (Cells: 6749) 
[2026-02-14 12:42:59]   Computing probabilities... 
[2026-02-14 12:50:24]   Computing pathways... 
[2026-02-14 12:50:27] 
[14/68] Processing: HC018 
[2026-02-14 12:50:32]   Cells: 5928 
[2026-02-14 12:50:32]   Creating CellChat object... 
[2026-02-14 12:50:32]     DB: Secreted Signaling 
[2026-02-14 12:50:32]     Parallel: multicore with 8 workers (Cells: 5928) 
[2026-02-14 12:50:42]   Computing probabilities... 
[2026-02-14 13:02:51]   Computing pathways... 
[2026-02-14 13:02:54] 
[15/68] Processing: HC020 
[2026-02-14 13:02:59]   Cells: 7001 
[2026-02-14 13:02:59]   Creating CellChat object... 
[2026-02-14 13:02:59]     DB: Secreted Signaling 
[2026-02-14 13:02:59]     Parallel: multicore with 8 workers (Cells: 7001) 
[2026-02-14 13:03:10]   Computing probabilities... 
[2026-02-14 13:10:58]   Computing pathways... 
[2026-02-14 13:11:01] 
[16/68] Processing: HC021 
[2026-02-14 13:11:08]   Cells: 8516 
[2026-02-14 13:11:08]   Creating CellChat object... 
[2026-02-14 13:11:08]     DB: Secreted Signaling 
[2026-02-14 13:11:08]     Parallel: multicore with 8 workers (Cells: 8516) 
[2026-02-14 13:11:19]   Computing probabilities... 
[2026-02-14 13:27:00]   Computing pathways... 
[2026-02-14 13:27:03] 
[17/68] Processing: HC023 
[2026-02-14 13:27:10]   Cells: 8867 
[2026-02-14 13:27:10]   Creating CellChat object... 
[2026-02-14 13:27:10]     DB: Secreted Signaling 
[2026-02-14 13:27:10]     Parallel: multicore with 8 workers (Cells: 8867) 
[2026-02-14 13:27:21]   Computing probabilities... 
[2026-02-14 13:38:19]   Computing pathways... 
[2026-02-14 13:38:23] 
[18/68] Processing: HC025 
[2026-02-14 13:38:28]   Cells: 9241 
[2026-02-14 13:38:28]   Creating CellChat object... 
[2026-02-14 13:38:28]     DB: Secreted Signaling 
[2026-02-14 13:38:28]     Parallel: multicore with 8 workers (Cells: 9241) 
[2026-02-14 13:38:39]   Computing probabilities... 
[2026-02-14 13:48:04]   Computing pathways... 
[2026-02-14 13:48:07] 
[19/68] Processing: HC026 
[2026-02-14 13:48:13]   Cells: 7951 
[2026-02-14 13:48:13]   Creating CellChat object... 
[2026-02-14 13:48:13]     DB: Secreted Signaling 
[2026-02-14 13:48:13]     Parallel: multicore with 8 workers (Cells: 7951) 
[2026-02-14 13:48:24]   Computing probabilities... 
[2026-02-14 13:57:54]   Computing pathways... 
[2026-02-14 13:57:57] 
[20/68] Processing: HC028 
[2026-02-14 13:58:03]   Cells: 8974 
[2026-02-14 13:58:03]   Creating CellChat object... 
[2026-02-14 13:58:03]     DB: Secreted Signaling 
[2026-02-14 13:58:03]     Parallel: multicore with 8 workers (Cells: 8974) 
[2026-02-14 13:58:14]   Computing probabilities... 
[2026-02-14 14:05:55]   Computing pathways... 
[2026-02-14 14:05:58] 
[21/68] Processing: HC029 
[2026-02-14 14:06:03]   Cells: 7473 
[2026-02-14 14:06:03]   Creating CellChat object... 
[2026-02-14 14:06:03]     DB: Secreted Signaling 
[2026-02-14 14:06:03]     Parallel: multicore with 8 workers (Cells: 7473) 
[2026-02-14 14:06:14]   Computing probabilities... 
[2026-02-14 14:22:05]   Computing pathways... 
[2026-02-14 14:22:08] 
[22/68] Processing: HC031 
[2026-02-14 14:22:14]   Cells: 13765 
[2026-02-14 14:22:14]   Creating CellChat object... 
[2026-02-14 14:22:14]     DB: Secreted Signaling 
[2026-02-14 14:22:14]     Parallel: multicore with 8 workers (Cells: 13765) 
[2026-02-14 14:22:27]   Computing probabilities... 
[2026-02-14 14:29:52]   Computing pathways... 
[2026-02-14 14:29:56] 
[23/68] Processing: HC033 
[2026-02-14 14:30:01]   Cells: 8971 
[2026-02-14 14:30:01]   Creating CellChat object... 
[2026-02-14 14:30:01]     DB: Secreted Signaling 
[2026-02-14 14:30:01]     Parallel: multicore with 8 workers (Cells: 8971) 
[2026-02-14 14:30:13]   Computing probabilities... 
[2026-02-14 14:39:40]   Computing pathways... 
[2026-02-14 14:39:44] 
[24/68] Processing: HC035 
[2026-02-14 14:39:49]   Cells: 4948 
[2026-02-14 14:39:49]   Creating CellChat object... 
[2026-02-14 14:39:49]     DB: Secreted Signaling 
[2026-02-14 14:39:49]     Parallel: multicore with 4 workers (Cells: 4948) 
[2026-02-14 14:39:55]   Computing probabilities... 
[2026-02-14 14:52:58]   Computing pathways... 
[2026-02-14 14:53:02] 
[25/68] Processing: HC036 
[2026-02-14 14:53:08]   Cells: 9933 
[2026-02-14 14:53:08]   Creating CellChat object... 
[2026-02-14 14:53:08]     DB: Secreted Signaling 
[2026-02-14 14:53:08]     Parallel: multicore with 8 workers (Cells: 9933) 
[2026-02-14 14:53:20]   Computing probabilities... 
[2026-02-14 15:02:51]   Computing pathways... 
[2026-02-14 15:02:55] 
[26/68] Processing: HC037 
[2026-02-14 15:03:00]   Cells: 5722 
[2026-02-14 15:03:00]   Creating CellChat object... 
[2026-02-14 15:03:00]     DB: Secreted Signaling 
[2026-02-14 15:03:00]     Parallel: multicore with 8 workers (Cells: 5722) 
[2026-02-14 15:03:11]   Computing probabilities... 
[2026-02-14 15:12:50]   Computing pathways... 
[2026-02-14 15:12:53] 
[27/68] Processing: HC038 
[2026-02-14 15:12:59]   Cells: 7316 
[2026-02-14 15:12:59]   Creating CellChat object... 
[2026-02-14 15:12:59]     DB: Secreted Signaling 
[2026-02-14 15:12:59]     Parallel: multicore with 8 workers (Cells: 7316) 
[2026-02-14 15:13:10]   Computing probabilities... 
[2026-02-14 15:26:23]   Computing pathways... 
[2026-02-14 15:26:27] 
[28/68] Processing: HC039 
[2026-02-14 15:26:32]   Cells: 2782 
[2026-02-14 15:26:32]   Creating CellChat object... 
[2026-02-14 15:26:32]     DB: Secreted Signaling 
[2026-02-14 15:26:32]     Parallel: multicore with 4 workers (Cells: 2782) 
[2026-02-14 15:26:38]   Computing probabilities... 
[2026-02-14 15:38:15]   Computing pathways... 
[2026-02-14 15:38:17] 
[29/68] Processing: HC040 
[2026-02-14 15:38:22]   Cells: 5796 
[2026-02-14 15:38:22]   Creating CellChat object... 
[2026-02-14 15:38:22]     DB: Secreted Signaling 
[2026-02-14 15:38:23]     Parallel: multicore with 8 workers (Cells: 5796) 
[2026-02-14 15:38:33]   Computing probabilities... 
[2026-02-14 15:54:26]   Computing pathways... 
[2026-02-14 15:54:29] 
[30/68] Processing: HC041 
[2026-02-14 15:54:34]   Cells: 3765 
[2026-02-14 15:54:34]   Creating CellChat object... 
[2026-02-14 15:54:34]     DB: Secreted Signaling 
[2026-02-14 15:54:34]     Parallel: multicore with 4 workers (Cells: 3765) 
[2026-02-14 15:54:40]   Computing probabilities... 
[2026-02-14 16:07:30]   Computing pathways... 
[2026-02-14 16:07:33] 
[31/68] Processing: HC044 
[2026-02-14 16:07:38]   Cells: 3454 
[2026-02-14 16:07:38]   Creating CellChat object... 
[2026-02-14 16:07:38]     DB: Secreted Signaling 
[2026-02-14 16:07:38]     Parallel: multicore with 4 workers (Cells: 3454) 
[2026-02-14 16:07:43]   Computing probabilities... 
[2026-02-14 16:17:37]   Computing pathways... 
[2026-02-14 16:17:40] 
[32/68] Processing: HC045 
[2026-02-14 16:17:44]   Cells: 2662 
[2026-02-14 16:17:44]   Creating CellChat object... 
[2026-02-14 16:17:44]     DB: Secreted Signaling 
[2026-02-14 16:17:44]     Parallel: multicore with 4 workers (Cells: 2662) 
[2026-02-14 16:17:50]   Computing probabilities... 
[2026-02-14 16:27:12]   Computing pathways... 
[2026-02-14 16:27:14] 
[33/68] Processing: HC046 
[2026-02-14 16:27:19]   Cells: 3538 
[2026-02-14 16:27:19]   Creating CellChat object... 
[2026-02-14 16:27:19]     DB: Secreted Signaling 
[2026-02-14 16:27:19]     Parallel: multicore with 4 workers (Cells: 3538) 
[2026-02-14 16:27:25]   Computing probabilities... 
[2026-02-14 16:35:51]   Computing pathways... 
[2026-02-14 16:35:53] 
[34/68] Processing: HC047 
[2026-02-14 16:36:01]   Cells: 6094 
[2026-02-14 16:36:01]   Creating CellChat object... 
[2026-02-14 16:36:01]     DB: Secreted Signaling 
[2026-02-14 16:36:01]     Parallel: multicore with 8 workers (Cells: 6094) 
[2026-02-14 16:36:12]   Computing probabilities... 
[2026-02-14 16:47:49]   Computing pathways... 
[2026-02-14 16:47:52] 
[35/68] Processing: HC048 
[2026-02-14 16:47:58]   Cells: 7969 
[2026-02-14 16:47:58]   Creating CellChat object... 
[2026-02-14 16:47:58]     DB: Secreted Signaling 
[2026-02-14 16:47:58]     Parallel: multicore with 8 workers (Cells: 7969) 
[2026-02-14 16:48:09]   Computing probabilities... 
[2026-02-14 16:56:22]   Computing pathways... 
[2026-02-14 16:56:26] 
[36/68] Processing: HC049 
[2026-02-14 16:56:31]   Cells: 5281 
[2026-02-14 16:56:31]   Creating CellChat object... 
[2026-02-14 16:56:31]     DB: Secreted Signaling 
[2026-02-14 16:56:31]     Parallel: multicore with 8 workers (Cells: 5281) 
[2026-02-14 16:56:42]   Computing probabilities... 
[2026-02-14 17:04:58]   Computing pathways... 
[2026-02-14 17:05:00] 
[37/68] Processing: HC050 
[2026-02-14 17:05:05]   Cells: 8071 
[2026-02-14 17:05:05]   Creating CellChat object... 
[2026-02-14 17:05:05]     DB: Secreted Signaling 
[2026-02-14 17:05:05]     Parallel: multicore with 8 workers (Cells: 8071) 
[2026-02-14 17:05:17]   Computing probabilities... 
[2026-02-14 17:15:13]   Computing pathways... 
[2026-02-14 17:15:16] 
[38/68] Processing: HC051 
[2026-02-14 17:15:21]   Cells: 8134 
[2026-02-14 17:15:21]   Creating CellChat object... 
[2026-02-14 17:15:21]     DB: Secreted Signaling 
[2026-02-14 17:15:21]     Parallel: multicore with 8 workers (Cells: 8134) 
[2026-02-14 17:15:33]   Computing probabilities... 
[2026-02-14 17:23:10]   Computing pathways... 
[2026-02-14 17:23:13] 
[39/68] Processing: HC052 
[2026-02-14 17:23:17]   Cells: 5095 
[2026-02-14 17:23:17]   Creating CellChat object... 
[2026-02-14 17:23:17]     DB: Secreted Signaling 
[2026-02-14 17:23:17]     Parallel: multicore with 8 workers (Cells: 5095) 
[2026-02-14 17:23:28]   Computing probabilities... 
[2026-02-14 17:30:15]   Computing pathways... 
[2026-02-14 17:30:17] 
[40/68] Processing: HC053 
[2026-02-14 17:30:22]   Cells: 4916 
[2026-02-14 17:30:22]   Creating CellChat object... 
[2026-02-14 17:30:22]     DB: Secreted Signaling 
[2026-02-14 17:30:22]     Parallel: multicore with 4 workers (Cells: 4916) 
[2026-02-14 17:30:28]   Computing probabilities... 
[2026-02-14 17:37:12]   Computing pathways... 
[2026-02-14 17:37:15] 
[41/68] Processing: HC057 
[2026-02-14 17:37:21]   Cells: 6856 
[2026-02-14 17:37:21]   Creating CellChat object... 
[2026-02-14 17:37:21]     DB: Secreted Signaling 
[2026-02-14 17:37:21]     Parallel: multicore with 8 workers (Cells: 6856) 
[2026-02-14 17:37:33]   Computing probabilities... 
[2026-02-14 17:47:14]   Computing pathways... 
[2026-02-14 17:47:18] 
[42/68] Processing: HC060 
[2026-02-14 17:47:24]   Cells: 5136 
[2026-02-14 17:47:24]   Creating CellChat object... 
[2026-02-14 17:47:24]     DB: Secreted Signaling 
[2026-02-14 17:47:24]     Parallel: multicore with 8 workers (Cells: 5136) 
[2026-02-14 17:47:36]   Computing probabilities... 
[2026-02-14 18:02:46]   Computing pathways... 
[2026-02-14 18:02:49] 
[43/68] Processing: HC061 
[2026-02-14 18:02:54]   Cells: 5257 
[2026-02-14 18:02:54]   Creating CellChat object... 
[2026-02-14 18:02:54]     DB: Secreted Signaling 
[2026-02-14 18:02:54]     Parallel: multicore with 8 workers (Cells: 5257) 
[2026-02-14 18:03:07]   Computing probabilities... 
[2026-02-14 18:13:14]   Computing pathways... 
[2026-02-14 18:13:17] 
[44/68] Processing: HC063 
[2026-02-14 18:13:22]   Cells: 4155 
[2026-02-14 18:13:22]   Creating CellChat object... 
[2026-02-14 18:13:22]     DB: Secreted Signaling 
[2026-02-14 18:13:22]     Parallel: multicore with 4 workers (Cells: 4155) 
[2026-02-14 18:13:29]   Computing probabilities... 
[2026-02-14 18:36:47]   Computing pathways... 
[2026-02-14 18:36:49] 
[45/68] Processing: HC064 
[2026-02-14 18:36:56]   Cells: 5629 
[2026-02-14 18:36:56]   Creating CellChat object... 
[2026-02-14 18:36:56]     DB: Secreted Signaling 
[2026-02-14 18:36:56]     Parallel: multicore with 8 workers (Cells: 5629) 
[2026-02-14 18:37:09]   Computing probabilities... 
[2026-02-14 18:58:55]   Computing pathways... 
[2026-02-14 18:58:58] 
[46/68] Processing: HC066 
[2026-02-14 18:59:05]   Cells: 9532 
[2026-02-14 18:59:05]   Creating CellChat object... 
[2026-02-14 18:59:05]     DB: Secreted Signaling 
[2026-02-14 18:59:05]     Parallel: multicore with 8 workers (Cells: 9532) 
[2026-02-14 18:59:18]   Computing probabilities... 
[2026-02-14 19:10:03]   Computing pathways... 
[2026-02-14 19:10:08] 
[47/68] Processing: HC068 
[2026-02-14 19:10:13]   Cells: 4766 
[2026-02-14 19:10:13]   Creating CellChat object... 
[2026-02-14 19:10:14]     DB: Secreted Signaling 
[2026-02-14 19:10:14]     Parallel: multicore with 4 workers (Cells: 4766) 
[2026-02-14 19:10:20]   Computing probabilities... 
[2026-02-14 19:28:14]   Computing pathways... 
[2026-02-14 19:28:17] 
[48/68] Processing: HC070 
[2026-02-14 19:28:22]   Cells: 5208 
[2026-02-14 19:28:22]   Creating CellChat object... 
[2026-02-14 19:28:22]     DB: Secreted Signaling 
[2026-02-14 19:28:22]     Parallel: multicore with 8 workers (Cells: 5208) 
[2026-02-14 19:28:34]   Computing probabilities... 
[2026-02-14 19:45:52]   Computing pathways... 
[2026-02-14 19:45:55] 
[49/68] Processing: HC071 
[2026-02-14 19:46:03]   Cells: 4411 
[2026-02-14 19:46:03]   Creating CellChat object... 
[2026-02-14 19:46:03]     DB: Secreted Signaling 
[2026-02-14 19:46:03]     Parallel: multicore with 4 workers (Cells: 4411) 
[2026-02-14 19:46:09]   Computing probabilities... 
[2026-02-14 19:55:01]   Computing pathways... 
[2026-02-14 19:55:04] 
[50/68] Processing: HC074 
[2026-02-14 19:55:09]   Cells: 6418 
[2026-02-14 19:55:09]   Creating CellChat object... 
[2026-02-14 19:55:09]     DB: Secreted Signaling 
[2026-02-14 19:55:09]     Parallel: multicore with 8 workers (Cells: 6418) 
[2026-02-14 19:55:21]   Computing probabilities... 
[2026-02-14 20:07:36]   Computing pathways... 
[2026-02-14 20:07:39] 
[51/68] Processing: HC078 
[2026-02-14 20:07:45]   Cells: 5145 
[2026-02-14 20:07:45]   Creating CellChat object... 
[2026-02-14 20:07:45]     DB: Secreted Signaling 
[2026-02-14 20:07:45]     Parallel: multicore with 8 workers (Cells: 5145) 
[2026-02-14 20:07:56]   Computing probabilities... 
[2026-02-14 20:14:53]   Computing pathways... 
[2026-02-14 20:14:55] 
[52/68] Processing: HC079 
[2026-02-14 20:15:00]   Cells: 10116 
[2026-02-14 20:15:00]   Creating CellChat object... 
[2026-02-14 20:15:00]     DB: Secreted Signaling 
[2026-02-14 20:15:00]     Parallel: multicore with 8 workers (Cells: 10116) 
[2026-02-14 20:15:13]   Computing probabilities... 
[2026-02-14 20:21:27]   Computing pathways... 
[2026-02-14 20:21:30] 
[53/68] Processing: HC080 
[2026-02-14 20:21:38]   Cells: 3265 
[2026-02-14 20:21:38]   Creating CellChat object... 
[2026-02-14 20:21:38]     DB: Secreted Signaling 
[2026-02-14 20:21:38]     Parallel: multicore with 4 workers (Cells: 3265) 
[2026-02-14 20:21:44]   Computing probabilities... 
[2026-02-14 20:34:50]   Computing pathways... 
[2026-02-14 20:34:52] 
[54/68] Processing: HC081 
[2026-02-14 20:34:57]   Cells: 4734 
[2026-02-14 20:34:57]   Creating CellChat object... 
[2026-02-14 20:34:57]     DB: Secreted Signaling 
[2026-02-14 20:34:57]     Parallel: multicore with 4 workers (Cells: 4734) 
[2026-02-14 20:35:03]   Computing probabilities... 
[2026-02-14 21:06:25]   Computing pathways... 
[2026-02-14 21:06:28] 
[55/68] Processing: HC083 
[2026-02-14 21:06:33]   Cells: 3983 
[2026-02-14 21:06:33]   Creating CellChat object... 
[2026-02-14 21:06:33]     DB: Secreted Signaling 
[2026-02-14 21:06:33]     Parallel: multicore with 4 workers (Cells: 3983) 
[2026-02-14 21:06:39]   Computing probabilities... 
[2026-02-14 21:18:56]   Computing pathways... 
[2026-02-14 21:18:58] 
[56/68] Processing: HC085 
[2026-02-14 21:19:03]   Cells: 7438 
[2026-02-14 21:19:03]   Creating CellChat object... 
[2026-02-14 21:19:03]     DB: Secreted Signaling 
[2026-02-14 21:19:03]     Parallel: multicore with 8 workers (Cells: 7438) 
[2026-02-14 21:19:16]   Computing probabilities... 
[2026-02-14 21:26:19]   Computing pathways... 
[2026-02-14 21:26:22] 
[57/68] Processing: HC090 
[2026-02-14 21:26:27]   Cells: 6386 
[2026-02-14 21:26:27]   Creating CellChat object... 
[2026-02-14 21:26:27]     DB: Secreted Signaling 
[2026-02-14 21:26:27]     Parallel: multicore with 8 workers (Cells: 6386) 
[2026-02-14 21:26:39]   Computing probabilities... 
[2026-02-14 21:43:13]   Computing pathways... 
[2026-02-14 21:43:16] 
[58/68] Processing: HC091 
[2026-02-14 21:43:23]   Cells: 3523 
[2026-02-14 21:43:23]   Creating CellChat object... 
[2026-02-14 21:43:23]     DB: Secreted Signaling 
[2026-02-14 21:43:23]     Parallel: multicore with 4 workers (Cells: 3523) 
[2026-02-14 21:43:30]   Computing probabilities... 
[2026-02-14 22:05:31]   Computing pathways... 
[2026-02-14 22:05:33] 
[59/68] Processing: HC092 
[2026-02-14 22:05:38]   Cells: 4824 
[2026-02-14 22:05:38]   Creating CellChat object... 
[2026-02-14 22:05:38]     DB: Secreted Signaling 
[2026-02-14 22:05:38]     Parallel: multicore with 4 workers (Cells: 4824) 
[2026-02-14 22:05:45]   Computing probabilities... 
[2026-02-14 22:29:06]   Computing pathways... 
[2026-02-14 22:29:09] 
[60/68] Processing: HC093 
[2026-02-14 22:29:15]   Cells: 5602 
[2026-02-14 22:29:15]   Creating CellChat object... 
[2026-02-14 22:29:15]     DB: Secreted Signaling 
[2026-02-14 22:29:15]     Parallel: multicore with 8 workers (Cells: 5602) 
[2026-02-14 22:29:27]   Computing probabilities... 
[2026-02-14 22:43:03]   Computing pathways... 
[2026-02-14 22:43:06] 
[61/68] Processing: HC094 
[2026-02-14 22:43:12]   Cells: 4745 
[2026-02-14 22:43:12]   Creating CellChat object... 
[2026-02-14 22:43:12]     DB: Secreted Signaling 
[2026-02-14 22:43:12]     Parallel: multicore with 4 workers (Cells: 4745) 
[2026-02-14 22:43:19]   Computing probabilities... 
[2026-02-14 23:01:50]   Computing pathways... 
[2026-02-14 23:01:53] 
[62/68] Processing: HC095 
[2026-02-14 23:01:58]   Cells: 3523 
[2026-02-14 23:01:58]   Creating CellChat object... 
[2026-02-14 23:01:58]     DB: Secreted Signaling 
[2026-02-14 23:01:59]     Parallel: multicore with 4 workers (Cells: 3523) 
[2026-02-14 23:02:05]   Computing probabilities... 
[2026-02-14 23:25:31]   Computing pathways... 
[2026-02-14 23:25:34] 
[63/68] Processing: HC097 
[2026-02-14 23:25:39]   Cells: 4136 
[2026-02-14 23:25:39]   Creating CellChat object... 
[2026-02-14 23:25:39]     DB: Secreted Signaling 
[2026-02-14 23:25:39]     Parallel: multicore with 4 workers (Cells: 4136) 
[2026-02-14 23:25:45]   Computing probabilities... 
[2026-02-14 23:47:55]   Computing pathways... 
[2026-02-14 23:47:58] 
[64/68] Processing: HC098 
[2026-02-14 23:48:03]   Cells: 4231 
[2026-02-14 23:48:03]   Creating CellChat object... 
[2026-02-14 23:48:03]     DB: Secreted Signaling 
[2026-02-14 23:48:03]     Parallel: multicore with 4 workers (Cells: 4231) 
[2026-02-14 23:48:09]   Computing probabilities... 
[2026-02-15 00:02:28]   Computing pathways... 
[2026-02-15 00:02:30] 
[65/68] Processing: HC103 
[2026-02-15 00:02:36]   Cells: 4389 
[2026-02-15 00:02:36]   Creating CellChat object... 
[2026-02-15 00:02:36]     DB: Secreted Signaling 
[2026-02-15 00:02:36]     Parallel: multicore with 4 workers (Cells: 4389) 
[2026-02-15 00:02:43]   Computing probabilities... 
[2026-02-15 00:13:06]   Computing pathways... 
[2026-02-15 00:13:09] 
[66/68] Processing: HC105 
[2026-02-15 00:13:14]   Cells: 4444 
[2026-02-15 00:13:14]   Creating CellChat object... 
[2026-02-15 00:13:14]     DB: Secreted Signaling 
[2026-02-15 00:13:14]     Parallel: multicore with 4 workers (Cells: 4444) 
[2026-02-15 00:13:21]   Computing probabilities... 
[2026-02-15 00:32:30]   Computing pathways... 
[2026-02-15 00:32:32] 
[67/68] Processing: HC106 
[2026-02-15 00:32:37]   Cells: 5990 
[2026-02-15 00:32:37]   Creating CellChat object... 
[2026-02-15 00:32:37]     DB: Secreted Signaling 
[2026-02-15 00:32:37]     Parallel: multicore with 8 workers (Cells: 5990) 
[2026-02-15 00:32:50]   Computing probabilities... 
[2026-02-15 00:41:48]   Computing pathways... 
[2026-02-15 00:41:51] 
[68/68] Processing: HC107 
[2026-02-15 00:41:56]   Cells: 4992 
[2026-02-15 00:41:56]   Creating CellChat object... 
[2026-02-15 00:41:56]     DB: Secreted Signaling 
[2026-02-15 00:41:56]     Parallel: multicore with 4 workers (Cells: 4992) 
[2026-02-15 00:42:03]   Computing probabilities... 
[2026-02-15 00:55:56]   Computing pathways... 
[2026-02-15 00:55:58] 
Completed 68/68 samples 
[2026-02-15 00:55:58] 
=== Aggregating by condition (mergeCellChat) === 
[2026-02-15 00:55:58]   Young: Merging 45 samples 
[2026-02-15 00:56:47]     Saved: /data/user3/sobj/hc_only_v1/cellchat/age_v1/merged/Young/cellchat_merged.qs 
[2026-02-15 00:56:47]   Old: Merging 23 samples 
[2026-02-15 00:57:02]     Saved: /data/user3/sobj/hc_only_v1/cellchat/age_v1/merged/Old/cellchat_merged.qs 
[2026-02-15 00:57:02] 
=== Aggregation Complete === 
