[2026-02-14 09:16:50] === CellChat Analysis (Proper Aggregation Method) === 
[2026-02-14 09:16:50] Run: hc_sex_v1 
[2026-02-14 09:16:50] Loading Seurat object from: /data/user3/sobj/hc_only_v1/2_hc_annotated.qs 
[2026-02-14 09:17:21] Output directory: /data/user3/sobj/hc_only_v1/cellchat/sex_v1 
[2026-02-14 09:17:21] split.by: name (96 samples) 
[2026-02-14 09:17:21] aggregate.by: sex 
[2026-02-14 09:17:21] Conditions: M, F 
[2026-02-14 09:17:21] This is the PROPER method (like pseudobulk DEG analysis) 
[2026-02-14 09:17:21] Analyzing 96 samples independently... 
[2026-02-14 09:17:21] 
[1/96] Processing: HC001 
[2026-02-14 09:17:27]   Cells: 3903 
[2026-02-14 09:17:27]   Creating CellChat object... 
[2026-02-14 09:17:28]     DB: Secreted Signaling 
[2026-02-14 09:17:28]     Parallel: multicore with 4 workers (Cells: 3903) 
[2026-02-14 09:17:32]   Computing probabilities... 
[2026-02-14 09:26:59]   Computing pathways... 
[2026-02-14 09:27:01] 
[2/96] Processing: HC002 
[2026-02-14 09:27:07]   Cells: 3348 
[2026-02-14 09:27:07]   Creating CellChat object... 
[2026-02-14 09:27:07]     DB: Secreted Signaling 
[2026-02-14 09:27:07]     Parallel: multicore with 4 workers (Cells: 3348) 
[2026-02-14 09:27:11]   Computing probabilities... 
[2026-02-14 09:46:20]   Computing pathways... 
[2026-02-14 09:46:22] 
[3/96] Processing: HC003 
[2026-02-14 09:46:30]   Cells: 3619 
[2026-02-14 09:46:30]   Creating CellChat object... 
[2026-02-14 09:46:30]     DB: Secreted Signaling 
[2026-02-14 09:46:30]     Parallel: multicore with 4 workers (Cells: 3619) 
[2026-02-14 09:46:36]   Computing probabilities... 
[2026-02-14 10:02:01]   Computing pathways... 
[2026-02-14 10:02:04] 
[4/96] Processing: HC004 
[2026-02-14 10:02:09]   Cells: 2631 
[2026-02-14 10:02:09]   Creating CellChat object... 
[2026-02-14 10:02:09]     DB: Secreted Signaling 
[2026-02-14 10:02:09]     Parallel: multicore with 4 workers (Cells: 2631) 
[2026-02-14 10:02:14]   Computing probabilities... 
[2026-02-14 10:16:50]   Computing pathways... 
[2026-02-14 10:16:52] 
[5/96] Processing: HC005 
[2026-02-14 10:17:00]   Cells: 2801 
[2026-02-14 10:17:00]   Creating CellChat object... 
[2026-02-14 10:17:00]     DB: Secreted Signaling 
[2026-02-14 10:17:00]     Parallel: multicore with 4 workers (Cells: 2801) 
[2026-02-14 10:17:05]   Computing probabilities... 
[2026-02-14 10:30:13]   Computing pathways... 
[2026-02-14 10:30:15] 
[6/96] Processing: HC006 
[2026-02-14 10:30:21]   Cells: 3655 
[2026-02-14 10:30:21]   Creating CellChat object... 
[2026-02-14 10:30:21]     DB: Secreted Signaling 
[2026-02-14 10:30:21]     Parallel: multicore with 4 workers (Cells: 3655) 
[2026-02-14 10:30:26]   Computing probabilities... 
[2026-02-14 10:48:57]   Computing pathways... 
[2026-02-14 10:49:00] 
[7/96] Processing: HC007 
[2026-02-14 10:49:06]   Cells: 2252 
[2026-02-14 10:49:06]   Creating CellChat object... 
[2026-02-14 10:49:06]     DB: Secreted Signaling 
[2026-02-14 10:49:06]     Parallel: multicore with 4 workers (Cells: 2252) 
[2026-02-14 10:49:12]   Computing probabilities... 
[2026-02-14 11:04:35]   Computing pathways... 
[2026-02-14 11:04:37] 
[8/96] Processing: HC008 
[2026-02-14 11:04:42]   Cells: 2110 
[2026-02-14 11:04:42]   Creating CellChat object... 
[2026-02-14 11:04:42]     DB: Secreted Signaling 
[2026-02-14 11:04:42]     Parallel: multicore with 4 workers (Cells: 2110) 
[2026-02-14 11:04:47]   Computing probabilities... 
[2026-02-14 11:17:47]   Computing pathways... 
[2026-02-14 11:17:49] 
[9/96] Processing: HC009 
[2026-02-14 11:17:54]   Cells: 2580 
[2026-02-14 11:17:54]   Creating CellChat object... 
[2026-02-14 11:17:54]     DB: Secreted Signaling 
[2026-02-14 11:17:54]     Parallel: multicore with 4 workers (Cells: 2580) 
[2026-02-14 11:17:59]   Computing probabilities... 
[2026-02-14 11:38:57]   Computing pathways... 
[2026-02-14 11:38:59] 
[10/96] Processing: HC010 
[2026-02-14 11:39:05]   Cells: 2626 
[2026-02-14 11:39:05]   Creating CellChat object... 
[2026-02-14 11:39:05]     DB: Secreted Signaling 
[2026-02-14 11:39:05]     Parallel: multicore with 4 workers (Cells: 2626) 
[2026-02-14 11:39:10]   Computing probabilities... 
[2026-02-14 12:01:42]   Computing pathways... 
[2026-02-14 12:01:44] 
[11/96] Processing: HC011 
[2026-02-14 12:01:50]   Cells: 2401 
[2026-02-14 12:01:50]   Creating CellChat object... 
[2026-02-14 12:01:50]     DB: Secreted Signaling 
[2026-02-14 12:01:50]     Parallel: multicore with 4 workers (Cells: 2401) 
[2026-02-14 12:01:55]   Computing probabilities... 
[2026-02-14 12:17:15]   Computing pathways... 
[2026-02-14 12:17:17] 
[12/96] Processing: HC012 
[2026-02-14 12:17:23]   Cells: 2312 
[2026-02-14 12:17:23]   Creating CellChat object... 
[2026-02-14 12:17:24]     DB: Secreted Signaling 
[2026-02-14 12:17:24]     Parallel: multicore with 4 workers (Cells: 2312) 
[2026-02-14 12:17:29]   Computing probabilities... 
[2026-02-14 12:40:05]   Computing pathways... 
[2026-02-14 12:40:07] 
[13/96] Processing: HC013 
[2026-02-14 12:40:13]   Cells: 1981 
[2026-02-14 12:40:13]   Creating CellChat object... 
[2026-02-14 12:40:13]     DB: Secreted Signaling 
[2026-02-14 12:40:13]     Parallel: multicore with 4 workers (Cells: 1981) 
[2026-02-14 12:40:19]   Computing probabilities... 
[2026-02-14 13:08:08]   Computing pathways... 
[2026-02-14 13:08:12] 
[14/96] Processing: HC014 
[2026-02-14 13:08:17]   Cells: 1895 
[2026-02-14 13:08:17]   Creating CellChat object... 
[2026-02-14 13:08:17]     DB: Secreted Signaling 
[2026-02-14 13:08:18]     Parallel: multicore with 4 workers (Cells: 1895) 
[2026-02-14 13:08:23]   Computing probabilities... 
[2026-02-14 13:28:07]   Computing pathways... 
[2026-02-14 13:28:08] 
[15/96] Processing: HC015 
[2026-02-14 13:28:15]   Cells: 1551 
[2026-02-14 13:28:15]   Creating CellChat object... 
[2026-02-14 13:28:15]     DB: Secreted Signaling 
[2026-02-14 13:28:15]     Parallel: multicore with 4 workers (Cells: 1551) 
[2026-02-14 13:28:20]   Computing probabilities... 
[2026-02-14 13:38:23]   Computing pathways... 
[2026-02-14 13:38:25] 
[16/96] Processing: HC016 
[2026-02-14 13:38:30]   Cells: 1885 
[2026-02-14 13:38:30]   Creating CellChat object... 
[2026-02-14 13:38:30]     DB: Secreted Signaling 
[2026-02-14 13:38:30]     Parallel: multicore with 4 workers (Cells: 1885) 
[2026-02-14 13:38:35]   Computing probabilities... 
[2026-02-14 13:50:16]   Computing pathways... 
[2026-02-14 13:50:18] 
[17/96] Processing: HC017 
[2026-02-14 13:50:23]   Cells: 6749 
[2026-02-14 13:50:23]   Creating CellChat object... 
[2026-02-14 13:50:23]     DB: Secreted Signaling 
[2026-02-14 13:50:23]     Parallel: multicore with 8 workers (Cells: 6749) 
[2026-02-14 13:50:33]   Computing probabilities... 
[2026-02-14 13:58:11]   Computing pathways... 
[2026-02-14 13:58:14] 
[18/96] Processing: HC018 
[2026-02-14 13:58:20]   Cells: 5928 
[2026-02-14 13:58:20]   Creating CellChat object... 
[2026-02-14 13:58:20]     DB: Secreted Signaling 
[2026-02-14 13:58:20]     Parallel: multicore with 8 workers (Cells: 5928) 
[2026-02-14 13:58:30]   Computing probabilities... 
[2026-02-14 14:10:46]   Computing pathways... 
[2026-02-14 14:10:49] 
[19/96] Processing: HC019 
[2026-02-14 14:10:55]   Cells: 22969 
[2026-02-14 14:10:55]   Creating CellChat object... 
[2026-02-14 14:10:55]     DB: Secreted Signaling 
[2026-02-14 14:10:56]     Parallel: multicore with 8 workers (Cells: 22969) 
[2026-02-14 14:11:09]   Computing probabilities... 
[2026-02-14 14:21:46]   Computing pathways... 
[2026-02-14 14:21:52] 
[20/96] Processing: HC020 
[2026-02-14 14:21:58]   Cells: 7001 
[2026-02-14 14:21:58]   Creating CellChat object... 
[2026-02-14 14:21:58]     DB: Secreted Signaling 
[2026-02-14 14:21:58]     Parallel: multicore with 8 workers (Cells: 7001) 
[2026-02-14 14:22:09]   Computing probabilities... 
[2026-02-14 14:30:14]   Computing pathways... 
[2026-02-14 14:30:17] 
[21/96] Processing: HC021 
[2026-02-14 14:30:22]   Cells: 8516 
[2026-02-14 14:30:22]   Creating CellChat object... 
[2026-02-14 14:30:22]     DB: Secreted Signaling 
[2026-02-14 14:30:22]     Parallel: multicore with 8 workers (Cells: 8516) 
[2026-02-14 14:30:33]   Computing probabilities... 
[2026-02-14 14:46:34]   Computing pathways... 
[2026-02-14 14:46:37] 
[22/96] Processing: HC022 
[2026-02-14 14:46:44]   Cells: 9317 
[2026-02-14 14:46:44]   Creating CellChat object... 
[2026-02-14 14:46:44]     DB: Secreted Signaling 
[2026-02-14 14:46:44]     Parallel: multicore with 8 workers (Cells: 9317) 
[2026-02-14 14:46:56]   Computing probabilities... 
[2026-02-14 14:54:18]   Computing pathways... 
[2026-02-14 14:54:21] 
[23/96] Processing: HC023 
[2026-02-14 14:54:27]   Cells: 8867 
[2026-02-14 14:54:27]   Creating CellChat object... 
[2026-02-14 14:54:27]     DB: Secreted Signaling 
[2026-02-14 14:54:27]     Parallel: multicore with 8 workers (Cells: 8867) 
[2026-02-14 14:54:38]   Computing probabilities... 
[2026-02-14 15:06:01]   Computing pathways... 
[2026-02-14 15:06:04] 
[24/96] Processing: HC024 
[2026-02-14 15:06:10]   Cells: 8159 
[2026-02-14 15:06:10]   Creating CellChat object... 
[2026-02-14 15:06:10]     DB: Secreted Signaling 
[2026-02-14 15:06:10]     Parallel: multicore with 8 workers (Cells: 8159) 
[2026-02-14 15:06:22]   Computing probabilities... 
[2026-02-14 15:21:18]   Computing pathways... 
[2026-02-14 15:21:21] 
[25/96] Processing: HC025 
[2026-02-14 15:21:26]   Cells: 9241 
[2026-02-14 15:21:26]   Creating CellChat object... 
[2026-02-14 15:21:26]     DB: Secreted Signaling 
[2026-02-14 15:21:26]     Parallel: multicore with 8 workers (Cells: 9241) 
[2026-02-14 15:21:38]   Computing probabilities... 
[2026-02-14 15:31:15]   Computing pathways... 
[2026-02-14 15:31:18] 
[26/96] Processing: HC026 
[2026-02-14 15:31:23]   Cells: 7951 
[2026-02-14 15:31:23]   Creating CellChat object... 
[2026-02-14 15:31:24]     DB: Secreted Signaling 
[2026-02-14 15:31:24]     Parallel: multicore with 8 workers (Cells: 7951) 
[2026-02-14 15:31:34]   Computing probabilities... 
[2026-02-14 15:41:14]   Computing pathways... 
[2026-02-14 15:41:17] 
[27/96] Processing: HC027 
[2026-02-14 15:41:22]   Cells: 10785 
[2026-02-14 15:41:22]   Creating CellChat object... 
[2026-02-14 15:41:22]     DB: Secreted Signaling 
[2026-02-14 15:41:22]     Parallel: multicore with 8 workers (Cells: 10785) 
[2026-02-14 15:41:34]   Computing probabilities... 
[2026-02-14 15:50:41]   Computing pathways... 
[2026-02-14 15:50:44] 
[28/96] Processing: HC028 
[2026-02-14 15:50:50]   Cells: 8974 
[2026-02-14 15:50:50]   Creating CellChat object... 
[2026-02-14 15:50:50]     DB: Secreted Signaling 
[2026-02-14 15:50:50]     Parallel: multicore with 8 workers (Cells: 8974) 
[2026-02-14 15:51:01]   Computing probabilities... 
[2026-02-14 15:59:36]   Computing pathways... 
[2026-02-14 15:59:39] 
[29/96] Processing: HC029 
[2026-02-14 15:59:45]   Cells: 7473 
[2026-02-14 15:59:45]   Creating CellChat object... 
[2026-02-14 15:59:45]     DB: Secreted Signaling 
[2026-02-14 15:59:45]     Parallel: multicore with 8 workers (Cells: 7473) 
[2026-02-14 15:59:56]   Computing probabilities... 
[2026-02-14 16:16:19]   Computing pathways... 
[2026-02-14 16:16:22] 
[30/96] Processing: HC030 
[2026-02-14 16:16:28]   Cells: 7782 
[2026-02-14 16:16:28]   Creating CellChat object... 
[2026-02-14 16:16:28]     DB: Secreted Signaling 
[2026-02-14 16:16:28]     Parallel: multicore with 8 workers (Cells: 7782) 
[2026-02-14 16:16:39]   Computing probabilities... 
[2026-02-14 16:24:56]   Computing pathways... 
[2026-02-14 16:24:59] 
[31/96] Processing: HC031 
[2026-02-14 16:25:05]   Cells: 13765 
[2026-02-14 16:25:05]   Creating CellChat object... 
[2026-02-14 16:25:05]     DB: Secreted Signaling 
[2026-02-14 16:25:05]     Parallel: multicore with 8 workers (Cells: 13765) 
[2026-02-14 16:25:17]   Computing probabilities... 
[2026-02-14 16:33:01]   Computing pathways... 
[2026-02-14 16:33:06] 
[32/96] Processing: HC032 
[2026-02-14 16:33:12]   Cells: 9028 
[2026-02-14 16:33:12]   Creating CellChat object... 
[2026-02-14 16:33:12]     DB: Secreted Signaling 
[2026-02-14 16:33:12]     Parallel: multicore with 8 workers (Cells: 9028) 
[2026-02-14 16:33:24]   Computing probabilities... 
[2026-02-14 16:41:50]   Computing pathways... 
[2026-02-14 16:41:53] 
[33/96] Processing: HC033 
[2026-02-14 16:41:59]   Cells: 8971 
[2026-02-14 16:41:59]   Creating CellChat object... 
[2026-02-14 16:41:59]     DB: Secreted Signaling 
[2026-02-14 16:41:59]     Parallel: multicore with 8 workers (Cells: 8971) 
[2026-02-14 16:42:11]   Computing probabilities... 
[2026-02-14 16:52:03]   Computing pathways... 
[2026-02-14 16:52:06] 
[34/96] Processing: HC034 
[2026-02-14 16:52:12]   Cells: 13168 
[2026-02-14 16:52:12]   Creating CellChat object... 
[2026-02-14 16:52:12]     DB: Secreted Signaling 
[2026-02-14 16:52:12]     Parallel: multicore with 8 workers (Cells: 13168) 
[2026-02-14 16:52:24]   Computing probabilities... 
[2026-02-14 17:01:35]   Computing pathways... 
[2026-02-14 17:01:39] 
[35/96] Processing: HC035 
[2026-02-14 17:01:44]   Cells: 4948 
[2026-02-14 17:01:44]   Creating CellChat object... 
[2026-02-14 17:01:44]     DB: Secreted Signaling 
[2026-02-14 17:01:44]     Parallel: multicore with 4 workers (Cells: 4948) 
[2026-02-14 17:01:51]   Computing probabilities... 
[2026-02-14 17:15:38]   Computing pathways... 
[2026-02-14 17:15:41] 
[36/96] Processing: HC036 
[2026-02-14 17:15:46]   Cells: 9933 
[2026-02-14 17:15:46]   Creating CellChat object... 
[2026-02-14 17:15:46]     DB: Secreted Signaling 
[2026-02-14 17:15:46]     Parallel: multicore with 8 workers (Cells: 9933) 
[2026-02-14 17:15:59]   Computing probabilities... 
[2026-02-14 17:26:14]   Computing pathways... 
[2026-02-14 17:26:18] 
[37/96] Processing: HC037 
[2026-02-14 17:26:24]   Cells: 5722 
[2026-02-14 17:26:24]   Creating CellChat object... 
[2026-02-14 17:26:24]     DB: Secreted Signaling 
[2026-02-14 17:26:24]     Parallel: multicore with 8 workers (Cells: 5722) 
[2026-02-14 17:26:36]   Computing probabilities... 
[2026-02-14 17:36:50]   Computing pathways... 
[2026-02-14 17:36:53] 
[38/96] Processing: HC038 
[2026-02-14 17:36:59]   Cells: 7316 
[2026-02-14 17:36:59]   Creating CellChat object... 
[2026-02-14 17:36:59]     DB: Secreted Signaling 
[2026-02-14 17:36:59]     Parallel: multicore with 8 workers (Cells: 7316) 
[2026-02-14 17:37:11]   Computing probabilities... 
[2026-02-14 17:50:56]   Computing pathways... 
[2026-02-14 17:50:59] 
[39/96] Processing: HC039 
[2026-02-14 17:51:03]   Cells: 2782 
[2026-02-14 17:51:03]   Creating CellChat object... 
[2026-02-14 17:51:04]     DB: Secreted Signaling 
[2026-02-14 17:51:04]     Parallel: multicore with 4 workers (Cells: 2782) 
[2026-02-14 17:51:09]   Computing probabilities... 
[2026-02-14 18:03:27]   Computing pathways... 
[2026-02-14 18:03:29] 
[40/96] Processing: HC040 
[2026-02-14 18:03:35]   Cells: 5796 
[2026-02-14 18:03:35]   Creating CellChat object... 
[2026-02-14 18:03:35]     DB: Secreted Signaling 
[2026-02-14 18:03:35]     Parallel: multicore with 8 workers (Cells: 5796) 
[2026-02-14 18:03:47]   Computing probabilities... 
[2026-02-14 18:21:59]   Computing pathways... 
[2026-02-14 18:22:02] 
[41/96] Processing: HC041 
[2026-02-14 18:22:08]   Cells: 3765 
[2026-02-14 18:22:08]   Creating CellChat object... 
[2026-02-14 18:22:08]     DB: Secreted Signaling 
[2026-02-14 18:22:08]     Parallel: multicore with 4 workers (Cells: 3765) 
[2026-02-14 18:22:14]   Computing probabilities... 
[2026-02-14 18:36:33]   Computing pathways... 
[2026-02-14 18:36:35] 
[42/96] Processing: HC042 
[2026-02-14 18:36:41]   Cells: 3931 
[2026-02-14 18:36:41]   Creating CellChat object... 
[2026-02-14 18:36:41]     DB: Secreted Signaling 
[2026-02-14 18:36:41]     Parallel: multicore with 4 workers (Cells: 3931) 
[2026-02-14 18:36:47]   Computing probabilities... 
[2026-02-14 18:45:22]   Computing pathways... 
[2026-02-14 18:45:24] 
[43/96] Processing: HC043 
[2026-02-14 18:45:29]   Cells: 3473 
[2026-02-14 18:45:29]   Creating CellChat object... 
[2026-02-14 18:45:29]     DB: Secreted Signaling 
[2026-02-14 18:45:29]     Parallel: multicore with 4 workers (Cells: 3473) 
[2026-02-14 18:45:35]   Computing probabilities... 
[2026-02-14 18:57:03]   Computing pathways... 
[2026-02-14 18:57:06] 
[44/96] Processing: HC044 
[2026-02-14 18:57:11]   Cells: 3454 
[2026-02-14 18:57:11]   Creating CellChat object... 
[2026-02-14 18:57:11]     DB: Secreted Signaling 
[2026-02-14 18:57:11]     Parallel: multicore with 4 workers (Cells: 3454) 
[2026-02-14 18:57:17]   Computing probabilities... 
[2026-02-14 19:08:00]   Computing pathways... 
[2026-02-14 19:08:02] 
[45/96] Processing: HC045 
[2026-02-14 19:08:10]   Cells: 2662 
[2026-02-14 19:08:10]   Creating CellChat object... 
[2026-02-14 19:08:10]     DB: Secreted Signaling 
[2026-02-14 19:08:10]     Parallel: multicore with 4 workers (Cells: 2662) 
[2026-02-14 19:08:16]   Computing probabilities... 
[2026-02-14 19:18:15]   Computing pathways... 
[2026-02-14 19:18:16] 
[46/96] Processing: HC046 
[2026-02-14 19:18:21]   Cells: 3538 
[2026-02-14 19:18:21]   Creating CellChat object... 
[2026-02-14 19:18:21]     DB: Secreted Signaling 
[2026-02-14 19:18:21]     Parallel: multicore with 4 workers (Cells: 3538) 
[2026-02-14 19:18:27]   Computing probabilities... 
[2026-02-14 19:27:21]   Computing pathways... 
[2026-02-14 19:27:24] 
[47/96] Processing: HC047 
[2026-02-14 19:27:29]   Cells: 6094 
[2026-02-14 19:27:29]   Creating CellChat object... 
[2026-02-14 19:27:29]     DB: Secreted Signaling 
[2026-02-14 19:27:29]     Parallel: multicore with 8 workers (Cells: 6094) 
[2026-02-14 19:27:40]   Computing probabilities... 
[2026-02-14 19:39:55]   Computing pathways... 
[2026-02-14 19:39:58] 
[48/96] Processing: HC048 
[2026-02-14 19:40:06]   Cells: 7969 
[2026-02-14 19:40:06]   Creating CellChat object... 
[2026-02-14 19:40:06]     DB: Secreted Signaling 
[2026-02-14 19:40:06]     Parallel: multicore with 8 workers (Cells: 7969) 
[2026-02-14 19:40:18]   Computing probabilities... 
[2026-02-14 19:49:01]   Computing pathways... 
[2026-02-14 19:49:04] 
[49/96] Processing: HC049 
[2026-02-14 19:49:09]   Cells: 5281 
[2026-02-14 19:49:09]   Creating CellChat object... 
[2026-02-14 19:49:09]     DB: Secreted Signaling 
[2026-02-14 19:49:09]     Parallel: multicore with 8 workers (Cells: 5281) 
[2026-02-14 19:49:20]   Computing probabilities... 
[2026-02-14 19:58:08]   Computing pathways... 
[2026-02-14 19:58:10] 
[50/96] Processing: HC050 
[2026-02-14 19:58:15]   Cells: 8071 
[2026-02-14 19:58:15]   Creating CellChat object... 
[2026-02-14 19:58:15]     DB: Secreted Signaling 
[2026-02-14 19:58:15]     Parallel: multicore with 8 workers (Cells: 8071) 
[2026-02-14 19:58:27]   Computing probabilities... 
[2026-02-14 20:09:06]   Computing pathways... 
[2026-02-14 20:09:09] 
[51/96] Processing: HC051 
[2026-02-14 20:09:14]   Cells: 8134 
[2026-02-14 20:09:14]   Creating CellChat object... 
[2026-02-14 20:09:14]     DB: Secreted Signaling 
[2026-02-14 20:09:14]     Parallel: multicore with 8 workers (Cells: 8134) 
[2026-02-14 20:09:27]   Computing probabilities... 
[2026-02-14 20:17:41]   Computing pathways... 
[2026-02-14 20:17:44] 
[52/96] Processing: HC052 
[2026-02-14 20:17:52]   Cells: 5095 
[2026-02-14 20:17:52]   Creating CellChat object... 
[2026-02-14 20:17:52]     DB: Secreted Signaling 
[2026-02-14 20:17:52]     Parallel: multicore with 8 workers (Cells: 5095) 
[2026-02-14 20:18:03]   Computing probabilities... 
[2026-02-14 20:25:04]   Computing pathways... 
[2026-02-14 20:25:07] 
[53/96] Processing: HC053 
[2026-02-14 20:25:13]   Cells: 4916 
[2026-02-14 20:25:13]   Creating CellChat object... 
[2026-02-14 20:25:13]     DB: Secreted Signaling 
[2026-02-14 20:25:13]     Parallel: multicore with 4 workers (Cells: 4916) 
[2026-02-14 20:25:19]   Computing probabilities... 
[2026-02-14 20:32:30]   Computing pathways... 
[2026-02-14 20:32:32] 
[54/96] Processing: HC055 
[2026-02-14 20:32:37]   Cells: 7674 
[2026-02-14 20:32:37]   Creating CellChat object... 
[2026-02-14 20:32:37]     DB: Secreted Signaling 
[2026-02-14 20:32:37]     Parallel: multicore with 8 workers (Cells: 7674) 
[2026-02-14 20:32:49]   Computing probabilities... 
[2026-02-14 20:48:24]   Computing pathways... 
[2026-02-14 20:48:27] 
[55/96] Processing: HC056 
[2026-02-14 20:48:31]   Cells: 6006 
[2026-02-14 20:48:31]   Creating CellChat object... 
[2026-02-14 20:48:31]     DB: Secreted Signaling 
[2026-02-14 20:48:31]     Parallel: multicore with 8 workers (Cells: 6006) 
[2026-02-14 20:48:44]   Computing probabilities... 
[2026-02-14 20:58:10]   Computing pathways... 
[2026-02-14 20:58:13] 
[56/96] Processing: HC057 
[2026-02-14 20:58:18]   Cells: 6856 
[2026-02-14 20:58:18]   Creating CellChat object... 
[2026-02-14 20:58:18]     DB: Secreted Signaling 
[2026-02-14 20:58:18]     Parallel: multicore with 8 workers (Cells: 6856) 
[2026-02-14 20:58:30]   Computing probabilities... 
[2026-02-14 21:08:24]   Computing pathways... 
[2026-02-14 21:08:26] 
[57/96] Processing: HC058 
[2026-02-14 21:08:31]   Cells: 4384 
[2026-02-14 21:08:31]   Creating CellChat object... 
[2026-02-14 21:08:31]     DB: Secreted Signaling 
[2026-02-14 21:08:31]     Parallel: multicore with 4 workers (Cells: 4384) 
[2026-02-14 21:08:38]   Computing probabilities... 
[2026-02-14 21:17:55]   Computing pathways... 
[2026-02-14 21:17:58] 
[58/96] Processing: HC059 
[2026-02-14 21:18:03]   Cells: 5827 
[2026-02-14 21:18:03]   Creating CellChat object... 
[2026-02-14 21:18:03]     DB: Secreted Signaling 
[2026-02-14 21:18:03]     Parallel: multicore with 8 workers (Cells: 5827) 
[2026-02-14 21:18:16]   Computing probabilities... 
[2026-02-14 21:28:53]   Computing pathways... 
[2026-02-14 21:28:56] 
[59/96] Processing: HC060 
[2026-02-14 21:29:02]   Cells: 5136 
[2026-02-14 21:29:02]   Creating CellChat object... 
[2026-02-14 21:29:02]     DB: Secreted Signaling 
[2026-02-14 21:29:02]     Parallel: multicore with 8 workers (Cells: 5136) 
[2026-02-14 21:29:14]   Computing probabilities... 
[2026-02-14 21:44:49]   Computing pathways... 
[2026-02-14 21:44:52] 
[60/96] Processing: HC061 
[2026-02-14 21:44:57]   Cells: 5257 
[2026-02-14 21:44:57]   Creating CellChat object... 
[2026-02-14 21:44:57]     DB: Secreted Signaling 
[2026-02-14 21:44:57]     Parallel: multicore with 8 workers (Cells: 5257) 
[2026-02-14 21:45:10]   Computing probabilities... 
[2026-02-14 21:55:28]   Computing pathways... 
[2026-02-14 21:55:31] 
[61/96] Processing: HC062 
[2026-02-14 21:55:36]   Cells: 5787 
[2026-02-14 21:55:36]   Creating CellChat object... 
[2026-02-14 21:55:36]     DB: Secreted Signaling 
[2026-02-14 21:55:36]     Parallel: multicore with 8 workers (Cells: 5787) 
[2026-02-14 21:55:49]   Computing probabilities... 
[2026-02-14 22:06:12]   Computing pathways... 
[2026-02-14 22:06:15] 
[62/96] Processing: HC063 
[2026-02-14 22:06:21]   Cells: 4155 
[2026-02-14 22:06:21]   Creating CellChat object... 
[2026-02-14 22:06:21]     DB: Secreted Signaling 
[2026-02-14 22:06:21]     Parallel: multicore with 4 workers (Cells: 4155) 
[2026-02-14 22:06:28]   Computing probabilities... 
[2026-02-14 22:30:19]   Computing pathways... 
[2026-02-14 22:30:22] 
[63/96] Processing: HC064 
[2026-02-14 22:30:28]   Cells: 5629 
[2026-02-14 22:30:28]   Creating CellChat object... 
[2026-02-14 22:30:28]     DB: Secreted Signaling 
[2026-02-14 22:30:28]     Parallel: multicore with 8 workers (Cells: 5629) 
[2026-02-14 22:30:40]   Computing probabilities... 
[2026-02-14 22:53:30]   Computing pathways... 
[2026-02-14 22:53:34] 
[64/96] Processing: HC065 
[2026-02-14 22:53:39]   Cells: 4460 
[2026-02-14 22:53:39]   Creating CellChat object... 
[2026-02-14 22:53:39]     DB: Secreted Signaling 
[2026-02-14 22:53:39]     Parallel: multicore with 4 workers (Cells: 4460) 
[2026-02-14 22:53:46]   Computing probabilities... 
[2026-02-14 23:16:19]   Computing pathways... 
[2026-02-14 23:16:22] 
[65/96] Processing: HC066 
[2026-02-14 23:16:27]   Cells: 9532 
[2026-02-14 23:16:27]   Creating CellChat object... 
[2026-02-14 23:16:28]     DB: Secreted Signaling 
[2026-02-14 23:16:28]     Parallel: multicore with 8 workers (Cells: 9532) 
[2026-02-14 23:16:41]   Computing probabilities... 
[2026-02-14 23:27:44]   Computing pathways... 
[2026-02-14 23:27:48] 
[66/96] Processing: HC068 
[2026-02-14 23:27:54]   Cells: 4766 
[2026-02-14 23:27:54]   Creating CellChat object... 
[2026-02-14 23:27:54]     DB: Secreted Signaling 
[2026-02-14 23:27:54]     Parallel: multicore with 4 workers (Cells: 4766) 
[2026-02-14 23:28:01]   Computing probabilities... 
[2026-02-14 23:46:23]   Computing pathways... 
[2026-02-14 23:46:26] 
[67/96] Processing: HC069 
[2026-02-14 23:46:31]   Cells: 3325 
[2026-02-14 23:46:31]   Creating CellChat object... 
[2026-02-14 23:46:31]     DB: Secreted Signaling 
[2026-02-14 23:46:31]     Parallel: multicore with 4 workers (Cells: 3325) 
[2026-02-14 23:46:38]   Computing probabilities... 
[2026-02-15 00:05:57]   Computing pathways... 
[2026-02-15 00:05:59] 
[68/96] Processing: HC070 
[2026-02-15 00:06:05]   Cells: 5208 
[2026-02-15 00:06:05]   Creating CellChat object... 
[2026-02-15 00:06:05]     DB: Secreted Signaling 
[2026-02-15 00:06:05]     Parallel: multicore with 8 workers (Cells: 5208) 
[2026-02-15 00:06:17]   Computing probabilities... 
[2026-02-15 00:25:23]   Computing pathways... 
[2026-02-15 00:25:26] 
[69/96] Processing: HC071 
[2026-02-15 00:25:31]   Cells: 4411 
[2026-02-15 00:25:31]   Creating CellChat object... 
[2026-02-15 00:25:31]     DB: Secreted Signaling 
[2026-02-15 00:25:31]     Parallel: multicore with 4 workers (Cells: 4411) 
[2026-02-15 00:25:38]   Computing probabilities... 
[2026-02-15 00:35:13]   Computing pathways... 
[2026-02-15 00:35:16] 
[70/96] Processing: HC072 
[2026-02-15 00:35:21]   Cells: 7404 
[2026-02-15 00:35:21]   Creating CellChat object... 
[2026-02-15 00:35:21]     DB: Secreted Signaling 
[2026-02-15 00:35:21]     Parallel: multicore with 8 workers (Cells: 7404) 
[2026-02-15 00:35:35]   Computing probabilities... 
[2026-02-15 00:43:14]   Computing pathways... 
[2026-02-15 00:43:18] 
[71/96] Processing: HC073 
[2026-02-15 00:43:23]   Cells: 6877 
[2026-02-15 00:43:23]   Creating CellChat object... 
[2026-02-15 00:43:23]     DB: Secreted Signaling 
[2026-02-15 00:43:23]     Parallel: multicore with 8 workers (Cells: 6877) 
[2026-02-15 00:43:36]   Computing probabilities... 
[2026-02-15 00:56:37]   Computing pathways... 
[2026-02-15 00:56:40] 
[72/96] Processing: HC074 
[2026-02-15 00:56:47]   Cells: 6418 
[2026-02-15 00:56:47]   Creating CellChat object... 
[2026-02-15 00:56:47]     DB: Secreted Signaling 
[2026-02-15 00:56:47]     Parallel: multicore with 8 workers (Cells: 6418) 
[2026-02-15 00:57:01]   Computing probabilities... 
[2026-02-15 01:10:04]   Computing pathways... 
[2026-02-15 01:10:07] 
[73/96] Processing: HC075 
[2026-02-15 01:10:12]   Cells: 7249 
[2026-02-15 01:10:12]   Creating CellChat object... 
[2026-02-15 01:10:13]     DB: Secreted Signaling 
[2026-02-15 01:10:13]     Parallel: multicore with 8 workers (Cells: 7249) 
[2026-02-15 01:10:26]   Computing probabilities... 
[2026-02-15 01:18:03]   Computing pathways... 
[2026-02-15 01:18:05] 
[74/96] Processing: HC076 
[2026-02-15 01:18:10]   Cells: 5628 
[2026-02-15 01:18:10]   Creating CellChat object... 
[2026-02-15 01:18:10]     DB: Secreted Signaling 
[2026-02-15 01:18:10]     Parallel: multicore with 8 workers (Cells: 5628) 
[2026-02-15 01:18:23]   Computing probabilities... 
[2026-02-15 01:29:09]   Computing pathways... 
[2026-02-15 01:29:12] 
[75/96] Processing: HC078 
[2026-02-15 01:29:17]   Cells: 5145 
[2026-02-15 01:29:17]   Creating CellChat object... 
[2026-02-15 01:29:17]     DB: Secreted Signaling 
[2026-02-15 01:29:17]     Parallel: multicore with 8 workers (Cells: 5145) 
[2026-02-15 01:29:30]   Computing probabilities... 
[2026-02-15 01:36:38]   Computing pathways... 
[2026-02-15 01:36:43] 
[76/96] Processing: HC079 
[2026-02-15 01:36:49]   Cells: 10116 
[2026-02-15 01:36:49]   Creating CellChat object... 
[2026-02-15 01:36:49]     DB: Secreted Signaling 
[2026-02-15 01:36:49]     Parallel: multicore with 8 workers (Cells: 10116) 
[2026-02-15 01:37:05]   Computing probabilities... 
[2026-02-15 01:43:55]   Computing pathways... 
[2026-02-15 01:43:58] 
[77/96] Processing: HC080 
[2026-02-15 01:44:07]   Cells: 3265 
[2026-02-15 01:44:07]   Creating CellChat object... 
[2026-02-15 01:44:07]     DB: Secreted Signaling 
[2026-02-15 01:44:07]     Parallel: multicore with 4 workers (Cells: 3265) 
[2026-02-15 01:44:14]   Computing probabilities... 
[2026-02-15 01:59:04]   Computing pathways... 
[2026-02-15 01:59:06] 
[78/96] Processing: HC081 
[2026-02-15 01:59:12]   Cells: 4734 
[2026-02-15 01:59:12]   Creating CellChat object... 
[2026-02-15 01:59:12]     DB: Secreted Signaling 
[2026-02-15 01:59:12]     Parallel: multicore with 4 workers (Cells: 4734) 
[2026-02-15 01:59:19]   Computing probabilities... 
[2026-02-15 02:33:52]   Computing pathways... 
[2026-02-15 02:33:54] 
[79/96] Processing: HC083 
[2026-02-15 02:34:00]   Cells: 3983 
[2026-02-15 02:34:00]   Creating CellChat object... 
[2026-02-15 02:34:00]     DB: Secreted Signaling 
[2026-02-15 02:34:00]     Parallel: multicore with 4 workers (Cells: 3983) 
[2026-02-15 02:34:07]   Computing probabilities... 
[2026-02-15 02:47:24]   Computing pathways... 
[2026-02-15 02:47:26] 
[80/96] Processing: HC085 
[2026-02-15 02:47:31]   Cells: 7438 
[2026-02-15 02:47:31]   Creating CellChat object... 
[2026-02-15 02:47:31]     DB: Secreted Signaling 
[2026-02-15 02:47:31]     Parallel: multicore with 8 workers (Cells: 7438) 
[2026-02-15 02:47:45]   Computing probabilities... 
[2026-02-15 02:55:17]   Computing pathways... 
[2026-02-15 02:55:20] 
[81/96] Processing: HC086 
[2026-02-15 02:55:25]   Cells: 4367 
[2026-02-15 02:55:25]   Creating CellChat object... 
[2026-02-15 02:55:25]     DB: Secreted Signaling 
[2026-02-15 02:55:25]     Parallel: multicore with 4 workers (Cells: 4367) 
[2026-02-15 02:55:32]   Computing probabilities... 
[2026-02-15 03:06:59]   Computing pathways... 
[2026-02-15 03:07:02] 
[82/96] Processing: HC089 
[2026-02-15 03:07:07]   Cells: 3850 
[2026-02-15 03:07:07]   Creating CellChat object... 
[2026-02-15 03:07:07]     DB: Secreted Signaling 
[2026-02-15 03:07:07]     Parallel: multicore with 4 workers (Cells: 3850) 
[2026-02-15 03:07:14]   Computing probabilities... 
[2026-02-15 03:27:12]   Computing pathways... 
[2026-02-15 03:27:15] 
[83/96] Processing: HC090 
[2026-02-15 03:27:20]   Cells: 6386 
[2026-02-15 03:27:20]   Creating CellChat object... 
[2026-02-15 03:27:20]     DB: Secreted Signaling 
[2026-02-15 03:27:20]     Parallel: multicore with 8 workers (Cells: 6386) 
[2026-02-15 03:27:33]   Computing probabilities... 
[2026-02-15 03:44:54]   Computing pathways... 
[2026-02-15 03:44:57] 
[84/96] Processing: HC091 
[2026-02-15 03:45:02]   Cells: 3523 
[2026-02-15 03:45:02]   Creating CellChat object... 
[2026-02-15 03:45:02]     DB: Secreted Signaling 
[2026-02-15 03:45:02]     Parallel: multicore with 4 workers (Cells: 3523) 
[2026-02-15 03:45:09]   Computing probabilities... 
[2026-02-15 04:07:09]   Computing pathways... 
[2026-02-15 04:07:11] 
[85/96] Processing: HC092 
[2026-02-15 04:07:17]   Cells: 4824 
[2026-02-15 04:07:17]   Creating CellChat object... 
[2026-02-15 04:07:18]     DB: Secreted Signaling 
[2026-02-15 04:07:18]     Parallel: multicore with 4 workers (Cells: 4824) 
[2026-02-15 04:07:26]   Computing probabilities... 
[2026-02-15 04:31:45]   Computing pathways... 
[2026-02-15 04:31:47] 
[86/96] Processing: HC093 
[2026-02-15 04:31:52]   Cells: 5602 
[2026-02-15 04:31:52]   Creating CellChat object... 
[2026-02-15 04:31:52]     DB: Secreted Signaling 
[2026-02-15 04:31:52]     Parallel: multicore with 8 workers (Cells: 5602) 
[2026-02-15 04:32:06]   Computing probabilities... 
[2026-02-15 04:46:21]   Computing pathways... 
[2026-02-15 04:46:24] 
[87/96] Processing: HC094 
[2026-02-15 04:46:29]   Cells: 4745 
[2026-02-15 04:46:29]   Creating CellChat object... 
[2026-02-15 04:46:29]     DB: Secreted Signaling 
[2026-02-15 04:46:30]     Parallel: multicore with 4 workers (Cells: 4745) 
[2026-02-15 04:46:37]   Computing probabilities... 
[2026-02-15 05:07:08]   Computing pathways... 
[2026-02-15 05:07:11] 
[88/96] Processing: HC095 
[2026-02-15 05:07:15]   Cells: 3523 
[2026-02-15 05:07:15]   Creating CellChat object... 
[2026-02-15 05:07:15]     DB: Secreted Signaling 
[2026-02-15 05:07:15]     Parallel: multicore with 4 workers (Cells: 3523) 
[2026-02-15 05:07:23]   Computing probabilities... 
[2026-02-15 05:33:12]   Computing pathways... 
[2026-02-15 05:33:14] 
[89/96] Processing: HC097 
[2026-02-15 05:33:19]   Cells: 4136 
[2026-02-15 05:33:19]   Creating CellChat object... 
[2026-02-15 05:33:19]     DB: Secreted Signaling 
[2026-02-15 05:33:19]     Parallel: multicore with 4 workers (Cells: 4136) 
[2026-02-15 05:33:27]   Computing probabilities... 
[2026-02-15 05:56:56]   Computing pathways... 
[2026-02-15 05:56:58] 
[90/96] Processing: HC098 
[2026-02-15 05:57:03]   Cells: 4231 
[2026-02-15 05:57:03]   Creating CellChat object... 
[2026-02-15 05:57:03]     DB: Secreted Signaling 
[2026-02-15 05:57:03]     Parallel: multicore with 4 workers (Cells: 4231) 
[2026-02-15 05:57:10]   Computing probabilities... 
[2026-02-15 06:13:26]   Computing pathways... 
[2026-02-15 06:13:28] 
[91/96] Processing: HC102 
[2026-02-15 06:13:34]   Cells: 4511 
[2026-02-15 06:13:34]   Creating CellChat object... 
[2026-02-15 06:13:34]     DB: Secreted Signaling 
[2026-02-15 06:13:34]     Parallel: multicore with 4 workers (Cells: 4511) 
[2026-02-15 06:13:42]   Computing probabilities... 
[2026-02-15 06:30:42]   Computing pathways... 
[2026-02-15 06:30:44] 
[92/96] Processing: HC103 
[2026-02-15 06:30:49]   Cells: 4389 
[2026-02-15 06:30:49]   Creating CellChat object... 
[2026-02-15 06:30:49]     DB: Secreted Signaling 
[2026-02-15 06:30:49]     Parallel: multicore with 4 workers (Cells: 4389) 
[2026-02-15 06:30:56]   Computing probabilities... 
[2026-02-15 06:42:13]   Computing pathways... 
[2026-02-15 06:42:17] 
[93/96] Processing: HC104 
[2026-02-15 06:42:21]   Cells: 4138 
[2026-02-15 06:42:21]   Creating CellChat object... 
[2026-02-15 06:42:21]     DB: Secreted Signaling 
[2026-02-15 06:42:21]     Parallel: multicore with 4 workers (Cells: 4138) 
[2026-02-15 06:42:29]   Computing probabilities... 
[2026-02-15 06:55:43]   Computing pathways... 
[2026-02-15 06:55:45] 
[94/96] Processing: HC105 
[2026-02-15 06:55:50]   Cells: 4444 
[2026-02-15 06:55:50]   Creating CellChat object... 
[2026-02-15 06:55:50]     DB: Secreted Signaling 
[2026-02-15 06:55:50]     Parallel: multicore with 4 workers (Cells: 4444) 
[2026-02-15 06:55:58]   Computing probabilities... 
[2026-02-15 07:17:18]   Computing pathways... 
[2026-02-15 07:17:20] 
[95/96] Processing: HC106 
[2026-02-15 07:17:27]   Cells: 5990 
[2026-02-15 07:17:27]   Creating CellChat object... 
[2026-02-15 07:17:27]     DB: Secreted Signaling 
[2026-02-15 07:17:27]     Parallel: multicore with 8 workers (Cells: 5990) 
[2026-02-15 07:17:41]   Computing probabilities... 
[2026-02-15 07:27:35]   Computing pathways... 
[2026-02-15 07:27:38] 
[96/96] Processing: HC107 
[2026-02-15 07:27:43]   Cells: 4992 
[2026-02-15 07:27:43]   Creating CellChat object... 
[2026-02-15 07:27:43]     DB: Secreted Signaling 
[2026-02-15 07:27:43]     Parallel: multicore with 4 workers (Cells: 4992) 
[2026-02-15 07:27:50]   Computing probabilities... 
[2026-02-15 07:42:12]   Computing pathways... 
[2026-02-15 07:42:14] 
Completed 96/96 samples 
[2026-02-15 07:42:14] 
=== Aggregating by condition (mergeCellChat) === 
[2026-02-15 07:42:14]   M: Merging 39 samples 
[2026-02-15 07:43:00]     Saved: /data/user3/sobj/hc_only_v1/cellchat/sex_v1/merged/M/cellchat_merged.qs 
[2026-02-15 07:43:00]   F: Merging 57 samples 
[2026-02-15 07:44:05]     Saved: /data/user3/sobj/hc_only_v1/cellchat/sex_v1/merged/F/cellchat_merged.qs 
[2026-02-15 07:44:05] 
=== Aggregation Complete === 
