[2026-02-25 13:18:13] === CellChat Analysis (Proper Aggregation Method) === 
[2026-02-25 13:18:13] Run: run2 
[2026-02-25 13:18:13] Loading Seurat object from: /data/user3/sobj/stroke_hc_v8_2/5_1_hc_is_v2.qs 
[2026-02-25 13:18:53] Output directory: /data/user3/sobj/stroke_hc_v8_2/cci_v2/cellchat/L1_cohort_anno2 
[2026-02-25 13:18:53] split.by: patient_name (56 samples) 
[2026-02-25 13:18:53] aggregate.by: cohort 
[2026-02-25 13:18:53] Conditions: Stroke, HC 
[2026-02-25 13:18:53] This is the PROPER method (like pseudobulk DEG analysis) 
[2026-02-25 13:18:53] Analyzing 56 samples independently... 
[2026-02-25 13:18:53] 
[1/56] Processing: 13097877 
[2026-02-25 13:18:55]   Cells: 1310 
[2026-02-25 13:18:55]   Creating CellChat object... 
[2026-02-25 13:18:55]     DB: Secreted Signaling 
[2026-02-25 13:18:55]     Parallel: multicore with 4 workers (Cells: 1310) 
[2026-02-25 13:19:00]   Computing probabilities... 
[2026-02-25 13:22:08]   Computing pathways... 
[2026-02-25 13:22:08] 
[2/56] Processing: 20260851 
[2026-02-25 13:22:10]   Cells: 1350 
[2026-02-25 13:22:10]   Creating CellChat object... 
[2026-02-25 13:22:10]     DB: Secreted Signaling 
[2026-02-25 13:22:10]     Parallel: multicore with 4 workers (Cells: 1350) 
[2026-02-25 13:22:14]   Computing probabilities... 
[2026-02-25 13:23:55]   Computing pathways... 
[2026-02-25 13:23:56] 
[3/56] Processing: 38860238 
[2026-02-25 13:23:57]   Cells: 1227 
[2026-02-25 13:23:57]   Creating CellChat object... 
[2026-02-25 13:23:57]     DB: Secreted Signaling 
[2026-02-25 13:23:57]     Parallel: multicore with 4 workers (Cells: 1227) 
[2026-02-25 13:24:02]   Computing probabilities... 
[2026-02-25 13:25:43]   Computing pathways... 
[2026-02-25 13:25:44] 
[4/56] Processing: 37574673 
[2026-02-25 13:25:46]   Cells: 3700 
[2026-02-25 13:25:46]   Creating CellChat object... 
[2026-02-25 13:25:46]     DB: Secreted Signaling 
[2026-02-25 13:25:46]     Parallel: multicore with 4 workers (Cells: 3700) 
[2026-02-25 13:25:51]   Computing probabilities... 
[2026-02-25 13:27:38]   Computing pathways... 
[2026-02-25 13:27:39] 
[5/56] Processing: 32702202 
[2026-02-25 13:27:41]   Cells: 6990 
[2026-02-25 13:27:41]   Creating CellChat object... 
[2026-02-25 13:27:41]     DB: Secreted Signaling 
[2026-02-25 13:27:41]     Parallel: multicore with 4 workers (Cells: 6990) 
[2026-02-25 13:27:47]   Computing probabilities... 
[2026-02-25 13:29:44]   Computing pathways... 
[2026-02-25 13:29:46] 
[6/56] Processing: 37534226 
[2026-02-25 13:29:48]   Cells: 3590 
[2026-02-25 13:29:48]   Creating CellChat object... 
[2026-02-25 13:29:48]     DB: Secreted Signaling 
[2026-02-25 13:29:48]     Parallel: multicore with 4 workers (Cells: 3590) 
[2026-02-25 13:29:53]   Computing probabilities... 
[2026-02-25 13:31:45]   Computing pathways... 
[2026-02-25 13:31:46] 
[7/56] Processing: 37776657 
[2026-02-25 13:31:47]   Cells: 1056 
[2026-02-25 13:31:47]   Creating CellChat object... 
[2026-02-25 13:31:47]     DB: Secreted Signaling 
[2026-02-25 13:31:47]     Parallel: multicore with 4 workers (Cells: 1056) 
[2026-02-25 13:31:52]   Computing probabilities... 
[2026-02-25 13:33:38]   Computing pathways... 
[2026-02-25 13:33:38] 
[8/56] Processing: 37701615 
[2026-02-25 13:33:40]   Cells: 1033 
[2026-02-25 13:33:40]   Creating CellChat object... 
[2026-02-25 13:33:40]     DB: Secreted Signaling 
[2026-02-25 13:33:40]     Parallel: multicore with 4 workers (Cells: 1033) 
[2026-02-25 13:33:45]   Computing probabilities... 
[2026-02-25 13:35:31]   Computing pathways... 
[2026-02-25 13:35:31] 
[9/56] Processing: 35192859 
[2026-02-25 13:35:33]   Cells: 1227 
[2026-02-25 13:35:33]   Creating CellChat object... 
[2026-02-25 13:35:33]     DB: Secreted Signaling 
[2026-02-25 13:35:33]     Parallel: multicore with 4 workers (Cells: 1227) 
[2026-02-25 13:35:38]   Computing probabilities... 
[2026-02-25 13:37:24]   Computing pathways... 
[2026-02-25 13:37:24] 
[10/56] Processing: 37815141 
[2026-02-25 13:37:26]   Cells: 891 
[2026-02-25 13:37:26]   Creating CellChat object... 
[2026-02-25 13:37:26]     DB: Secreted Signaling 
[2026-02-25 13:37:26]     Parallel: OFF (Too few cells: 891) 
[2026-02-25 13:37:26]   Computing probabilities... 
[2026-02-25 13:37:58]   Computing pathways... 
[2026-02-25 13:37:58] 
[11/56] Processing: 30922512 
[2026-02-25 13:38:00]   Cells: 1072 
[2026-02-25 13:38:00]   Creating CellChat object... 
[2026-02-25 13:38:00]     DB: Secreted Signaling 
[2026-02-25 13:38:00]     Parallel: multicore with 4 workers (Cells: 1072) 
[2026-02-25 13:38:05]   Computing probabilities... 
[2026-02-25 13:39:48]   Computing pathways... 
[2026-02-25 13:39:48] 
[12/56] Processing: 38763490 
[2026-02-25 13:39:50]   Cells: 1843 
[2026-02-25 13:39:50]   Creating CellChat object... 
[2026-02-25 13:39:50]     DB: Secreted Signaling 
[2026-02-25 13:39:50]     Parallel: multicore with 4 workers (Cells: 1843) 
[2026-02-25 13:39:55]   Computing probabilities... 
[2026-02-25 13:44:32]   Computing pathways... 
[2026-02-25 13:44:32] 
[13/56] Processing: 25510753 
[2026-02-25 13:44:34]   Cells: 1398 
[2026-02-25 13:44:34]   Creating CellChat object... 
[2026-02-25 13:44:34]     DB: Secreted Signaling 
[2026-02-25 13:44:34]     Parallel: multicore with 4 workers (Cells: 1398) 
[2026-02-25 13:44:39]   Computing probabilities... 
[2026-02-25 13:47:07]   Computing pathways... 
[2026-02-25 13:47:08] 
[14/56] Processing: 38865442 
[2026-02-25 13:47:09]   Cells: 967 
[2026-02-25 13:47:09]   Creating CellChat object... 
[2026-02-25 13:47:09]     DB: Secreted Signaling 
[2026-02-25 13:47:09]     Parallel: OFF (Too few cells: 967) 
[2026-02-25 13:47:10]   Computing probabilities... 
[2026-02-25 13:47:45]   Computing pathways... 
[2026-02-25 13:47:46] 
[15/56] Processing: 35618421 
[2026-02-25 13:47:48]   Cells: 1521 
[2026-02-25 13:47:48]   Creating CellChat object... 
[2026-02-25 13:47:48]     DB: Secreted Signaling 
[2026-02-25 13:47:48]     Parallel: multicore with 4 workers (Cells: 1521) 
[2026-02-25 13:47:53]   Computing probabilities... 
[2026-02-25 13:51:51]   Computing pathways... 
[2026-02-25 13:51:51] 
[16/56] Processing: 35969251 
[2026-02-25 13:51:53]   Cells: 1201 
[2026-02-25 13:51:53]   Creating CellChat object... 
[2026-02-25 13:51:53]     DB: Secreted Signaling 
[2026-02-25 13:51:53]     Parallel: multicore with 4 workers (Cells: 1201) 
[2026-02-25 13:51:58]   Computing probabilities... 
[2026-02-25 13:53:45]   Computing pathways... 
[2026-02-25 13:53:45] 
[17/56] Processing: 38282636 
[2026-02-25 13:53:47]   Cells: 836 
[2026-02-25 13:53:47]   Creating CellChat object... 
[2026-02-25 13:53:47]     DB: Secreted Signaling 
[2026-02-25 13:53:47]     Parallel: OFF (Too few cells: 836) 
[2026-02-25 13:53:47]   Computing probabilities... 
[2026-02-25 13:54:24]   Computing pathways... 
[2026-02-25 13:54:25] 
[18/56] Processing: 33020073 
[2026-02-25 13:54:27]   Cells: 1342 
[2026-02-25 13:54:27]   Creating CellChat object... 
[2026-02-25 13:54:27]     DB: Secreted Signaling 
[2026-02-25 13:54:27]     Parallel: multicore with 4 workers (Cells: 1342) 
[2026-02-25 13:54:31]   Computing probabilities... 
[2026-02-25 13:56:17]   Computing pathways... 
[2026-02-25 13:56:17] 
[19/56] Processing: 38327414 
[2026-02-25 13:56:19]   Cells: 1290 
[2026-02-25 13:56:19]   Creating CellChat object... 
[2026-02-25 13:56:19]     DB: Secreted Signaling 
[2026-02-25 13:56:19]     Parallel: multicore with 4 workers (Cells: 1290) 
[2026-02-25 13:56:24]   Computing probabilities... 
[2026-02-25 13:58:08]   Computing pathways... 
[2026-02-25 13:58:09] 
[20/56] Processing: 38153567 
[2026-02-25 13:58:10]   Cells: 1392 
[2026-02-25 13:58:10]   Creating CellChat object... 
[2026-02-25 13:58:10]     DB: Secreted Signaling 
[2026-02-25 13:58:10]     Parallel: multicore with 4 workers (Cells: 1392) 
[2026-02-25 13:58:15]   Computing probabilities... 
[2026-02-25 14:00:01]   Computing pathways... 
[2026-02-25 14:00:01] 
[21/56] Processing: 38098095 
[2026-02-25 14:00:03]   Cells: 1610 
[2026-02-25 14:00:03]   Creating CellChat object... 
[2026-02-25 14:00:03]     DB: Secreted Signaling 
[2026-02-25 14:00:03]     Parallel: multicore with 4 workers (Cells: 1610) 
[2026-02-25 14:00:08]   Computing probabilities... 
[2026-02-25 14:01:52]   Computing pathways... 
[2026-02-25 14:01:52] 
[22/56] Processing: 10956946 
[2026-02-25 14:01:54]   Cells: 1263 
[2026-02-25 14:01:54]   Creating CellChat object... 
[2026-02-25 14:01:54]     DB: Secreted Signaling 
[2026-02-25 14:01:54]     Parallel: multicore with 4 workers (Cells: 1263) 
[2026-02-25 14:01:59]   Computing probabilities... 
[2026-02-25 14:04:28]   Computing pathways... 
[2026-02-25 14:04:29] 
[23/56] Processing: 18400517 
[2026-02-25 14:04:30]   Cells: 641 
[2026-02-25 14:04:30]   Creating CellChat object... 
[2026-02-25 14:04:30]     DB: Secreted Signaling 
[2026-02-25 14:04:30]     Parallel: OFF (Too few cells: 641) 
[2026-02-25 14:04:31]   Computing probabilities... 
[2026-02-25 14:05:01]   Computing pathways... 
[2026-02-25 14:05:01] 
[24/56] Processing: 38865194 
[2026-02-25 14:05:03]   Cells: 1173 
[2026-02-25 14:05:03]   Creating CellChat object... 
[2026-02-25 14:05:03]     DB: Secreted Signaling 
[2026-02-25 14:05:03]     Parallel: multicore with 4 workers (Cells: 1173) 
[2026-02-25 14:05:08]   Computing probabilities... 
[2026-02-25 14:08:23]   Computing pathways... 
[2026-02-25 14:08:24] 
[25/56] Processing: 38557075 
[2026-02-25 14:08:25]   Cells: 1354 
[2026-02-25 14:08:25]   Creating CellChat object... 
[2026-02-25 14:08:25]     DB: Secreted Signaling 
[2026-02-25 14:08:25]     Parallel: multicore with 4 workers (Cells: 1354) 
[2026-02-25 14:08:30]   Computing probabilities... 
[2026-02-25 14:10:16]   Computing pathways... 
[2026-02-25 14:10:16] 
[26/56] Processing: 38368105 
[2026-02-25 14:10:20]   Cells: 1521 
[2026-02-25 14:10:20]   Creating CellChat object... 
[2026-02-25 14:10:20]     DB: Secreted Signaling 
[2026-02-25 14:10:20]     Parallel: multicore with 4 workers (Cells: 1521) 
[2026-02-25 14:10:25]   Computing probabilities... 
[2026-02-25 14:12:08]   Computing pathways... 
[2026-02-25 14:12:09] 
[27/56] Processing: 13762164 
[2026-02-25 14:12:11]   Cells: 1494 
[2026-02-25 14:12:11]   Creating CellChat object... 
[2026-02-25 14:12:11]     DB: Secreted Signaling 
[2026-02-25 14:12:11]     Parallel: multicore with 4 workers (Cells: 1494) 
[2026-02-25 14:12:16]   Computing probabilities... 
[2026-02-25 14:13:59]   Computing pathways... 
[2026-02-25 14:14:00] 
[28/56] Processing: 13854645 
[2026-02-25 14:14:01]   Cells: 1571 
[2026-02-25 14:14:01]   Creating CellChat object... 
[2026-02-25 14:14:01]     DB: Secreted Signaling 
[2026-02-25 14:14:01]     Parallel: multicore with 4 workers (Cells: 1571) 
[2026-02-25 14:14:06]   Computing probabilities... 
[2026-02-25 14:17:20]   Computing pathways... 
[2026-02-25 14:17:20] 
[29/56] Processing: 38962949 
[2026-02-25 14:17:22]   Cells: 1410 
[2026-02-25 14:17:22]   Creating CellChat object... 
[2026-02-25 14:17:22]     DB: Secreted Signaling 
[2026-02-25 14:17:22]     Parallel: multicore with 4 workers (Cells: 1410) 
[2026-02-25 14:17:27]   Computing probabilities... 
[2026-02-25 14:19:13]   Computing pathways... 
[2026-02-25 14:19:13] 
[30/56] Processing: 10672798 
[2026-02-25 14:19:15]   Cells: 679 
[2026-02-25 14:19:15]   Creating CellChat object... 
[2026-02-25 14:19:15]     DB: Secreted Signaling 
[2026-02-25 14:19:15]     Parallel: OFF (Too few cells: 679) 
[2026-02-25 14:19:15]   Computing probabilities... 
[2026-02-25 14:19:50]   Computing pathways... 
[2026-02-25 14:19:50] 
[31/56] Processing: 38956526 
[2026-02-25 14:19:52]   Cells: 1578 
[2026-02-25 14:19:52]   Creating CellChat object... 
[2026-02-25 14:19:52]     DB: Secreted Signaling 
[2026-02-25 14:19:52]     Parallel: multicore with 4 workers (Cells: 1578) 
[2026-02-25 14:19:57]   Computing probabilities... 
[2026-02-25 14:21:44]   Computing pathways... 
[2026-02-25 14:21:45] 
[32/56] Processing: 38011461 
[2026-02-25 14:21:47]   Cells: 1501 
[2026-02-25 14:21:47]   Creating CellChat object... 
[2026-02-25 14:21:47]     DB: Secreted Signaling 
[2026-02-25 14:21:47]     Parallel: multicore with 4 workers (Cells: 1501) 
[2026-02-25 14:21:52]   Computing probabilities... 
[2026-02-25 14:24:19]   Computing pathways... 
[2026-02-25 14:24:20] 
[33/56] Processing: 38944213 
[2026-02-25 14:24:21]   Cells: 1190 
[2026-02-25 14:24:21]   Creating CellChat object... 
[2026-02-25 14:24:21]     DB: Secreted Signaling 
[2026-02-25 14:24:21]     Parallel: multicore with 4 workers (Cells: 1190) 
[2026-02-25 14:24:26]   Computing probabilities... 
[2026-02-25 14:26:13]   Computing pathways... 
[2026-02-25 14:26:13] 
[34/56] Processing: 38942387 
[2026-02-25 14:26:15]   Cells: 1711 
[2026-02-25 14:26:15]   Creating CellChat object... 
[2026-02-25 14:26:15]     DB: Secreted Signaling 
[2026-02-25 14:26:15]     Parallel: multicore with 4 workers (Cells: 1711) 
[2026-02-25 14:26:20]   Computing probabilities... 
[2026-02-25 14:32:29]   Computing pathways... 
[2026-02-25 14:32:29] 
[35/56] Processing: 38787667 
[2026-02-25 14:32:31]   Cells: 1154 
[2026-02-25 14:32:31]   Creating CellChat object... 
[2026-02-25 14:32:31]     DB: Secreted Signaling 
[2026-02-25 14:32:31]     Parallel: multicore with 4 workers (Cells: 1154) 
[2026-02-25 14:32:36]   Computing probabilities... 
[2026-02-25 14:34:22]   Computing pathways... 
[2026-02-25 14:34:22] 
[36/56] Processing: 37136879 
[2026-02-25 14:34:25]   Cells: 3111 
[2026-02-25 14:34:25]   Creating CellChat object... 
[2026-02-25 14:34:25]     DB: Secreted Signaling 
[2026-02-25 14:34:25]     Parallel: multicore with 4 workers (Cells: 3111) 
[2026-02-25 14:34:30]   Computing probabilities... 
[2026-02-25 14:37:02]   Computing pathways... 
[2026-02-25 14:37:03] 
[37/56] Processing: h58091733 
[2026-02-25 14:37:05]   Cells: 1865 
[2026-02-25 14:37:05]   Creating CellChat object... 
[2026-02-25 14:37:05]     DB: Secreted Signaling 
[2026-02-25 14:37:05]     Parallel: multicore with 4 workers (Cells: 1865) 
[2026-02-25 14:37:10]   Computing probabilities... 
[2026-02-25 14:41:51]   Computing pathways... 
[2026-02-25 14:41:51] 
[38/56] Processing: h38776566 
[2026-02-25 14:41:53]   Cells: 1799 
[2026-02-25 14:41:53]   Creating CellChat object... 
[2026-02-25 14:41:53]     DB: Secreted Signaling 
[2026-02-25 14:41:53]     Parallel: multicore with 4 workers (Cells: 1799) 
[2026-02-25 14:41:58]   Computing probabilities... 
[2026-02-25 14:44:27]   Computing pathways... 
[2026-02-25 14:44:27] 
[39/56] Processing: h46208204 
[2026-02-25 14:44:29]   Cells: 1464 
[2026-02-25 14:44:29]   Creating CellChat object... 
[2026-02-25 14:44:29]     DB: Secreted Signaling 
[2026-02-25 14:44:29]     Parallel: multicore with 4 workers (Cells: 1464) 
[2026-02-25 14:44:34]   Computing probabilities... 
[2026-02-25 14:47:03]   Computing pathways... 
[2026-02-25 14:47:04] 
[40/56] Processing: h41679940 
[2026-02-25 14:47:06]   Cells: 1661 
[2026-02-25 14:47:06]   Creating CellChat object... 
[2026-02-25 14:47:06]     DB: Secreted Signaling 
[2026-02-25 14:47:06]     Parallel: multicore with 4 workers (Cells: 1661) 
[2026-02-25 14:47:11]   Computing probabilities... 
[2026-02-25 14:48:58]   Computing pathways... 
[2026-02-25 14:48:59] 
[41/56] Processing: h42518404 
[2026-02-25 14:49:01]   Cells: 3970 
[2026-02-25 14:49:01]   Creating CellChat object... 
[2026-02-25 14:49:01]     DB: Secreted Signaling 
[2026-02-25 14:49:01]     Parallel: multicore with 4 workers (Cells: 3970) 
[2026-02-25 14:49:07]   Computing probabilities... 
[2026-02-25 14:53:58]   Computing pathways... 
[2026-02-25 14:53:59] 
[42/56] Processing: h31113126 
[2026-02-25 14:54:02]   Cells: 3544 
[2026-02-25 14:54:02]   Creating CellChat object... 
[2026-02-25 14:54:02]     DB: Secreted Signaling 
[2026-02-25 14:54:02]     Parallel: multicore with 4 workers (Cells: 3544) 
[2026-02-25 14:54:07]   Computing probabilities... 
[2026-02-25 14:59:00]   Computing pathways... 
[2026-02-25 14:59:01] 
[43/56] Processing: h19457220 
[2026-02-25 14:59:04]   Cells: 5956 
[2026-02-25 14:59:04]   Creating CellChat object... 
[2026-02-25 14:59:04]     DB: Secreted Signaling 
[2026-02-25 14:59:04]     Parallel: multicore with 4 workers (Cells: 5956) 
[2026-02-25 14:59:10]   Computing probabilities... 
[2026-02-25 15:04:57]   Computing pathways... 
[2026-02-25 15:04:58] 
[44/56] Processing: h19877398 
[2026-02-25 15:05:00]   Cells: 3267 
[2026-02-25 15:05:00]   Creating CellChat object... 
[2026-02-25 15:05:00]     DB: Secreted Signaling 
[2026-02-25 15:05:00]     Parallel: multicore with 4 workers (Cells: 3267) 
[2026-02-25 15:05:06]   Computing probabilities... 
[2026-02-25 15:07:48]   Computing pathways... 
[2026-02-25 15:07:49] 
[45/56] Processing: h23017359 
[2026-02-25 15:07:51]   Cells: 4392 
[2026-02-25 15:07:51]   Creating CellChat object... 
[2026-02-25 15:07:51]     DB: Secreted Signaling 
[2026-02-25 15:07:51]     Parallel: multicore with 4 workers (Cells: 4392) 
[2026-02-25 15:07:57]   Computing probabilities... 
[2026-02-25 15:12:18]   Computing pathways... 
[2026-02-25 15:12:19] 
[46/56] Processing: h21321564 
[2026-02-25 15:12:21]   Cells: 5143 
[2026-02-25 15:12:21]   Creating CellChat object... 
[2026-02-25 15:12:22]     DB: Secreted Signaling 
[2026-02-25 15:12:22]     Parallel: multicore with 4 workers (Cells: 5143) 
[2026-02-25 15:12:27]   Computing probabilities... 
[2026-02-25 15:16:33]   Computing pathways... 
[2026-02-25 15:16:34] 
[47/56] Processing: h28538666 
[2026-02-25 15:16:36]   Cells: 4275 
[2026-02-25 15:16:36]   Creating CellChat object... 
[2026-02-25 15:16:36]     DB: Secreted Signaling 
[2026-02-25 15:16:37]     Parallel: multicore with 4 workers (Cells: 4275) 
[2026-02-25 15:16:42]   Computing probabilities... 
[2026-02-25 15:20:48]   Computing pathways... 
[2026-02-25 15:20:50] 
[48/56] Processing: h32918540 
[2026-02-25 15:20:52]   Cells: 3268 
[2026-02-25 15:20:52]   Creating CellChat object... 
[2026-02-25 15:20:52]     DB: Secreted Signaling 
[2026-02-25 15:20:52]     Parallel: multicore with 4 workers (Cells: 3268) 
[2026-02-25 15:20:58]   Computing probabilities... 
[2026-02-25 15:25:05]   Computing pathways... 
[2026-02-25 15:25:06] 
[49/56] Processing: h25318577 
[2026-02-25 15:25:08]   Cells: 3654 
[2026-02-25 15:25:08]   Creating CellChat object... 
[2026-02-25 15:25:08]     DB: Secreted Signaling 
[2026-02-25 15:25:08]     Parallel: multicore with 4 workers (Cells: 3654) 
[2026-02-25 15:25:14]   Computing probabilities... 
[2026-02-25 15:31:43]   Computing pathways... 
[2026-02-25 15:31:44] 
[50/56] Processing: h33627537 
[2026-02-25 15:31:46]   Cells: 3569 
[2026-02-25 15:31:46]   Creating CellChat object... 
[2026-02-25 15:31:46]     DB: Secreted Signaling 
[2026-02-25 15:31:46]     Parallel: multicore with 4 workers (Cells: 3569) 
[2026-02-25 15:31:52]   Computing probabilities... 
[2026-02-25 15:38:21]   Computing pathways... 
[2026-02-25 15:38:22] 
[51/56] Processing: h46470287 
[2026-02-25 15:38:24]   Cells: 4031 
[2026-02-25 15:38:24]   Creating CellChat object... 
[2026-02-25 15:38:24]     DB: Secreted Signaling 
[2026-02-25 15:38:24]     Parallel: multicore with 4 workers (Cells: 4031) 
[2026-02-25 15:38:30]   Computing probabilities... 
[2026-02-25 15:45:49]   Computing pathways... 
[2026-02-25 15:45:50] 
[52/56] Processing: h56556708 
[2026-02-25 15:45:53]   Cells: 3821 
[2026-02-25 15:45:53]   Creating CellChat object... 
[2026-02-25 15:45:53]     DB: Secreted Signaling 
[2026-02-25 15:45:53]     Parallel: multicore with 4 workers (Cells: 3821) 
[2026-02-25 15:45:58]   Computing probabilities... 
[2026-02-25 15:51:06]   Computing pathways... 
[2026-02-25 15:51:07] 
[53/56] Processing: h36954098 
[2026-02-25 15:51:09]   Cells: 3742 
[2026-02-25 15:51:09]   Creating CellChat object... 
[2026-02-25 15:51:09]     DB: Secreted Signaling 
[2026-02-25 15:51:09]     Parallel: multicore with 4 workers (Cells: 3742) 
[2026-02-25 15:51:15]   Computing probabilities... 
[2026-02-25 15:55:20]   Computing pathways... 
[2026-02-25 15:55:21] 
[54/56] Processing: h28383316 
[2026-02-25 15:55:23]   Cells: 4017 
[2026-02-25 15:55:23]   Creating CellChat object... 
[2026-02-25 15:55:23]     DB: Secreted Signaling 
[2026-02-25 15:55:23]     Parallel: multicore with 4 workers (Cells: 4017) 
[2026-02-25 15:55:29]   Computing probabilities... 
[2026-02-25 15:59:37]   Computing pathways... 
[2026-02-25 15:59:38] 
[55/56] Processing: h20814467 
[2026-02-25 15:59:41]   Cells: 5428 
[2026-02-25 15:59:41]   Creating CellChat object... 
[2026-02-25 15:59:41]     DB: Secreted Signaling 
[2026-02-25 15:59:41]     Parallel: multicore with 4 workers (Cells: 5428) 
[2026-02-25 15:59:47]   Computing probabilities... 
[2026-02-25 16:03:14]   Computing pathways... 
[2026-02-25 16:03:16] 
[56/56] Processing: h50596140 
[2026-02-25 16:03:18]   Cells: 4489 
[2026-02-25 16:03:18]   Creating CellChat object... 
[2026-02-25 16:03:18]     DB: Secreted Signaling 
[2026-02-25 16:03:18]     Parallel: multicore with 4 workers (Cells: 4489) 
[2026-02-25 16:03:24]   Computing probabilities... 
[2026-02-25 16:06:07]   Computing pathways... 
[2026-02-25 16:06:08] 
Completed 56/56 samples 
[2026-02-25 16:06:08] 
=== Aggregating by condition (mergeCellChat) === 
[2026-02-25 16:06:08]   Stroke: Merging 36 samples 
[2026-02-25 16:06:20]     Saved: /data/user3/sobj/stroke_hc_v8_2/cci_v2/cellchat/L1_cohort_anno2/merged/Stroke/cellchat_merged.qs 
[2026-02-25 16:06:20]   HC: Merging 20 samples 
[2026-02-25 16:06:28]     Saved: /data/user3/sobj/stroke_hc_v8_2/cci_v2/cellchat/L1_cohort_anno2/merged/HC/cellchat_merged.qs 
[2026-02-25 16:06:28] 
=== Aggregation Complete === 
